Using CPU...
start to create emb, minimally need ~3.814697265625 G memory 
may actually use more memory depends on memory allocator like tcmalloc/jemalloc
current mem usage: 0.28067779541015625 G
Create Embedding: 500000
Create Embedding: 500000
Create Embedding: 500000
Create Embedding: 500000
Create Embedding: 500000
Create Embedding: 500000
Create Embedding: 500000
Create Embedding: 500000
Create Embedding: 500000
Create Embedding: 500000
Create Embedding: 500000
Create Embedding: 500000
Create Embedding: 500000
Create Embedding: 500000
Create Embedding: 500000
Create Embedding: 500000
Create Embedding: 500000
Create Embedding: 500000
Create Embedding: 500000
Create Embedding: 500000
Create Embedding: 500000
Create Embedding: 500000
Create Embedding: 500000
Create Embedding: 500000
Create Embedding: 500000
Create Embedding: 500000
Create Embedding: 500000
Create Embedding: 500000
Create Embedding: 500000
Create Embedding: 500000
Create Embedding: 500000
Create Embedding: 500000
create emb done, current mem usage: 4.097938537597656 G
time/loss/accuracy (if enabled):
Initialize for not inference only done, current mem usage: 4.097938537597656 G
Testing for inference only
dataset prod,/root/nfs/isca23_dlrm/reproduce_isca23_cpu_DLRM_inference/datasets/reuse_low/table_500K.txt,500000
dataset prod,/root/nfs/isca23_dlrm/reproduce_isca23_cpu_DLRM_inference/datasets/reuse_low/table_500K.txt,500000
dataset prod,/root/nfs/isca23_dlrm/reproduce_isca23_cpu_DLRM_inference/datasets/reuse_low/table_500K.txt,500000
dataset prod,/root/nfs/isca23_dlrm/reproduce_isca23_cpu_DLRM_inference/datasets/reuse_low/table_500K.txt,500000
dataset prod,/root/nfs/isca23_dlrm/reproduce_isca23_cpu_DLRM_inference/datasets/reuse_low/table_500K.txt,500000
dataset prod,/root/nfs/isca23_dlrm/reproduce_isca23_cpu_DLRM_inference/datasets/reuse_low/table_500K.txt,500000
dataset prod,/root/nfs/isca23_dlrm/reproduce_isca23_cpu_DLRM_inference/datasets/reuse_low/table_500K.txt,500000
dataset prod,/root/nfs/isca23_dlrm/reproduce_isca23_cpu_DLRM_inference/datasets/reuse_low/table_500K.txt,500000
dataset prod,/root/nfs/isca23_dlrm/reproduce_isca23_cpu_DLRM_inference/datasets/reuse_low/table_500K.txt,500000
dataset prod,/root/nfs/isca23_dlrm/reproduce_isca23_cpu_DLRM_inference/datasets/reuse_low/table_500K.txt,500000
dataset prod,/root/nfs/isca23_dlrm/reproduce_isca23_cpu_DLRM_inference/datasets/reuse_low/table_500K.txt,500000
dataset prod,/root/nfs/isca23_dlrm/reproduce_isca23_cpu_DLRM_inference/datasets/reuse_low/table_500K.txt,500000
dataset prod,/root/nfs/isca23_dlrm/reproduce_isca23_cpu_DLRM_inference/datasets/reuse_low/table_500K.txt,500000
dataset prod,/root/nfs/isca23_dlrm/reproduce_isca23_cpu_DLRM_inference/datasets/reuse_low/table_500K.txt,500000
dataset prod,/root/nfs/isca23_dlrm/reproduce_isca23_cpu_DLRM_inference/datasets/reuse_low/table_500K.txt,500000
dataset prod,/root/nfs/isca23_dlrm/reproduce_isca23_cpu_DLRM_inference/datasets/reuse_low/table_500K.txt,500000
dataset prod,/root/nfs/isca23_dlrm/reproduce_isca23_cpu_DLRM_inference/datasets/reuse_low/table_500K.txt,500000
dataset prod,/root/nfs/isca23_dlrm/reproduce_isca23_cpu_DLRM_inference/datasets/reuse_low/table_500K.txt,500000
dataset prod,/root/nfs/isca23_dlrm/reproduce_isca23_cpu_DLRM_inference/datasets/reuse_low/table_500K.txt,500000
dataset prod,/root/nfs/isca23_dlrm/reproduce_isca23_cpu_DLRM_inference/datasets/reuse_low/table_500K.txt,500000
dataset prod,/root/nfs/isca23_dlrm/reproduce_isca23_cpu_DLRM_inference/datasets/reuse_low/table_500K.txt,500000
dataset prod,/root/nfs/isca23_dlrm/reproduce_isca23_cpu_DLRM_inference/datasets/reuse_low/table_500K.txt,500000
dataset prod,/root/nfs/isca23_dlrm/reproduce_isca23_cpu_DLRM_inference/datasets/reuse_low/table_500K.txt,500000
dataset prod,/root/nfs/isca23_dlrm/reproduce_isca23_cpu_DLRM_inference/datasets/reuse_low/table_500K.txt,500000
dataset prod,/root/nfs/isca23_dlrm/reproduce_isca23_cpu_DLRM_inference/datasets/reuse_low/table_500K.txt,500000
dataset prod,/root/nfs/isca23_dlrm/reproduce_isca23_cpu_DLRM_inference/datasets/reuse_low/table_500K.txt,500000
dataset prod,/root/nfs/isca23_dlrm/reproduce_isca23_cpu_DLRM_inference/datasets/reuse_low/table_500K.txt,500000
dataset prod,/root/nfs/isca23_dlrm/reproduce_isca23_cpu_DLRM_inference/datasets/reuse_low/table_500K.txt,500000
dataset prod,/root/nfs/isca23_dlrm/reproduce_isca23_cpu_DLRM_inference/datasets/reuse_low/table_500K.txt,500000
dataset prod,/root/nfs/isca23_dlrm/reproduce_isca23_cpu_DLRM_inference/datasets/reuse_low/table_500K.txt,500000
dataset prod,/root/nfs/isca23_dlrm/reproduce_isca23_cpu_DLRM_inference/datasets/reuse_low/table_500K.txt,500000
dataset prod,/root/nfs/isca23_dlrm/reproduce_isca23_cpu_DLRM_inference/datasets/reuse_low/table_500K.txt,500000
dataset prod,/root/nfs/isca23_dlrm/reproduce_isca23_cpu_DLRM_inference/datasets/reuse_low/table_500K.txt,500000
dataset prod,/root/nfs/isca23_dlrm/reproduce_isca23_cpu_DLRM_inference/datasets/reuse_low/table_500K.txt,500000
dataset prod,/root/nfs/isca23_dlrm/reproduce_isca23_cpu_DLRM_inference/datasets/reuse_low/table_500K.txt,500000
dataset prod,/root/nfs/isca23_dlrm/reproduce_isca23_cpu_DLRM_inference/datasets/reuse_low/table_500K.txt,500000
dataset prod,/root/nfs/isca23_dlrm/reproduce_isca23_cpu_DLRM_inference/datasets/reuse_low/table_500K.txt,500000
dataset prod,/root/nfs/isca23_dlrm/reproduce_isca23_cpu_DLRM_inference/datasets/reuse_low/table_500K.txt,500000
dataset prod,/root/nfs/isca23_dlrm/reproduce_isca23_cpu_DLRM_inference/datasets/reuse_low/table_500K.txt,500000
dataset prod,/root/nfs/isca23_dlrm/reproduce_isca23_cpu_DLRM_inference/datasets/reuse_low/table_500K.txt,500000
dataset prod,/root/nfs/isca23_dlrm/reproduce_isca23_cpu_DLRM_inference/datasets/reuse_low/table_500K.txt,500000
dataset prod,/root/nfs/isca23_dlrm/reproduce_isca23_cpu_DLRM_inference/datasets/reuse_low/table_500K.txt,500000
dataset prod,/root/nfs/isca23_dlrm/reproduce_isca23_cpu_DLRM_inference/datasets/reuse_low/table_500K.txt,500000
dataset prod,/root/nfs/isca23_dlrm/reproduce_isca23_cpu_DLRM_inference/datasets/reuse_low/table_500K.txt,500000
dataset prod,/root/nfs/isca23_dlrm/reproduce_isca23_cpu_DLRM_inference/datasets/reuse_low/table_500K.txt,500000
dataset prod,/root/nfs/isca23_dlrm/reproduce_isca23_cpu_DLRM_inference/datasets/reuse_low/table_500K.txt,500000
dataset prod,/root/nfs/isca23_dlrm/reproduce_isca23_cpu_DLRM_inference/datasets/reuse_low/table_500K.txt,500000
dataset prod,/root/nfs/isca23_dlrm/reproduce_isca23_cpu_DLRM_inference/datasets/reuse_low/table_500K.txt,500000
dataset prod,/root/nfs/isca23_dlrm/reproduce_isca23_cpu_DLRM_inference/datasets/reuse_low/table_500K.txt,500000
dataset prod,/root/nfs/isca23_dlrm/reproduce_isca23_cpu_DLRM_inference/datasets/reuse_low/table_500K.txt,500000
dataset prod,/root/nfs/isca23_dlrm/reproduce_isca23_cpu_DLRM_inference/datasets/reuse_low/table_500K.txt,500000
dataset prod,/root/nfs/isca23_dlrm/reproduce_isca23_cpu_DLRM_inference/datasets/reuse_low/table_500K.txt,500000
dataset prod,/root/nfs/isca23_dlrm/reproduce_isca23_cpu_DLRM_inference/datasets/reuse_low/table_500K.txt,500000
dataset prod,/root/nfs/isca23_dlrm/reproduce_isca23_cpu_DLRM_inference/datasets/reuse_low/table_500K.txt,500000
dataset prod,/root/nfs/isca23_dlrm/reproduce_isca23_cpu_DLRM_inference/datasets/reuse_low/table_500K.txt,500000
dataset prod,/root/nfs/isca23_dlrm/reproduce_isca23_cpu_DLRM_inference/datasets/reuse_low/table_500K.txt,500000
dataset prod,/root/nfs/isca23_dlrm/reproduce_isca23_cpu_DLRM_inference/datasets/reuse_low/table_500K.txt,500000
dataset prod,/root/nfs/isca23_dlrm/reproduce_isca23_cpu_DLRM_inference/datasets/reuse_low/table_500K.txt,500000
dataset prod,/root/nfs/isca23_dlrm/reproduce_isca23_cpu_DLRM_inference/datasets/reuse_low/table_500K.txt,500000
dataset prod,/root/nfs/isca23_dlrm/reproduce_isca23_cpu_DLRM_inference/datasets/reuse_low/table_500K.txt,500000
dataset prod,/root/nfs/isca23_dlrm/reproduce_isca23_cpu_DLRM_inference/datasets/reuse_low/table_500K.txt,500000
dataset prod,/root/nfs/isca23_dlrm/reproduce_isca23_cpu_DLRM_inference/datasets/reuse_low/table_500K.txt,500000
dataset prod,/root/nfs/isca23_dlrm/reproduce_isca23_cpu_DLRM_inference/datasets/reuse_low/table_500K.txt,500000
dataset prod,/root/nfs/isca23_dlrm/reproduce_isca23_cpu_DLRM_inference/datasets/reuse_low/table_500K.txt,500000
dataset prod,/root/nfs/isca23_dlrm/reproduce_isca23_cpu_DLRM_inference/datasets/reuse_low/table_500K.txt,500000
dataset prod,/root/nfs/isca23_dlrm/reproduce_isca23_cpu_DLRM_inference/datasets/reuse_low/table_500K.txt,500000
dataset prod,/root/nfs/isca23_dlrm/reproduce_isca23_cpu_DLRM_inference/datasets/reuse_low/table_500K.txt,500000
dataset prod,/root/nfs/isca23_dlrm/reproduce_isca23_cpu_DLRM_inference/datasets/reuse_low/table_500K.txt,500000
dataset prod,/root/nfs/isca23_dlrm/reproduce_isca23_cpu_DLRM_inference/datasets/reuse_low/table_500K.txt,500000
dataset prod,/root/nfs/isca23_dlrm/reproduce_isca23_cpu_DLRM_inference/datasets/reuse_low/table_500K.txt,500000
dataset prod,/root/nfs/isca23_dlrm/reproduce_isca23_cpu_DLRM_inference/datasets/reuse_low/table_500K.txt,500000
dataset prod,/root/nfs/isca23_dlrm/reproduce_isca23_cpu_DLRM_inference/datasets/reuse_low/table_500K.txt,500000
dataset prod,/root/nfs/isca23_dlrm/reproduce_isca23_cpu_DLRM_inference/datasets/reuse_low/table_500K.txt,500000
dataset prod,/root/nfs/isca23_dlrm/reproduce_isca23_cpu_DLRM_inference/datasets/reuse_low/table_500K.txt,500000
dataset prod,/root/nfs/isca23_dlrm/reproduce_isca23_cpu_DLRM_inference/datasets/reuse_low/table_500K.txt,500000
dataset prod,/root/nfs/isca23_dlrm/reproduce_isca23_cpu_DLRM_inference/datasets/reuse_low/table_500K.txt,500000
dataset prod,/root/nfs/isca23_dlrm/reproduce_isca23_cpu_DLRM_inference/datasets/reuse_low/table_500K.txt,500000
dataset prod,/root/nfs/isca23_dlrm/reproduce_isca23_cpu_DLRM_inference/datasets/reuse_low/table_500K.txt,500000
dataset prod,/root/nfs/isca23_dlrm/reproduce_isca23_cpu_DLRM_inference/datasets/reuse_low/table_500K.txt,500000
dataset prod,/root/nfs/isca23_dlrm/reproduce_isca23_cpu_DLRM_inference/datasets/reuse_low/table_500K.txt,500000
dataset prod,/root/nfs/isca23_dlrm/reproduce_isca23_cpu_DLRM_inference/datasets/reuse_low/table_500K.txt,500000
dataset prod,/root/nfs/isca23_dlrm/reproduce_isca23_cpu_DLRM_inference/datasets/reuse_low/table_500K.txt,500000
dataset prod,/root/nfs/isca23_dlrm/reproduce_isca23_cpu_DLRM_inference/datasets/reuse_low/table_500K.txt,500000
dataset prod,/root/nfs/isca23_dlrm/reproduce_isca23_cpu_DLRM_inference/datasets/reuse_low/table_500K.txt,500000
dataset prod,/root/nfs/isca23_dlrm/reproduce_isca23_cpu_DLRM_inference/datasets/reuse_low/table_500K.txt,500000
dataset prod,/root/nfs/isca23_dlrm/reproduce_isca23_cpu_DLRM_inference/datasets/reuse_low/table_500K.txt,500000
dataset prod,/root/nfs/isca23_dlrm/reproduce_isca23_cpu_DLRM_inference/datasets/reuse_low/table_500K.txt,500000
dataset prod,/root/nfs/isca23_dlrm/reproduce_isca23_cpu_DLRM_inference/datasets/reuse_low/table_500K.txt,500000
dataset prod,/root/nfs/isca23_dlrm/reproduce_isca23_cpu_DLRM_inference/datasets/reuse_low/table_500K.txt,500000
dataset prod,/root/nfs/isca23_dlrm/reproduce_isca23_cpu_DLRM_inference/datasets/reuse_low/table_500K.txt,500000
dataset prod,/root/nfs/isca23_dlrm/reproduce_isca23_cpu_DLRM_inference/datasets/reuse_low/table_500K.txt,500000
dataset prod,/root/nfs/isca23_dlrm/reproduce_isca23_cpu_DLRM_inference/datasets/reuse_low/table_500K.txt,500000
dataset prod,/root/nfs/isca23_dlrm/reproduce_isca23_cpu_DLRM_inference/datasets/reuse_low/table_500K.txt,500000
dataset prod,/root/nfs/isca23_dlrm/reproduce_isca23_cpu_DLRM_inference/datasets/reuse_low/table_500K.txt,500000
dataset prod,/root/nfs/isca23_dlrm/reproduce_isca23_cpu_DLRM_inference/datasets/reuse_low/table_500K.txt,500000
dataset prod,/root/nfs/isca23_dlrm/reproduce_isca23_cpu_DLRM_inference/datasets/reuse_low/table_500K.txt,500000
dataset prod,/root/nfs/isca23_dlrm/reproduce_isca23_cpu_DLRM_inference/datasets/reuse_low/table_500K.txt,500000
dataset prod,/root/nfs/isca23_dlrm/reproduce_isca23_cpu_DLRM_inference/datasets/reuse_low/table_500K.txt,500000
dataset prod,/root/nfs/isca23_dlrm/reproduce_isca23_cpu_DLRM_inference/datasets/reuse_low/table_500K.txt,500000
dataset prod,/root/nfs/isca23_dlrm/reproduce_isca23_cpu_DLRM_inference/datasets/reuse_low/table_500K.txt,500000
dataset prod,/root/nfs/isca23_dlrm/reproduce_isca23_cpu_DLRM_inference/datasets/reuse_low/table_500K.txt,500000
dataset prod,/root/nfs/isca23_dlrm/reproduce_isca23_cpu_DLRM_inference/datasets/reuse_low/table_500K.txt,500000
dataset prod,/root/nfs/isca23_dlrm/reproduce_isca23_cpu_DLRM_inference/datasets/reuse_low/table_500K.txt,500000
dataset prod,/root/nfs/isca23_dlrm/reproduce_isca23_cpu_DLRM_inference/datasets/reuse_low/table_500K.txt,500000
dataset prod,/root/nfs/isca23_dlrm/reproduce_isca23_cpu_DLRM_inference/datasets/reuse_low/table_500K.txt,500000
dataset prod,/root/nfs/isca23_dlrm/reproduce_isca23_cpu_DLRM_inference/datasets/reuse_low/table_500K.txt,500000
dataset prod,/root/nfs/isca23_dlrm/reproduce_isca23_cpu_DLRM_inference/datasets/reuse_low/table_500K.txt,500000
dataset prod,/root/nfs/isca23_dlrm/reproduce_isca23_cpu_DLRM_inference/datasets/reuse_low/table_500K.txt,500000
dataset prod,/root/nfs/isca23_dlrm/reproduce_isca23_cpu_DLRM_inference/datasets/reuse_low/table_500K.txt,500000
dataset prod,/root/nfs/isca23_dlrm/reproduce_isca23_cpu_DLRM_inference/datasets/reuse_low/table_500K.txt,500000
dataset prod,/root/nfs/isca23_dlrm/reproduce_isca23_cpu_DLRM_inference/datasets/reuse_low/table_500K.txt,500000
dataset prod,/root/nfs/isca23_dlrm/reproduce_isca23_cpu_DLRM_inference/datasets/reuse_low/table_500K.txt,500000
dataset prod,/root/nfs/isca23_dlrm/reproduce_isca23_cpu_DLRM_inference/datasets/reuse_low/table_500K.txt,500000
dataset prod,/root/nfs/isca23_dlrm/reproduce_isca23_cpu_DLRM_inference/datasets/reuse_low/table_500K.txt,500000
dataset prod,/root/nfs/isca23_dlrm/reproduce_isca23_cpu_DLRM_inference/datasets/reuse_low/table_500K.txt,500000
dataset prod,/root/nfs/isca23_dlrm/reproduce_isca23_cpu_DLRM_inference/datasets/reuse_low/table_500K.txt,500000
dataset prod,/root/nfs/isca23_dlrm/reproduce_isca23_cpu_DLRM_inference/datasets/reuse_low/table_500K.txt,500000
dataset prod,/root/nfs/isca23_dlrm/reproduce_isca23_cpu_DLRM_inference/datasets/reuse_low/table_500K.txt,500000
dataset prod,/root/nfs/isca23_dlrm/reproduce_isca23_cpu_DLRM_inference/datasets/reuse_low/table_500K.txt,500000
dataset prod,/root/nfs/isca23_dlrm/reproduce_isca23_cpu_DLRM_inference/datasets/reuse_low/table_500K.txt,500000
dataset prod,/root/nfs/isca23_dlrm/reproduce_isca23_cpu_DLRM_inference/datasets/reuse_low/table_500K.txt,500000
Average latency per example: 40.302ms
Total number of iterations: 120
Total number of iterations per second (across all threads): 49.62
Total time: 2.418s
Throughput: 3175.986 fps
 
Using CPU...
start to create emb, minimally need ~3.814697265625 G memory 
may actually use more memory depends on memory allocator like tcmalloc/jemalloc
current mem usage: 0.3159446716308594 G
Create Embedding: 500000
Create Embedding: 500000
Create Embedding: 500000
Create Embedding: 500000
Create Embedding: 500000
Create Embedding: 500000
Create Embedding: 500000
Create Embedding: 500000
Create Embedding: 500000
Create Embedding: 500000
Create Embedding: 500000
Create Embedding: 500000
Create Embedding: 500000
Create Embedding: 500000
Create Embedding: 500000
Create Embedding: 500000
Create Embedding: 500000
Create Embedding: 500000
Create Embedding: 500000
Create Embedding: 500000
Create Embedding: 500000
Create Embedding: 500000
Create Embedding: 500000
Create Embedding: 500000
Create Embedding: 500000
Create Embedding: 500000
Create Embedding: 500000
Create Embedding: 500000
Create Embedding: 500000
Create Embedding: 500000
Create Embedding: 500000
Create Embedding: 500000
create emb done, current mem usage: 4.134952545166016 G
time/loss/accuracy (if enabled):
Initialize for not inference only done, current mem usage: 4.135173797607422 G
Testing for inference only
dataset prod,/root/nfs/isca23_dlrm/reproduce_isca23_cpu_DLRM_inference/datasets/reuse_medium/table_500K.txt,500000
dataset prod,/root/nfs/isca23_dlrm/reproduce_isca23_cpu_DLRM_inference/datasets/reuse_medium/table_500K.txt,500000
dataset prod,/root/nfs/isca23_dlrm/reproduce_isca23_cpu_DLRM_inference/datasets/reuse_medium/table_500K.txt,500000
dataset prod,/root/nfs/isca23_dlrm/reproduce_isca23_cpu_DLRM_inference/datasets/reuse_medium/table_500K.txt,500000
dataset prod,/root/nfs/isca23_dlrm/reproduce_isca23_cpu_DLRM_inference/datasets/reuse_medium/table_500K.txt,500000
dataset prod,/root/nfs/isca23_dlrm/reproduce_isca23_cpu_DLRM_inference/datasets/reuse_medium/table_500K.txt,500000
dataset prod,/root/nfs/isca23_dlrm/reproduce_isca23_cpu_DLRM_inference/datasets/reuse_medium/table_500K.txt,500000
dataset prod,/root/nfs/isca23_dlrm/reproduce_isca23_cpu_DLRM_inference/datasets/reuse_medium/table_500K.txt,500000
dataset prod,/root/nfs/isca23_dlrm/reproduce_isca23_cpu_DLRM_inference/datasets/reuse_medium/table_500K.txt,500000
dataset prod,/root/nfs/isca23_dlrm/reproduce_isca23_cpu_DLRM_inference/datasets/reuse_medium/table_500K.txt,500000
dataset prod,/root/nfs/isca23_dlrm/reproduce_isca23_cpu_DLRM_inference/datasets/reuse_medium/table_500K.txt,500000
dataset prod,/root/nfs/isca23_dlrm/reproduce_isca23_cpu_DLRM_inference/datasets/reuse_medium/table_500K.txt,500000
dataset prod,/root/nfs/isca23_dlrm/reproduce_isca23_cpu_DLRM_inference/datasets/reuse_medium/table_500K.txt,500000
dataset prod,/root/nfs/isca23_dlrm/reproduce_isca23_cpu_DLRM_inference/datasets/reuse_medium/table_500K.txt,500000
dataset prod,/root/nfs/isca23_dlrm/reproduce_isca23_cpu_DLRM_inference/datasets/reuse_medium/table_500K.txt,500000
dataset prod,/root/nfs/isca23_dlrm/reproduce_isca23_cpu_DLRM_inference/datasets/reuse_medium/table_500K.txt,500000
dataset prod,/root/nfs/isca23_dlrm/reproduce_isca23_cpu_DLRM_inference/datasets/reuse_medium/table_500K.txt,500000
dataset prod,/root/nfs/isca23_dlrm/reproduce_isca23_cpu_DLRM_inference/datasets/reuse_medium/table_500K.txt,500000
dataset prod,/root/nfs/isca23_dlrm/reproduce_isca23_cpu_DLRM_inference/datasets/reuse_medium/table_500K.txt,500000
dataset prod,/root/nfs/isca23_dlrm/reproduce_isca23_cpu_DLRM_inference/datasets/reuse_medium/table_500K.txt,500000
dataset prod,/root/nfs/isca23_dlrm/reproduce_isca23_cpu_DLRM_inference/datasets/reuse_medium/table_500K.txt,500000
dataset prod,/root/nfs/isca23_dlrm/reproduce_isca23_cpu_DLRM_inference/datasets/reuse_medium/table_500K.txt,500000
dataset prod,/root/nfs/isca23_dlrm/reproduce_isca23_cpu_DLRM_inference/datasets/reuse_medium/table_500K.txt,500000
dataset prod,/root/nfs/isca23_dlrm/reproduce_isca23_cpu_DLRM_inference/datasets/reuse_medium/table_500K.txt,500000
dataset prod,/root/nfs/isca23_dlrm/reproduce_isca23_cpu_DLRM_inference/datasets/reuse_medium/table_500K.txt,500000
dataset prod,/root/nfs/isca23_dlrm/reproduce_isca23_cpu_DLRM_inference/datasets/reuse_medium/table_500K.txt,500000
dataset prod,/root/nfs/isca23_dlrm/reproduce_isca23_cpu_DLRM_inference/datasets/reuse_medium/table_500K.txt,500000
dataset prod,/root/nfs/isca23_dlrm/reproduce_isca23_cpu_DLRM_inference/datasets/reuse_medium/table_500K.txt,500000
dataset prod,/root/nfs/isca23_dlrm/reproduce_isca23_cpu_DLRM_inference/datasets/reuse_medium/table_500K.txt,500000
dataset prod,/root/nfs/isca23_dlrm/reproduce_isca23_cpu_DLRM_inference/datasets/reuse_medium/table_500K.txt,500000
dataset prod,/root/nfs/isca23_dlrm/reproduce_isca23_cpu_DLRM_inference/datasets/reuse_medium/table_500K.txt,500000
dataset prod,/root/nfs/isca23_dlrm/reproduce_isca23_cpu_DLRM_inference/datasets/reuse_medium/table_500K.txt,500000
dataset prod,/root/nfs/isca23_dlrm/reproduce_isca23_cpu_DLRM_inference/datasets/reuse_medium/table_500K.txt,500000
dataset prod,/root/nfs/isca23_dlrm/reproduce_isca23_cpu_DLRM_inference/datasets/reuse_medium/table_500K.txt,500000
dataset prod,/root/nfs/isca23_dlrm/reproduce_isca23_cpu_DLRM_inference/datasets/reuse_medium/table_500K.txt,500000
dataset prod,/root/nfs/isca23_dlrm/reproduce_isca23_cpu_DLRM_inference/datasets/reuse_medium/table_500K.txt,500000
dataset prod,/root/nfs/isca23_dlrm/reproduce_isca23_cpu_DLRM_inference/datasets/reuse_medium/table_500K.txt,500000
dataset prod,/root/nfs/isca23_dlrm/reproduce_isca23_cpu_DLRM_inference/datasets/reuse_medium/table_500K.txt,500000
dataset prod,/root/nfs/isca23_dlrm/reproduce_isca23_cpu_DLRM_inference/datasets/reuse_medium/table_500K.txt,500000
dataset prod,/root/nfs/isca23_dlrm/reproduce_isca23_cpu_DLRM_inference/datasets/reuse_medium/table_500K.txt,500000
dataset prod,/root/nfs/isca23_dlrm/reproduce_isca23_cpu_DLRM_inference/datasets/reuse_medium/table_500K.txt,500000
dataset prod,/root/nfs/isca23_dlrm/reproduce_isca23_cpu_DLRM_inference/datasets/reuse_medium/table_500K.txt,500000
dataset prod,/root/nfs/isca23_dlrm/reproduce_isca23_cpu_DLRM_inference/datasets/reuse_medium/table_500K.txt,500000
dataset prod,/root/nfs/isca23_dlrm/reproduce_isca23_cpu_DLRM_inference/datasets/reuse_medium/table_500K.txt,500000
dataset prod,/root/nfs/isca23_dlrm/reproduce_isca23_cpu_DLRM_inference/datasets/reuse_medium/table_500K.txt,500000
dataset prod,/root/nfs/isca23_dlrm/reproduce_isca23_cpu_DLRM_inference/datasets/reuse_medium/table_500K.txt,500000
dataset prod,/root/nfs/isca23_dlrm/reproduce_isca23_cpu_DLRM_inference/datasets/reuse_medium/table_500K.txt,500000
dataset prod,/root/nfs/isca23_dlrm/reproduce_isca23_cpu_DLRM_inference/datasets/reuse_medium/table_500K.txt,500000
dataset prod,/root/nfs/isca23_dlrm/reproduce_isca23_cpu_DLRM_inference/datasets/reuse_medium/table_500K.txt,500000
dataset prod,/root/nfs/isca23_dlrm/reproduce_isca23_cpu_DLRM_inference/datasets/reuse_medium/table_500K.txt,500000
dataset prod,/root/nfs/isca23_dlrm/reproduce_isca23_cpu_DLRM_inference/datasets/reuse_medium/table_500K.txt,500000
dataset prod,/root/nfs/isca23_dlrm/reproduce_isca23_cpu_DLRM_inference/datasets/reuse_medium/table_500K.txt,500000
dataset prod,/root/nfs/isca23_dlrm/reproduce_isca23_cpu_DLRM_inference/datasets/reuse_medium/table_500K.txt,500000
dataset prod,/root/nfs/isca23_dlrm/reproduce_isca23_cpu_DLRM_inference/datasets/reuse_medium/table_500K.txt,500000
dataset prod,/root/nfs/isca23_dlrm/reproduce_isca23_cpu_DLRM_inference/datasets/reuse_medium/table_500K.txt,500000
dataset prod,/root/nfs/isca23_dlrm/reproduce_isca23_cpu_DLRM_inference/datasets/reuse_medium/table_500K.txt,500000
dataset prod,/root/nfs/isca23_dlrm/reproduce_isca23_cpu_DLRM_inference/datasets/reuse_medium/table_500K.txt,500000
dataset prod,/root/nfs/isca23_dlrm/reproduce_isca23_cpu_DLRM_inference/datasets/reuse_medium/table_500K.txt,500000
dataset prod,/root/nfs/isca23_dlrm/reproduce_isca23_cpu_DLRM_inference/datasets/reuse_medium/table_500K.txt,500000
dataset prod,/root/nfs/isca23_dlrm/reproduce_isca23_cpu_DLRM_inference/datasets/reuse_medium/table_500K.txt,500000
dataset prod,/root/nfs/isca23_dlrm/reproduce_isca23_cpu_DLRM_inference/datasets/reuse_medium/table_500K.txt,500000
dataset prod,/root/nfs/isca23_dlrm/reproduce_isca23_cpu_DLRM_inference/datasets/reuse_medium/table_500K.txt,500000
dataset prod,/root/nfs/isca23_dlrm/reproduce_isca23_cpu_DLRM_inference/datasets/reuse_medium/table_500K.txt,500000
dataset prod,/root/nfs/isca23_dlrm/reproduce_isca23_cpu_DLRM_inference/datasets/reuse_medium/table_500K.txt,500000
dataset prod,/root/nfs/isca23_dlrm/reproduce_isca23_cpu_DLRM_inference/datasets/reuse_medium/table_500K.txt,500000
dataset prod,/root/nfs/isca23_dlrm/reproduce_isca23_cpu_DLRM_inference/datasets/reuse_medium/table_500K.txt,500000
dataset prod,/root/nfs/isca23_dlrm/reproduce_isca23_cpu_DLRM_inference/datasets/reuse_medium/table_500K.txt,500000
dataset prod,/root/nfs/isca23_dlrm/reproduce_isca23_cpu_DLRM_inference/datasets/reuse_medium/table_500K.txt,500000
dataset prod,/root/nfs/isca23_dlrm/reproduce_isca23_cpu_DLRM_inference/datasets/reuse_medium/table_500K.txt,500000
dataset prod,/root/nfs/isca23_dlrm/reproduce_isca23_cpu_DLRM_inference/datasets/reuse_medium/table_500K.txt,500000
dataset prod,/root/nfs/isca23_dlrm/reproduce_isca23_cpu_DLRM_inference/datasets/reuse_medium/table_500K.txt,500000
dataset prod,/root/nfs/isca23_dlrm/reproduce_isca23_cpu_DLRM_inference/datasets/reuse_medium/table_500K.txt,500000
dataset prod,/root/nfs/isca23_dlrm/reproduce_isca23_cpu_DLRM_inference/datasets/reuse_medium/table_500K.txt,500000
dataset prod,/root/nfs/isca23_dlrm/reproduce_isca23_cpu_DLRM_inference/datasets/reuse_medium/table_500K.txt,500000
dataset prod,/root/nfs/isca23_dlrm/reproduce_isca23_cpu_DLRM_inference/datasets/reuse_medium/table_500K.txt,500000
dataset prod,/root/nfs/isca23_dlrm/reproduce_isca23_cpu_DLRM_inference/datasets/reuse_medium/table_500K.txt,500000
dataset prod,/root/nfs/isca23_dlrm/reproduce_isca23_cpu_DLRM_inference/datasets/reuse_medium/table_500K.txt,500000
dataset prod,/root/nfs/isca23_dlrm/reproduce_isca23_cpu_DLRM_inference/datasets/reuse_medium/table_500K.txt,500000
dataset prod,/root/nfs/isca23_dlrm/reproduce_isca23_cpu_DLRM_inference/datasets/reuse_medium/table_500K.txt,500000
dataset prod,/root/nfs/isca23_dlrm/reproduce_isca23_cpu_DLRM_inference/datasets/reuse_medium/table_500K.txt,500000
dataset prod,/root/nfs/isca23_dlrm/reproduce_isca23_cpu_DLRM_inference/datasets/reuse_medium/table_500K.txt,500000
dataset prod,/root/nfs/isca23_dlrm/reproduce_isca23_cpu_DLRM_inference/datasets/reuse_medium/table_500K.txt,500000
dataset prod,/root/nfs/isca23_dlrm/reproduce_isca23_cpu_DLRM_inference/datasets/reuse_medium/table_500K.txt,500000
dataset prod,/root/nfs/isca23_dlrm/reproduce_isca23_cpu_DLRM_inference/datasets/reuse_medium/table_500K.txt,500000
dataset prod,/root/nfs/isca23_dlrm/reproduce_isca23_cpu_DLRM_inference/datasets/reuse_medium/table_500K.txt,500000
dataset prod,/root/nfs/isca23_dlrm/reproduce_isca23_cpu_DLRM_inference/datasets/reuse_medium/table_500K.txt,500000
dataset prod,/root/nfs/isca23_dlrm/reproduce_isca23_cpu_DLRM_inference/datasets/reuse_medium/table_500K.txt,500000
dataset prod,/root/nfs/isca23_dlrm/reproduce_isca23_cpu_DLRM_inference/datasets/reuse_medium/table_500K.txt,500000
dataset prod,/root/nfs/isca23_dlrm/reproduce_isca23_cpu_DLRM_inference/datasets/reuse_medium/table_500K.txt,500000
dataset prod,/root/nfs/isca23_dlrm/reproduce_isca23_cpu_DLRM_inference/datasets/reuse_medium/table_500K.txt,500000
dataset prod,/root/nfs/isca23_dlrm/reproduce_isca23_cpu_DLRM_inference/datasets/reuse_medium/table_500K.txt,500000
dataset prod,/root/nfs/isca23_dlrm/reproduce_isca23_cpu_DLRM_inference/datasets/reuse_medium/table_500K.txt,500000
dataset prod,/root/nfs/isca23_dlrm/reproduce_isca23_cpu_DLRM_inference/datasets/reuse_medium/table_500K.txt,500000
dataset prod,/root/nfs/isca23_dlrm/reproduce_isca23_cpu_DLRM_inference/datasets/reuse_medium/table_500K.txt,500000
dataset prod,/root/nfs/isca23_dlrm/reproduce_isca23_cpu_DLRM_inference/datasets/reuse_medium/table_500K.txt,500000
dataset prod,/root/nfs/isca23_dlrm/reproduce_isca23_cpu_DLRM_inference/datasets/reuse_medium/table_500K.txt,500000
dataset prod,/root/nfs/isca23_dlrm/reproduce_isca23_cpu_DLRM_inference/datasets/reuse_medium/table_500K.txt,500000
dataset prod,/root/nfs/isca23_dlrm/reproduce_isca23_cpu_DLRM_inference/datasets/reuse_medium/table_500K.txt,500000
dataset prod,/root/nfs/isca23_dlrm/reproduce_isca23_cpu_DLRM_inference/datasets/reuse_medium/table_500K.txt,500000
dataset prod,/root/nfs/isca23_dlrm/reproduce_isca23_cpu_DLRM_inference/datasets/reuse_medium/table_500K.txt,500000
dataset prod,/root/nfs/isca23_dlrm/reproduce_isca23_cpu_DLRM_inference/datasets/reuse_medium/table_500K.txt,500000
dataset prod,/root/nfs/isca23_dlrm/reproduce_isca23_cpu_DLRM_inference/datasets/reuse_medium/table_500K.txt,500000
dataset prod,/root/nfs/isca23_dlrm/reproduce_isca23_cpu_DLRM_inference/datasets/reuse_medium/table_500K.txt,500000
dataset prod,/root/nfs/isca23_dlrm/reproduce_isca23_cpu_DLRM_inference/datasets/reuse_medium/table_500K.txt,500000
dataset prod,/root/nfs/isca23_dlrm/reproduce_isca23_cpu_DLRM_inference/datasets/reuse_medium/table_500K.txt,500000
dataset prod,/root/nfs/isca23_dlrm/reproduce_isca23_cpu_DLRM_inference/datasets/reuse_medium/table_500K.txt,500000
dataset prod,/root/nfs/isca23_dlrm/reproduce_isca23_cpu_DLRM_inference/datasets/reuse_medium/table_500K.txt,500000
dataset prod,/root/nfs/isca23_dlrm/reproduce_isca23_cpu_DLRM_inference/datasets/reuse_medium/table_500K.txt,500000
dataset prod,/root/nfs/isca23_dlrm/reproduce_isca23_cpu_DLRM_inference/datasets/reuse_medium/table_500K.txt,500000
dataset prod,/root/nfs/isca23_dlrm/reproduce_isca23_cpu_DLRM_inference/datasets/reuse_medium/table_500K.txt,500000
dataset prod,/root/nfs/isca23_dlrm/reproduce_isca23_cpu_DLRM_inference/datasets/reuse_medium/table_500K.txt,500000
dataset prod,/root/nfs/isca23_dlrm/reproduce_isca23_cpu_DLRM_inference/datasets/reuse_medium/table_500K.txt,500000
dataset prod,/root/nfs/isca23_dlrm/reproduce_isca23_cpu_DLRM_inference/datasets/reuse_medium/table_500K.txt,500000
dataset prod,/root/nfs/isca23_dlrm/reproduce_isca23_cpu_DLRM_inference/datasets/reuse_medium/table_500K.txt,500000
dataset prod,/root/nfs/isca23_dlrm/reproduce_isca23_cpu_DLRM_inference/datasets/reuse_medium/table_500K.txt,500000
dataset prod,/root/nfs/isca23_dlrm/reproduce_isca23_cpu_DLRM_inference/datasets/reuse_medium/table_500K.txt,500000
dataset prod,/root/nfs/isca23_dlrm/reproduce_isca23_cpu_DLRM_inference/datasets/reuse_medium/table_500K.txt,500000
dataset prod,/root/nfs/isca23_dlrm/reproduce_isca23_cpu_DLRM_inference/datasets/reuse_medium/table_500K.txt,500000
dataset prod,/root/nfs/isca23_dlrm/reproduce_isca23_cpu_DLRM_inference/datasets/reuse_medium/table_500K.txt,500000
dataset prod,/root/nfs/isca23_dlrm/reproduce_isca23_cpu_DLRM_inference/datasets/reuse_medium/table_500K.txt,500000
dataset prod,/root/nfs/isca23_dlrm/reproduce_isca23_cpu_DLRM_inference/datasets/reuse_medium/table_500K.txt,500000
Average latency per example: 36.138ms
Total number of iterations: 120
Total number of iterations per second (across all threads): 55.34
Total time: 2.168s
Throughput: 3541.985 fps
 
Using CPU...
start to create emb, minimally need ~3.814697265625 G memory 
may actually use more memory depends on memory allocator like tcmalloc/jemalloc
current mem usage: 0.3170738220214844 G
Create Embedding: 500000
Create Embedding: 500000
Create Embedding: 500000
Create Embedding: 500000
Create Embedding: 500000
Create Embedding: 500000
Create Embedding: 500000
Create Embedding: 500000
Create Embedding: 500000
Create Embedding: 500000
Create Embedding: 500000
Create Embedding: 500000
Create Embedding: 500000
Create Embedding: 500000
Create Embedding: 500000
Create Embedding: 500000
Create Embedding: 500000
Create Embedding: 500000
Create Embedding: 500000
Create Embedding: 500000
Create Embedding: 500000
Create Embedding: 500000
Create Embedding: 500000
Create Embedding: 500000
Create Embedding: 500000
Create Embedding: 500000
Create Embedding: 500000
Create Embedding: 500000
Create Embedding: 500000
Create Embedding: 500000
Create Embedding: 500000
Create Embedding: 500000
create emb done, current mem usage: 4.134246826171875 G
time/loss/accuracy (if enabled):
Initialize for not inference only done, current mem usage: 4.134471893310547 G
Testing for inference only
dataset prod,/root/nfs/isca23_dlrm/reproduce_isca23_cpu_DLRM_inference/datasets/reuse_high/table_500K.txt,500000
dataset prod,/root/nfs/isca23_dlrm/reproduce_isca23_cpu_DLRM_inference/datasets/reuse_high/table_500K.txt,500000
dataset prod,/root/nfs/isca23_dlrm/reproduce_isca23_cpu_DLRM_inference/datasets/reuse_high/table_500K.txt,500000
dataset prod,/root/nfs/isca23_dlrm/reproduce_isca23_cpu_DLRM_inference/datasets/reuse_high/table_500K.txt,500000
dataset prod,/root/nfs/isca23_dlrm/reproduce_isca23_cpu_DLRM_inference/datasets/reuse_high/table_500K.txt,500000
dataset prod,/root/nfs/isca23_dlrm/reproduce_isca23_cpu_DLRM_inference/datasets/reuse_high/table_500K.txt,500000
dataset prod,/root/nfs/isca23_dlrm/reproduce_isca23_cpu_DLRM_inference/datasets/reuse_high/table_500K.txt,500000
dataset prod,/root/nfs/isca23_dlrm/reproduce_isca23_cpu_DLRM_inference/datasets/reuse_high/table_500K.txt,500000
dataset prod,/root/nfs/isca23_dlrm/reproduce_isca23_cpu_DLRM_inference/datasets/reuse_high/table_500K.txt,500000
dataset prod,/root/nfs/isca23_dlrm/reproduce_isca23_cpu_DLRM_inference/datasets/reuse_high/table_500K.txt,500000
dataset prod,/root/nfs/isca23_dlrm/reproduce_isca23_cpu_DLRM_inference/datasets/reuse_high/table_500K.txt,500000
dataset prod,/root/nfs/isca23_dlrm/reproduce_isca23_cpu_DLRM_inference/datasets/reuse_high/table_500K.txt,500000
dataset prod,/root/nfs/isca23_dlrm/reproduce_isca23_cpu_DLRM_inference/datasets/reuse_high/table_500K.txt,500000
dataset prod,/root/nfs/isca23_dlrm/reproduce_isca23_cpu_DLRM_inference/datasets/reuse_high/table_500K.txt,500000
dataset prod,/root/nfs/isca23_dlrm/reproduce_isca23_cpu_DLRM_inference/datasets/reuse_high/table_500K.txt,500000
dataset prod,/root/nfs/isca23_dlrm/reproduce_isca23_cpu_DLRM_inference/datasets/reuse_high/table_500K.txt,500000
dataset prod,/root/nfs/isca23_dlrm/reproduce_isca23_cpu_DLRM_inference/datasets/reuse_high/table_500K.txt,500000
dataset prod,/root/nfs/isca23_dlrm/reproduce_isca23_cpu_DLRM_inference/datasets/reuse_high/table_500K.txt,500000
dataset prod,/root/nfs/isca23_dlrm/reproduce_isca23_cpu_DLRM_inference/datasets/reuse_high/table_500K.txt,500000
dataset prod,/root/nfs/isca23_dlrm/reproduce_isca23_cpu_DLRM_inference/datasets/reuse_high/table_500K.txt,500000
dataset prod,/root/nfs/isca23_dlrm/reproduce_isca23_cpu_DLRM_inference/datasets/reuse_high/table_500K.txt,500000
dataset prod,/root/nfs/isca23_dlrm/reproduce_isca23_cpu_DLRM_inference/datasets/reuse_high/table_500K.txt,500000
dataset prod,/root/nfs/isca23_dlrm/reproduce_isca23_cpu_DLRM_inference/datasets/reuse_high/table_500K.txt,500000
dataset prod,/root/nfs/isca23_dlrm/reproduce_isca23_cpu_DLRM_inference/datasets/reuse_high/table_500K.txt,500000
dataset prod,/root/nfs/isca23_dlrm/reproduce_isca23_cpu_DLRM_inference/datasets/reuse_high/table_500K.txt,500000
dataset prod,/root/nfs/isca23_dlrm/reproduce_isca23_cpu_DLRM_inference/datasets/reuse_high/table_500K.txt,500000
dataset prod,/root/nfs/isca23_dlrm/reproduce_isca23_cpu_DLRM_inference/datasets/reuse_high/table_500K.txt,500000
dataset prod,/root/nfs/isca23_dlrm/reproduce_isca23_cpu_DLRM_inference/datasets/reuse_high/table_500K.txt,500000
dataset prod,/root/nfs/isca23_dlrm/reproduce_isca23_cpu_DLRM_inference/datasets/reuse_high/table_500K.txt,500000
dataset prod,/root/nfs/isca23_dlrm/reproduce_isca23_cpu_DLRM_inference/datasets/reuse_high/table_500K.txt,500000
dataset prod,/root/nfs/isca23_dlrm/reproduce_isca23_cpu_DLRM_inference/datasets/reuse_high/table_500K.txt,500000
dataset prod,/root/nfs/isca23_dlrm/reproduce_isca23_cpu_DLRM_inference/datasets/reuse_high/table_500K.txt,500000
dataset prod,/root/nfs/isca23_dlrm/reproduce_isca23_cpu_DLRM_inference/datasets/reuse_high/table_500K.txt,500000
dataset prod,/root/nfs/isca23_dlrm/reproduce_isca23_cpu_DLRM_inference/datasets/reuse_high/table_500K.txt,500000
dataset prod,/root/nfs/isca23_dlrm/reproduce_isca23_cpu_DLRM_inference/datasets/reuse_high/table_500K.txt,500000
dataset prod,/root/nfs/isca23_dlrm/reproduce_isca23_cpu_DLRM_inference/datasets/reuse_high/table_500K.txt,500000
dataset prod,/root/nfs/isca23_dlrm/reproduce_isca23_cpu_DLRM_inference/datasets/reuse_high/table_500K.txt,500000
dataset prod,/root/nfs/isca23_dlrm/reproduce_isca23_cpu_DLRM_inference/datasets/reuse_high/table_500K.txt,500000
dataset prod,/root/nfs/isca23_dlrm/reproduce_isca23_cpu_DLRM_inference/datasets/reuse_high/table_500K.txt,500000
dataset prod,/root/nfs/isca23_dlrm/reproduce_isca23_cpu_DLRM_inference/datasets/reuse_high/table_500K.txt,500000
dataset prod,/root/nfs/isca23_dlrm/reproduce_isca23_cpu_DLRM_inference/datasets/reuse_high/table_500K.txt,500000
dataset prod,/root/nfs/isca23_dlrm/reproduce_isca23_cpu_DLRM_inference/datasets/reuse_high/table_500K.txt,500000
dataset prod,/root/nfs/isca23_dlrm/reproduce_isca23_cpu_DLRM_inference/datasets/reuse_high/table_500K.txt,500000
dataset prod,/root/nfs/isca23_dlrm/reproduce_isca23_cpu_DLRM_inference/datasets/reuse_high/table_500K.txt,500000
dataset prod,/root/nfs/isca23_dlrm/reproduce_isca23_cpu_DLRM_inference/datasets/reuse_high/table_500K.txt,500000
dataset prod,/root/nfs/isca23_dlrm/reproduce_isca23_cpu_DLRM_inference/datasets/reuse_high/table_500K.txt,500000
dataset prod,/root/nfs/isca23_dlrm/reproduce_isca23_cpu_DLRM_inference/datasets/reuse_high/table_500K.txt,500000
dataset prod,/root/nfs/isca23_dlrm/reproduce_isca23_cpu_DLRM_inference/datasets/reuse_high/table_500K.txt,500000
dataset prod,/root/nfs/isca23_dlrm/reproduce_isca23_cpu_DLRM_inference/datasets/reuse_high/table_500K.txt,500000
dataset prod,/root/nfs/isca23_dlrm/reproduce_isca23_cpu_DLRM_inference/datasets/reuse_high/table_500K.txt,500000
dataset prod,/root/nfs/isca23_dlrm/reproduce_isca23_cpu_DLRM_inference/datasets/reuse_high/table_500K.txt,500000
dataset prod,/root/nfs/isca23_dlrm/reproduce_isca23_cpu_DLRM_inference/datasets/reuse_high/table_500K.txt,500000
dataset prod,/root/nfs/isca23_dlrm/reproduce_isca23_cpu_DLRM_inference/datasets/reuse_high/table_500K.txt,500000
dataset prod,/root/nfs/isca23_dlrm/reproduce_isca23_cpu_DLRM_inference/datasets/reuse_high/table_500K.txt,500000
dataset prod,/root/nfs/isca23_dlrm/reproduce_isca23_cpu_DLRM_inference/datasets/reuse_high/table_500K.txt,500000
dataset prod,/root/nfs/isca23_dlrm/reproduce_isca23_cpu_DLRM_inference/datasets/reuse_high/table_500K.txt,500000
dataset prod,/root/nfs/isca23_dlrm/reproduce_isca23_cpu_DLRM_inference/datasets/reuse_high/table_500K.txt,500000
dataset prod,/root/nfs/isca23_dlrm/reproduce_isca23_cpu_DLRM_inference/datasets/reuse_high/table_500K.txt,500000
dataset prod,/root/nfs/isca23_dlrm/reproduce_isca23_cpu_DLRM_inference/datasets/reuse_high/table_500K.txt,500000
dataset prod,/root/nfs/isca23_dlrm/reproduce_isca23_cpu_DLRM_inference/datasets/reuse_high/table_500K.txt,500000
dataset prod,/root/nfs/isca23_dlrm/reproduce_isca23_cpu_DLRM_inference/datasets/reuse_high/table_500K.txt,500000
dataset prod,/root/nfs/isca23_dlrm/reproduce_isca23_cpu_DLRM_inference/datasets/reuse_high/table_500K.txt,500000
dataset prod,/root/nfs/isca23_dlrm/reproduce_isca23_cpu_DLRM_inference/datasets/reuse_high/table_500K.txt,500000
dataset prod,/root/nfs/isca23_dlrm/reproduce_isca23_cpu_DLRM_inference/datasets/reuse_high/table_500K.txt,500000
dataset prod,/root/nfs/isca23_dlrm/reproduce_isca23_cpu_DLRM_inference/datasets/reuse_high/table_500K.txt,500000
dataset prod,/root/nfs/isca23_dlrm/reproduce_isca23_cpu_DLRM_inference/datasets/reuse_high/table_500K.txt,500000
dataset prod,/root/nfs/isca23_dlrm/reproduce_isca23_cpu_DLRM_inference/datasets/reuse_high/table_500K.txt,500000
dataset prod,/root/nfs/isca23_dlrm/reproduce_isca23_cpu_DLRM_inference/datasets/reuse_high/table_500K.txt,500000
dataset prod,/root/nfs/isca23_dlrm/reproduce_isca23_cpu_DLRM_inference/datasets/reuse_high/table_500K.txt,500000
dataset prod,/root/nfs/isca23_dlrm/reproduce_isca23_cpu_DLRM_inference/datasets/reuse_high/table_500K.txt,500000
dataset prod,/root/nfs/isca23_dlrm/reproduce_isca23_cpu_DLRM_inference/datasets/reuse_high/table_500K.txt,500000
dataset prod,/root/nfs/isca23_dlrm/reproduce_isca23_cpu_DLRM_inference/datasets/reuse_high/table_500K.txt,500000
dataset prod,/root/nfs/isca23_dlrm/reproduce_isca23_cpu_DLRM_inference/datasets/reuse_high/table_500K.txt,500000
dataset prod,/root/nfs/isca23_dlrm/reproduce_isca23_cpu_DLRM_inference/datasets/reuse_high/table_500K.txt,500000
dataset prod,/root/nfs/isca23_dlrm/reproduce_isca23_cpu_DLRM_inference/datasets/reuse_high/table_500K.txt,500000
dataset prod,/root/nfs/isca23_dlrm/reproduce_isca23_cpu_DLRM_inference/datasets/reuse_high/table_500K.txt,500000
dataset prod,/root/nfs/isca23_dlrm/reproduce_isca23_cpu_DLRM_inference/datasets/reuse_high/table_500K.txt,500000
dataset prod,/root/nfs/isca23_dlrm/reproduce_isca23_cpu_DLRM_inference/datasets/reuse_high/table_500K.txt,500000
dataset prod,/root/nfs/isca23_dlrm/reproduce_isca23_cpu_DLRM_inference/datasets/reuse_high/table_500K.txt,500000
dataset prod,/root/nfs/isca23_dlrm/reproduce_isca23_cpu_DLRM_inference/datasets/reuse_high/table_500K.txt,500000
dataset prod,/root/nfs/isca23_dlrm/reproduce_isca23_cpu_DLRM_inference/datasets/reuse_high/table_500K.txt,500000
dataset prod,/root/nfs/isca23_dlrm/reproduce_isca23_cpu_DLRM_inference/datasets/reuse_high/table_500K.txt,500000
dataset prod,/root/nfs/isca23_dlrm/reproduce_isca23_cpu_DLRM_inference/datasets/reuse_high/table_500K.txt,500000
dataset prod,/root/nfs/isca23_dlrm/reproduce_isca23_cpu_DLRM_inference/datasets/reuse_high/table_500K.txt,500000
dataset prod,/root/nfs/isca23_dlrm/reproduce_isca23_cpu_DLRM_inference/datasets/reuse_high/table_500K.txt,500000
dataset prod,/root/nfs/isca23_dlrm/reproduce_isca23_cpu_DLRM_inference/datasets/reuse_high/table_500K.txt,500000
dataset prod,/root/nfs/isca23_dlrm/reproduce_isca23_cpu_DLRM_inference/datasets/reuse_high/table_500K.txt,500000
dataset prod,/root/nfs/isca23_dlrm/reproduce_isca23_cpu_DLRM_inference/datasets/reuse_high/table_500K.txt,500000
dataset prod,/root/nfs/isca23_dlrm/reproduce_isca23_cpu_DLRM_inference/datasets/reuse_high/table_500K.txt,500000
dataset prod,/root/nfs/isca23_dlrm/reproduce_isca23_cpu_DLRM_inference/datasets/reuse_high/table_500K.txt,500000
dataset prod,/root/nfs/isca23_dlrm/reproduce_isca23_cpu_DLRM_inference/datasets/reuse_high/table_500K.txt,500000
dataset prod,/root/nfs/isca23_dlrm/reproduce_isca23_cpu_DLRM_inference/datasets/reuse_high/table_500K.txt,500000
dataset prod,/root/nfs/isca23_dlrm/reproduce_isca23_cpu_DLRM_inference/datasets/reuse_high/table_500K.txt,500000
dataset prod,/root/nfs/isca23_dlrm/reproduce_isca23_cpu_DLRM_inference/datasets/reuse_high/table_500K.txt,500000
dataset prod,/root/nfs/isca23_dlrm/reproduce_isca23_cpu_DLRM_inference/datasets/reuse_high/table_500K.txt,500000
dataset prod,/root/nfs/isca23_dlrm/reproduce_isca23_cpu_DLRM_inference/datasets/reuse_high/table_500K.txt,500000
dataset prod,/root/nfs/isca23_dlrm/reproduce_isca23_cpu_DLRM_inference/datasets/reuse_high/table_500K.txt,500000
dataset prod,/root/nfs/isca23_dlrm/reproduce_isca23_cpu_DLRM_inference/datasets/reuse_high/table_500K.txt,500000
dataset prod,/root/nfs/isca23_dlrm/reproduce_isca23_cpu_DLRM_inference/datasets/reuse_high/table_500K.txt,500000
dataset prod,/root/nfs/isca23_dlrm/reproduce_isca23_cpu_DLRM_inference/datasets/reuse_high/table_500K.txt,500000
dataset prod,/root/nfs/isca23_dlrm/reproduce_isca23_cpu_DLRM_inference/datasets/reuse_high/table_500K.txt,500000
dataset prod,/root/nfs/isca23_dlrm/reproduce_isca23_cpu_DLRM_inference/datasets/reuse_high/table_500K.txt,500000
dataset prod,/root/nfs/isca23_dlrm/reproduce_isca23_cpu_DLRM_inference/datasets/reuse_high/table_500K.txt,500000
dataset prod,/root/nfs/isca23_dlrm/reproduce_isca23_cpu_DLRM_inference/datasets/reuse_high/table_500K.txt,500000
dataset prod,/root/nfs/isca23_dlrm/reproduce_isca23_cpu_DLRM_inference/datasets/reuse_high/table_500K.txt,500000
dataset prod,/root/nfs/isca23_dlrm/reproduce_isca23_cpu_DLRM_inference/datasets/reuse_high/table_500K.txt,500000
dataset prod,/root/nfs/isca23_dlrm/reproduce_isca23_cpu_DLRM_inference/datasets/reuse_high/table_500K.txt,500000
dataset prod,/root/nfs/isca23_dlrm/reproduce_isca23_cpu_DLRM_inference/datasets/reuse_high/table_500K.txt,500000
dataset prod,/root/nfs/isca23_dlrm/reproduce_isca23_cpu_DLRM_inference/datasets/reuse_high/table_500K.txt,500000
dataset prod,/root/nfs/isca23_dlrm/reproduce_isca23_cpu_DLRM_inference/datasets/reuse_high/table_500K.txt,500000
dataset prod,/root/nfs/isca23_dlrm/reproduce_isca23_cpu_DLRM_inference/datasets/reuse_high/table_500K.txt,500000
dataset prod,/root/nfs/isca23_dlrm/reproduce_isca23_cpu_DLRM_inference/datasets/reuse_high/table_500K.txt,500000
dataset prod,/root/nfs/isca23_dlrm/reproduce_isca23_cpu_DLRM_inference/datasets/reuse_high/table_500K.txt,500000
dataset prod,/root/nfs/isca23_dlrm/reproduce_isca23_cpu_DLRM_inference/datasets/reuse_high/table_500K.txt,500000
dataset prod,/root/nfs/isca23_dlrm/reproduce_isca23_cpu_DLRM_inference/datasets/reuse_high/table_500K.txt,500000
dataset prod,/root/nfs/isca23_dlrm/reproduce_isca23_cpu_DLRM_inference/datasets/reuse_high/table_500K.txt,500000
dataset prod,/root/nfs/isca23_dlrm/reproduce_isca23_cpu_DLRM_inference/datasets/reuse_high/table_500K.txt,500000
dataset prod,/root/nfs/isca23_dlrm/reproduce_isca23_cpu_DLRM_inference/datasets/reuse_high/table_500K.txt,500000
dataset prod,/root/nfs/isca23_dlrm/reproduce_isca23_cpu_DLRM_inference/datasets/reuse_high/table_500K.txt,500000
dataset prod,/root/nfs/isca23_dlrm/reproduce_isca23_cpu_DLRM_inference/datasets/reuse_high/table_500K.txt,500000
dataset prod,/root/nfs/isca23_dlrm/reproduce_isca23_cpu_DLRM_inference/datasets/reuse_high/table_500K.txt,500000
Average latency per example: 30.085ms
Total number of iterations: 120
Total number of iterations per second (across all threads): 66.48
Total time: 1.805s
Throughput: 4254.542 fps
