Using CPU...
start to create emb, minimally need ~3.814697265625 G memory 
may actually use more memory depends on memory allocator like tcmalloc/jemalloc
current mem usage: 0.2730140686035156 G
Create Embedding: 500000
Create Embedding: 500000
Create Embedding: 500000
Create Embedding: 500000
Create Embedding: 500000
Create Embedding: 500000
Create Embedding: 500000
Create Embedding: 500000
Create Embedding: 500000
Create Embedding: 500000
Create Embedding: 500000
Create Embedding: 500000
Create Embedding: 500000
Create Embedding: 500000
Create Embedding: 500000
Create Embedding: 500000
Create Embedding: 500000
Create Embedding: 500000
Create Embedding: 500000
Create Embedding: 500000
Create Embedding: 500000
Create Embedding: 500000
Create Embedding: 500000
Create Embedding: 500000
Create Embedding: 500000
Create Embedding: 500000
Create Embedding: 500000
Create Embedding: 500000
Create Embedding: 500000
Create Embedding: 500000
Create Embedding: 500000
Create Embedding: 500000
create emb done, current mem usage: 4.0922088623046875 G
time/loss/accuracy (if enabled):
Initialize for not inference only done, current mem usage: 4.092372894287109 G
Testing for inference only
dataset prod,/root/nfs/isca23_dlrm/reproduce_isca23_cpu_DLRM_inference/datasets/reuse_low/table_500K.txt,500000
dataset prod,/root/nfs/isca23_dlrm/reproduce_isca23_cpu_DLRM_inference/datasets/reuse_low/table_500K.txt,500000
dataset prod,/root/nfs/isca23_dlrm/reproduce_isca23_cpu_DLRM_inference/datasets/reuse_low/table_500K.txt,500000
dataset prod,/root/nfs/isca23_dlrm/reproduce_isca23_cpu_DLRM_inference/datasets/reuse_low/table_500K.txt,500000
dataset prod,/root/nfs/isca23_dlrm/reproduce_isca23_cpu_DLRM_inference/datasets/reuse_low/table_500K.txt,500000
dataset prod,/root/nfs/isca23_dlrm/reproduce_isca23_cpu_DLRM_inference/datasets/reuse_low/table_500K.txt,500000
dataset prod,/root/nfs/isca23_dlrm/reproduce_isca23_cpu_DLRM_inference/datasets/reuse_low/table_500K.txt,500000
dataset prod,/root/nfs/isca23_dlrm/reproduce_isca23_cpu_DLRM_inference/datasets/reuse_low/table_500K.txt,500000
dataset prod,/root/nfs/isca23_dlrm/reproduce_isca23_cpu_DLRM_inference/datasets/reuse_low/table_500K.txt,500000
dataset prod,/root/nfs/isca23_dlrm/reproduce_isca23_cpu_DLRM_inference/datasets/reuse_low/table_500K.txt,500000
dataset prod,/root/nfs/isca23_dlrm/reproduce_isca23_cpu_DLRM_inference/datasets/reuse_low/table_500K.txt,500000
dataset prod,/root/nfs/isca23_dlrm/reproduce_isca23_cpu_DLRM_inference/datasets/reuse_low/table_500K.txt,500000
dataset prod,/root/nfs/isca23_dlrm/reproduce_isca23_cpu_DLRM_inference/datasets/reuse_low/table_500K.txt,500000
dataset prod,/root/nfs/isca23_dlrm/reproduce_isca23_cpu_DLRM_inference/datasets/reuse_low/table_500K.txt,500000
dataset prod,/root/nfs/isca23_dlrm/reproduce_isca23_cpu_DLRM_inference/datasets/reuse_low/table_500K.txt,500000
dataset prod,/root/nfs/isca23_dlrm/reproduce_isca23_cpu_DLRM_inference/datasets/reuse_low/table_500K.txt,500000
dataset prod,/root/nfs/isca23_dlrm/reproduce_isca23_cpu_DLRM_inference/datasets/reuse_low/table_500K.txt,500000
dataset prod,/root/nfs/isca23_dlrm/reproduce_isca23_cpu_DLRM_inference/datasets/reuse_low/table_500K.txt,500000
dataset prod,/root/nfs/isca23_dlrm/reproduce_isca23_cpu_DLRM_inference/datasets/reuse_low/table_500K.txt,500000
dataset prod,/root/nfs/isca23_dlrm/reproduce_isca23_cpu_DLRM_inference/datasets/reuse_low/table_500K.txt,500000
dataset prod,/root/nfs/isca23_dlrm/reproduce_isca23_cpu_DLRM_inference/datasets/reuse_low/table_500K.txt,500000
dataset prod,/root/nfs/isca23_dlrm/reproduce_isca23_cpu_DLRM_inference/datasets/reuse_low/table_500K.txt,500000
dataset prod,/root/nfs/isca23_dlrm/reproduce_isca23_cpu_DLRM_inference/datasets/reuse_low/table_500K.txt,500000
dataset prod,/root/nfs/isca23_dlrm/reproduce_isca23_cpu_DLRM_inference/datasets/reuse_low/table_500K.txt,500000
dataset prod,/root/nfs/isca23_dlrm/reproduce_isca23_cpu_DLRM_inference/datasets/reuse_low/table_500K.txt,500000
dataset prod,/root/nfs/isca23_dlrm/reproduce_isca23_cpu_DLRM_inference/datasets/reuse_low/table_500K.txt,500000
dataset prod,/root/nfs/isca23_dlrm/reproduce_isca23_cpu_DLRM_inference/datasets/reuse_low/table_500K.txt,500000
dataset prod,/root/nfs/isca23_dlrm/reproduce_isca23_cpu_DLRM_inference/datasets/reuse_low/table_500K.txt,500000
dataset prod,/root/nfs/isca23_dlrm/reproduce_isca23_cpu_DLRM_inference/datasets/reuse_low/table_500K.txt,500000
dataset prod,/root/nfs/isca23_dlrm/reproduce_isca23_cpu_DLRM_inference/datasets/reuse_low/table_500K.txt,500000
dataset prod,/root/nfs/isca23_dlrm/reproduce_isca23_cpu_DLRM_inference/datasets/reuse_low/table_500K.txt,500000
dataset prod,/root/nfs/isca23_dlrm/reproduce_isca23_cpu_DLRM_inference/datasets/reuse_low/table_500K.txt,500000
dataset prod,/root/nfs/isca23_dlrm/reproduce_isca23_cpu_DLRM_inference/datasets/reuse_low/table_500K.txt,500000
dataset prod,/root/nfs/isca23_dlrm/reproduce_isca23_cpu_DLRM_inference/datasets/reuse_low/table_500K.txt,500000
dataset prod,/root/nfs/isca23_dlrm/reproduce_isca23_cpu_DLRM_inference/datasets/reuse_low/table_500K.txt,500000
dataset prod,/root/nfs/isca23_dlrm/reproduce_isca23_cpu_DLRM_inference/datasets/reuse_low/table_500K.txt,500000
dataset prod,/root/nfs/isca23_dlrm/reproduce_isca23_cpu_DLRM_inference/datasets/reuse_low/table_500K.txt,500000
dataset prod,/root/nfs/isca23_dlrm/reproduce_isca23_cpu_DLRM_inference/datasets/reuse_low/table_500K.txt,500000
dataset prod,/root/nfs/isca23_dlrm/reproduce_isca23_cpu_DLRM_inference/datasets/reuse_low/table_500K.txt,500000
dataset prod,/root/nfs/isca23_dlrm/reproduce_isca23_cpu_DLRM_inference/datasets/reuse_low/table_500K.txt,500000
dataset prod,/root/nfs/isca23_dlrm/reproduce_isca23_cpu_DLRM_inference/datasets/reuse_low/table_500K.txt,500000
dataset prod,/root/nfs/isca23_dlrm/reproduce_isca23_cpu_DLRM_inference/datasets/reuse_low/table_500K.txt,500000
dataset prod,/root/nfs/isca23_dlrm/reproduce_isca23_cpu_DLRM_inference/datasets/reuse_low/table_500K.txt,500000
dataset prod,/root/nfs/isca23_dlrm/reproduce_isca23_cpu_DLRM_inference/datasets/reuse_low/table_500K.txt,500000
dataset prod,/root/nfs/isca23_dlrm/reproduce_isca23_cpu_DLRM_inference/datasets/reuse_low/table_500K.txt,500000
dataset prod,/root/nfs/isca23_dlrm/reproduce_isca23_cpu_DLRM_inference/datasets/reuse_low/table_500K.txt,500000
dataset prod,/root/nfs/isca23_dlrm/reproduce_isca23_cpu_DLRM_inference/datasets/reuse_low/table_500K.txt,500000
dataset prod,/root/nfs/isca23_dlrm/reproduce_isca23_cpu_DLRM_inference/datasets/reuse_low/table_500K.txt,500000
dataset prod,/root/nfs/isca23_dlrm/reproduce_isca23_cpu_DLRM_inference/datasets/reuse_low/table_500K.txt,500000
dataset prod,/root/nfs/isca23_dlrm/reproduce_isca23_cpu_DLRM_inference/datasets/reuse_low/table_500K.txt,500000
dataset prod,/root/nfs/isca23_dlrm/reproduce_isca23_cpu_DLRM_inference/datasets/reuse_low/table_500K.txt,500000
dataset prod,/root/nfs/isca23_dlrm/reproduce_isca23_cpu_DLRM_inference/datasets/reuse_low/table_500K.txt,500000
dataset prod,/root/nfs/isca23_dlrm/reproduce_isca23_cpu_DLRM_inference/datasets/reuse_low/table_500K.txt,500000
dataset prod,/root/nfs/isca23_dlrm/reproduce_isca23_cpu_DLRM_inference/datasets/reuse_low/table_500K.txt,500000
dataset prod,/root/nfs/isca23_dlrm/reproduce_isca23_cpu_DLRM_inference/datasets/reuse_low/table_500K.txt,500000
dataset prod,/root/nfs/isca23_dlrm/reproduce_isca23_cpu_DLRM_inference/datasets/reuse_low/table_500K.txt,500000
dataset prod,/root/nfs/isca23_dlrm/reproduce_isca23_cpu_DLRM_inference/datasets/reuse_low/table_500K.txt,500000
dataset prod,/root/nfs/isca23_dlrm/reproduce_isca23_cpu_DLRM_inference/datasets/reuse_low/table_500K.txt,500000
dataset prod,/root/nfs/isca23_dlrm/reproduce_isca23_cpu_DLRM_inference/datasets/reuse_low/table_500K.txt,500000
dataset prod,/root/nfs/isca23_dlrm/reproduce_isca23_cpu_DLRM_inference/datasets/reuse_low/table_500K.txt,500000
dataset prod,/root/nfs/isca23_dlrm/reproduce_isca23_cpu_DLRM_inference/datasets/reuse_low/table_500K.txt,500000
dataset prod,/root/nfs/isca23_dlrm/reproduce_isca23_cpu_DLRM_inference/datasets/reuse_low/table_500K.txt,500000
dataset prod,/root/nfs/isca23_dlrm/reproduce_isca23_cpu_DLRM_inference/datasets/reuse_low/table_500K.txt,500000
dataset prod,/root/nfs/isca23_dlrm/reproduce_isca23_cpu_DLRM_inference/datasets/reuse_low/table_500K.txt,500000
dataset prod,/root/nfs/isca23_dlrm/reproduce_isca23_cpu_DLRM_inference/datasets/reuse_low/table_500K.txt,500000
dataset prod,/root/nfs/isca23_dlrm/reproduce_isca23_cpu_DLRM_inference/datasets/reuse_low/table_500K.txt,500000
dataset prod,/root/nfs/isca23_dlrm/reproduce_isca23_cpu_DLRM_inference/datasets/reuse_low/table_500K.txt,500000
dataset prod,/root/nfs/isca23_dlrm/reproduce_isca23_cpu_DLRM_inference/datasets/reuse_low/table_500K.txt,500000
dataset prod,/root/nfs/isca23_dlrm/reproduce_isca23_cpu_DLRM_inference/datasets/reuse_low/table_500K.txt,500000
dataset prod,/root/nfs/isca23_dlrm/reproduce_isca23_cpu_DLRM_inference/datasets/reuse_low/table_500K.txt,500000
dataset prod,/root/nfs/isca23_dlrm/reproduce_isca23_cpu_DLRM_inference/datasets/reuse_low/table_500K.txt,500000
dataset prod,/root/nfs/isca23_dlrm/reproduce_isca23_cpu_DLRM_inference/datasets/reuse_low/table_500K.txt,500000
dataset prod,/root/nfs/isca23_dlrm/reproduce_isca23_cpu_DLRM_inference/datasets/reuse_low/table_500K.txt,500000
dataset prod,/root/nfs/isca23_dlrm/reproduce_isca23_cpu_DLRM_inference/datasets/reuse_low/table_500K.txt,500000
dataset prod,/root/nfs/isca23_dlrm/reproduce_isca23_cpu_DLRM_inference/datasets/reuse_low/table_500K.txt,500000
dataset prod,/root/nfs/isca23_dlrm/reproduce_isca23_cpu_DLRM_inference/datasets/reuse_low/table_500K.txt,500000
dataset prod,/root/nfs/isca23_dlrm/reproduce_isca23_cpu_DLRM_inference/datasets/reuse_low/table_500K.txt,500000
dataset prod,/root/nfs/isca23_dlrm/reproduce_isca23_cpu_DLRM_inference/datasets/reuse_low/table_500K.txt,500000
dataset prod,/root/nfs/isca23_dlrm/reproduce_isca23_cpu_DLRM_inference/datasets/reuse_low/table_500K.txt,500000
dataset prod,/root/nfs/isca23_dlrm/reproduce_isca23_cpu_DLRM_inference/datasets/reuse_low/table_500K.txt,500000
dataset prod,/root/nfs/isca23_dlrm/reproduce_isca23_cpu_DLRM_inference/datasets/reuse_low/table_500K.txt,500000
dataset prod,/root/nfs/isca23_dlrm/reproduce_isca23_cpu_DLRM_inference/datasets/reuse_low/table_500K.txt,500000
dataset prod,/root/nfs/isca23_dlrm/reproduce_isca23_cpu_DLRM_inference/datasets/reuse_low/table_500K.txt,500000
dataset prod,/root/nfs/isca23_dlrm/reproduce_isca23_cpu_DLRM_inference/datasets/reuse_low/table_500K.txt,500000
dataset prod,/root/nfs/isca23_dlrm/reproduce_isca23_cpu_DLRM_inference/datasets/reuse_low/table_500K.txt,500000
dataset prod,/root/nfs/isca23_dlrm/reproduce_isca23_cpu_DLRM_inference/datasets/reuse_low/table_500K.txt,500000
dataset prod,/root/nfs/isca23_dlrm/reproduce_isca23_cpu_DLRM_inference/datasets/reuse_low/table_500K.txt,500000
dataset prod,/root/nfs/isca23_dlrm/reproduce_isca23_cpu_DLRM_inference/datasets/reuse_low/table_500K.txt,500000
dataset prod,/root/nfs/isca23_dlrm/reproduce_isca23_cpu_DLRM_inference/datasets/reuse_low/table_500K.txt,500000
dataset prod,/root/nfs/isca23_dlrm/reproduce_isca23_cpu_DLRM_inference/datasets/reuse_low/table_500K.txt,500000
dataset prod,/root/nfs/isca23_dlrm/reproduce_isca23_cpu_DLRM_inference/datasets/reuse_low/table_500K.txt,500000
dataset prod,/root/nfs/isca23_dlrm/reproduce_isca23_cpu_DLRM_inference/datasets/reuse_low/table_500K.txt,500000
dataset prod,/root/nfs/isca23_dlrm/reproduce_isca23_cpu_DLRM_inference/datasets/reuse_low/table_500K.txt,500000
dataset prod,/root/nfs/isca23_dlrm/reproduce_isca23_cpu_DLRM_inference/datasets/reuse_low/table_500K.txt,500000
dataset prod,/root/nfs/isca23_dlrm/reproduce_isca23_cpu_DLRM_inference/datasets/reuse_low/table_500K.txt,500000
dataset prod,/root/nfs/isca23_dlrm/reproduce_isca23_cpu_DLRM_inference/datasets/reuse_low/table_500K.txt,500000
dataset prod,/root/nfs/isca23_dlrm/reproduce_isca23_cpu_DLRM_inference/datasets/reuse_low/table_500K.txt,500000
dataset prod,/root/nfs/isca23_dlrm/reproduce_isca23_cpu_DLRM_inference/datasets/reuse_low/table_500K.txt,500000
dataset prod,/root/nfs/isca23_dlrm/reproduce_isca23_cpu_DLRM_inference/datasets/reuse_low/table_500K.txt,500000
dataset prod,/root/nfs/isca23_dlrm/reproduce_isca23_cpu_DLRM_inference/datasets/reuse_low/table_500K.txt,500000
dataset prod,/root/nfs/isca23_dlrm/reproduce_isca23_cpu_DLRM_inference/datasets/reuse_low/table_500K.txt,500000
dataset prod,/root/nfs/isca23_dlrm/reproduce_isca23_cpu_DLRM_inference/datasets/reuse_low/table_500K.txt,500000
dataset prod,/root/nfs/isca23_dlrm/reproduce_isca23_cpu_DLRM_inference/datasets/reuse_low/table_500K.txt,500000
dataset prod,/root/nfs/isca23_dlrm/reproduce_isca23_cpu_DLRM_inference/datasets/reuse_low/table_500K.txt,500000
dataset prod,/root/nfs/isca23_dlrm/reproduce_isca23_cpu_DLRM_inference/datasets/reuse_low/table_500K.txt,500000
dataset prod,/root/nfs/isca23_dlrm/reproduce_isca23_cpu_DLRM_inference/datasets/reuse_low/table_500K.txt,500000
dataset prod,/root/nfs/isca23_dlrm/reproduce_isca23_cpu_DLRM_inference/datasets/reuse_low/table_500K.txt,500000
dataset prod,/root/nfs/isca23_dlrm/reproduce_isca23_cpu_DLRM_inference/datasets/reuse_low/table_500K.txt,500000
dataset prod,/root/nfs/isca23_dlrm/reproduce_isca23_cpu_DLRM_inference/datasets/reuse_low/table_500K.txt,500000
dataset prod,/root/nfs/isca23_dlrm/reproduce_isca23_cpu_DLRM_inference/datasets/reuse_low/table_500K.txt,500000
dataset prod,/root/nfs/isca23_dlrm/reproduce_isca23_cpu_DLRM_inference/datasets/reuse_low/table_500K.txt,500000
dataset prod,/root/nfs/isca23_dlrm/reproduce_isca23_cpu_DLRM_inference/datasets/reuse_low/table_500K.txt,500000
dataset prod,/root/nfs/isca23_dlrm/reproduce_isca23_cpu_DLRM_inference/datasets/reuse_low/table_500K.txt,500000
dataset prod,/root/nfs/isca23_dlrm/reproduce_isca23_cpu_DLRM_inference/datasets/reuse_low/table_500K.txt,500000
dataset prod,/root/nfs/isca23_dlrm/reproduce_isca23_cpu_DLRM_inference/datasets/reuse_low/table_500K.txt,500000
dataset prod,/root/nfs/isca23_dlrm/reproduce_isca23_cpu_DLRM_inference/datasets/reuse_low/table_500K.txt,500000
dataset prod,/root/nfs/isca23_dlrm/reproduce_isca23_cpu_DLRM_inference/datasets/reuse_low/table_500K.txt,500000
dataset prod,/root/nfs/isca23_dlrm/reproduce_isca23_cpu_DLRM_inference/datasets/reuse_low/table_500K.txt,500000
dataset prod,/root/nfs/isca23_dlrm/reproduce_isca23_cpu_DLRM_inference/datasets/reuse_low/table_500K.txt,500000
dataset prod,/root/nfs/isca23_dlrm/reproduce_isca23_cpu_DLRM_inference/datasets/reuse_low/table_500K.txt,500000
dataset prod,/root/nfs/isca23_dlrm/reproduce_isca23_cpu_DLRM_inference/datasets/reuse_low/table_500K.txt,500000
Average latency per example: 33.879ms
Total number of iterations: 120
Total number of iterations per second (across all threads): 29.52
Total time: 4.065s
Throughput: 1889.070 fps
 
Using CPU...
start to create emb, minimally need ~3.814697265625 G memory 
may actually use more memory depends on memory allocator like tcmalloc/jemalloc
current mem usage: 0.2736358642578125 G
Create Embedding: 500000
Create Embedding: 500000
Create Embedding: 500000
Create Embedding: 500000
Create Embedding: 500000
Create Embedding: 500000
Create Embedding: 500000
Create Embedding: 500000
Create Embedding: 500000
Create Embedding: 500000
Create Embedding: 500000
Create Embedding: 500000
Create Embedding: 500000
Create Embedding: 500000
Create Embedding: 500000
Create Embedding: 500000
Create Embedding: 500000
Create Embedding: 500000
Create Embedding: 500000
Create Embedding: 500000
Create Embedding: 500000
Create Embedding: 500000
Create Embedding: 500000
Create Embedding: 500000
Create Embedding: 500000
Create Embedding: 500000
Create Embedding: 500000
Create Embedding: 500000
Create Embedding: 500000
Create Embedding: 500000
Create Embedding: 500000
Create Embedding: 500000
create emb done, current mem usage: 4.090991973876953 G
time/loss/accuracy (if enabled):
Initialize for not inference only done, current mem usage: 4.090991973876953 G
Testing for inference only
dataset prod,/root/nfs/isca23_dlrm/reproduce_isca23_cpu_DLRM_inference/datasets/reuse_medium/table_500K.txt,500000
dataset prod,/root/nfs/isca23_dlrm/reproduce_isca23_cpu_DLRM_inference/datasets/reuse_medium/table_500K.txt,500000
dataset prod,/root/nfs/isca23_dlrm/reproduce_isca23_cpu_DLRM_inference/datasets/reuse_medium/table_500K.txt,500000
dataset prod,/root/nfs/isca23_dlrm/reproduce_isca23_cpu_DLRM_inference/datasets/reuse_medium/table_500K.txt,500000
dataset prod,/root/nfs/isca23_dlrm/reproduce_isca23_cpu_DLRM_inference/datasets/reuse_medium/table_500K.txt,500000
dataset prod,/root/nfs/isca23_dlrm/reproduce_isca23_cpu_DLRM_inference/datasets/reuse_medium/table_500K.txt,500000
dataset prod,/root/nfs/isca23_dlrm/reproduce_isca23_cpu_DLRM_inference/datasets/reuse_medium/table_500K.txt,500000
dataset prod,/root/nfs/isca23_dlrm/reproduce_isca23_cpu_DLRM_inference/datasets/reuse_medium/table_500K.txt,500000
dataset prod,/root/nfs/isca23_dlrm/reproduce_isca23_cpu_DLRM_inference/datasets/reuse_medium/table_500K.txt,500000
dataset prod,/root/nfs/isca23_dlrm/reproduce_isca23_cpu_DLRM_inference/datasets/reuse_medium/table_500K.txt,500000
dataset prod,/root/nfs/isca23_dlrm/reproduce_isca23_cpu_DLRM_inference/datasets/reuse_medium/table_500K.txt,500000
dataset prod,/root/nfs/isca23_dlrm/reproduce_isca23_cpu_DLRM_inference/datasets/reuse_medium/table_500K.txt,500000
dataset prod,/root/nfs/isca23_dlrm/reproduce_isca23_cpu_DLRM_inference/datasets/reuse_medium/table_500K.txt,500000
dataset prod,/root/nfs/isca23_dlrm/reproduce_isca23_cpu_DLRM_inference/datasets/reuse_medium/table_500K.txt,500000
dataset prod,/root/nfs/isca23_dlrm/reproduce_isca23_cpu_DLRM_inference/datasets/reuse_medium/table_500K.txt,500000
dataset prod,/root/nfs/isca23_dlrm/reproduce_isca23_cpu_DLRM_inference/datasets/reuse_medium/table_500K.txt,500000
dataset prod,/root/nfs/isca23_dlrm/reproduce_isca23_cpu_DLRM_inference/datasets/reuse_medium/table_500K.txt,500000
dataset prod,/root/nfs/isca23_dlrm/reproduce_isca23_cpu_DLRM_inference/datasets/reuse_medium/table_500K.txt,500000
dataset prod,/root/nfs/isca23_dlrm/reproduce_isca23_cpu_DLRM_inference/datasets/reuse_medium/table_500K.txt,500000
dataset prod,/root/nfs/isca23_dlrm/reproduce_isca23_cpu_DLRM_inference/datasets/reuse_medium/table_500K.txt,500000
dataset prod,/root/nfs/isca23_dlrm/reproduce_isca23_cpu_DLRM_inference/datasets/reuse_medium/table_500K.txt,500000
dataset prod,/root/nfs/isca23_dlrm/reproduce_isca23_cpu_DLRM_inference/datasets/reuse_medium/table_500K.txt,500000
dataset prod,/root/nfs/isca23_dlrm/reproduce_isca23_cpu_DLRM_inference/datasets/reuse_medium/table_500K.txt,500000
dataset prod,/root/nfs/isca23_dlrm/reproduce_isca23_cpu_DLRM_inference/datasets/reuse_medium/table_500K.txt,500000
dataset prod,/root/nfs/isca23_dlrm/reproduce_isca23_cpu_DLRM_inference/datasets/reuse_medium/table_500K.txt,500000
dataset prod,/root/nfs/isca23_dlrm/reproduce_isca23_cpu_DLRM_inference/datasets/reuse_medium/table_500K.txt,500000
dataset prod,/root/nfs/isca23_dlrm/reproduce_isca23_cpu_DLRM_inference/datasets/reuse_medium/table_500K.txt,500000
dataset prod,/root/nfs/isca23_dlrm/reproduce_isca23_cpu_DLRM_inference/datasets/reuse_medium/table_500K.txt,500000
dataset prod,/root/nfs/isca23_dlrm/reproduce_isca23_cpu_DLRM_inference/datasets/reuse_medium/table_500K.txt,500000
dataset prod,/root/nfs/isca23_dlrm/reproduce_isca23_cpu_DLRM_inference/datasets/reuse_medium/table_500K.txt,500000
dataset prod,/root/nfs/isca23_dlrm/reproduce_isca23_cpu_DLRM_inference/datasets/reuse_medium/table_500K.txt,500000
dataset prod,/root/nfs/isca23_dlrm/reproduce_isca23_cpu_DLRM_inference/datasets/reuse_medium/table_500K.txt,500000
dataset prod,/root/nfs/isca23_dlrm/reproduce_isca23_cpu_DLRM_inference/datasets/reuse_medium/table_500K.txt,500000
dataset prod,/root/nfs/isca23_dlrm/reproduce_isca23_cpu_DLRM_inference/datasets/reuse_medium/table_500K.txt,500000
dataset prod,/root/nfs/isca23_dlrm/reproduce_isca23_cpu_DLRM_inference/datasets/reuse_medium/table_500K.txt,500000
dataset prod,/root/nfs/isca23_dlrm/reproduce_isca23_cpu_DLRM_inference/datasets/reuse_medium/table_500K.txt,500000
dataset prod,/root/nfs/isca23_dlrm/reproduce_isca23_cpu_DLRM_inference/datasets/reuse_medium/table_500K.txt,500000
dataset prod,/root/nfs/isca23_dlrm/reproduce_isca23_cpu_DLRM_inference/datasets/reuse_medium/table_500K.txt,500000
dataset prod,/root/nfs/isca23_dlrm/reproduce_isca23_cpu_DLRM_inference/datasets/reuse_medium/table_500K.txt,500000
dataset prod,/root/nfs/isca23_dlrm/reproduce_isca23_cpu_DLRM_inference/datasets/reuse_medium/table_500K.txt,500000
dataset prod,/root/nfs/isca23_dlrm/reproduce_isca23_cpu_DLRM_inference/datasets/reuse_medium/table_500K.txt,500000
dataset prod,/root/nfs/isca23_dlrm/reproduce_isca23_cpu_DLRM_inference/datasets/reuse_medium/table_500K.txt,500000
dataset prod,/root/nfs/isca23_dlrm/reproduce_isca23_cpu_DLRM_inference/datasets/reuse_medium/table_500K.txt,500000
dataset prod,/root/nfs/isca23_dlrm/reproduce_isca23_cpu_DLRM_inference/datasets/reuse_medium/table_500K.txt,500000
dataset prod,/root/nfs/isca23_dlrm/reproduce_isca23_cpu_DLRM_inference/datasets/reuse_medium/table_500K.txt,500000
dataset prod,/root/nfs/isca23_dlrm/reproduce_isca23_cpu_DLRM_inference/datasets/reuse_medium/table_500K.txt,500000
dataset prod,/root/nfs/isca23_dlrm/reproduce_isca23_cpu_DLRM_inference/datasets/reuse_medium/table_500K.txt,500000
dataset prod,/root/nfs/isca23_dlrm/reproduce_isca23_cpu_DLRM_inference/datasets/reuse_medium/table_500K.txt,500000
dataset prod,/root/nfs/isca23_dlrm/reproduce_isca23_cpu_DLRM_inference/datasets/reuse_medium/table_500K.txt,500000
dataset prod,/root/nfs/isca23_dlrm/reproduce_isca23_cpu_DLRM_inference/datasets/reuse_medium/table_500K.txt,500000
dataset prod,/root/nfs/isca23_dlrm/reproduce_isca23_cpu_DLRM_inference/datasets/reuse_medium/table_500K.txt,500000
dataset prod,/root/nfs/isca23_dlrm/reproduce_isca23_cpu_DLRM_inference/datasets/reuse_medium/table_500K.txt,500000
dataset prod,/root/nfs/isca23_dlrm/reproduce_isca23_cpu_DLRM_inference/datasets/reuse_medium/table_500K.txt,500000
dataset prod,/root/nfs/isca23_dlrm/reproduce_isca23_cpu_DLRM_inference/datasets/reuse_medium/table_500K.txt,500000
dataset prod,/root/nfs/isca23_dlrm/reproduce_isca23_cpu_DLRM_inference/datasets/reuse_medium/table_500K.txt,500000
dataset prod,/root/nfs/isca23_dlrm/reproduce_isca23_cpu_DLRM_inference/datasets/reuse_medium/table_500K.txt,500000
dataset prod,/root/nfs/isca23_dlrm/reproduce_isca23_cpu_DLRM_inference/datasets/reuse_medium/table_500K.txt,500000
dataset prod,/root/nfs/isca23_dlrm/reproduce_isca23_cpu_DLRM_inference/datasets/reuse_medium/table_500K.txt,500000
dataset prod,/root/nfs/isca23_dlrm/reproduce_isca23_cpu_DLRM_inference/datasets/reuse_medium/table_500K.txt,500000
dataset prod,/root/nfs/isca23_dlrm/reproduce_isca23_cpu_DLRM_inference/datasets/reuse_medium/table_500K.txt,500000
dataset prod,/root/nfs/isca23_dlrm/reproduce_isca23_cpu_DLRM_inference/datasets/reuse_medium/table_500K.txt,500000
dataset prod,/root/nfs/isca23_dlrm/reproduce_isca23_cpu_DLRM_inference/datasets/reuse_medium/table_500K.txt,500000
dataset prod,/root/nfs/isca23_dlrm/reproduce_isca23_cpu_DLRM_inference/datasets/reuse_medium/table_500K.txt,500000
dataset prod,/root/nfs/isca23_dlrm/reproduce_isca23_cpu_DLRM_inference/datasets/reuse_medium/table_500K.txt,500000
dataset prod,/root/nfs/isca23_dlrm/reproduce_isca23_cpu_DLRM_inference/datasets/reuse_medium/table_500K.txt,500000
dataset prod,/root/nfs/isca23_dlrm/reproduce_isca23_cpu_DLRM_inference/datasets/reuse_medium/table_500K.txt,500000
dataset prod,/root/nfs/isca23_dlrm/reproduce_isca23_cpu_DLRM_inference/datasets/reuse_medium/table_500K.txt,500000
dataset prod,/root/nfs/isca23_dlrm/reproduce_isca23_cpu_DLRM_inference/datasets/reuse_medium/table_500K.txt,500000
dataset prod,/root/nfs/isca23_dlrm/reproduce_isca23_cpu_DLRM_inference/datasets/reuse_medium/table_500K.txt,500000
dataset prod,/root/nfs/isca23_dlrm/reproduce_isca23_cpu_DLRM_inference/datasets/reuse_medium/table_500K.txt,500000
dataset prod,/root/nfs/isca23_dlrm/reproduce_isca23_cpu_DLRM_inference/datasets/reuse_medium/table_500K.txt,500000
dataset prod,/root/nfs/isca23_dlrm/reproduce_isca23_cpu_DLRM_inference/datasets/reuse_medium/table_500K.txt,500000
dataset prod,/root/nfs/isca23_dlrm/reproduce_isca23_cpu_DLRM_inference/datasets/reuse_medium/table_500K.txt,500000
dataset prod,/root/nfs/isca23_dlrm/reproduce_isca23_cpu_DLRM_inference/datasets/reuse_medium/table_500K.txt,500000
dataset prod,/root/nfs/isca23_dlrm/reproduce_isca23_cpu_DLRM_inference/datasets/reuse_medium/table_500K.txt,500000
dataset prod,/root/nfs/isca23_dlrm/reproduce_isca23_cpu_DLRM_inference/datasets/reuse_medium/table_500K.txt,500000
dataset prod,/root/nfs/isca23_dlrm/reproduce_isca23_cpu_DLRM_inference/datasets/reuse_medium/table_500K.txt,500000
dataset prod,/root/nfs/isca23_dlrm/reproduce_isca23_cpu_DLRM_inference/datasets/reuse_medium/table_500K.txt,500000
dataset prod,/root/nfs/isca23_dlrm/reproduce_isca23_cpu_DLRM_inference/datasets/reuse_medium/table_500K.txt,500000
dataset prod,/root/nfs/isca23_dlrm/reproduce_isca23_cpu_DLRM_inference/datasets/reuse_medium/table_500K.txt,500000
dataset prod,/root/nfs/isca23_dlrm/reproduce_isca23_cpu_DLRM_inference/datasets/reuse_medium/table_500K.txt,500000
dataset prod,/root/nfs/isca23_dlrm/reproduce_isca23_cpu_DLRM_inference/datasets/reuse_medium/table_500K.txt,500000
dataset prod,/root/nfs/isca23_dlrm/reproduce_isca23_cpu_DLRM_inference/datasets/reuse_medium/table_500K.txt,500000
dataset prod,/root/nfs/isca23_dlrm/reproduce_isca23_cpu_DLRM_inference/datasets/reuse_medium/table_500K.txt,500000
dataset prod,/root/nfs/isca23_dlrm/reproduce_isca23_cpu_DLRM_inference/datasets/reuse_medium/table_500K.txt,500000
dataset prod,/root/nfs/isca23_dlrm/reproduce_isca23_cpu_DLRM_inference/datasets/reuse_medium/table_500K.txt,500000
dataset prod,/root/nfs/isca23_dlrm/reproduce_isca23_cpu_DLRM_inference/datasets/reuse_medium/table_500K.txt,500000
dataset prod,/root/nfs/isca23_dlrm/reproduce_isca23_cpu_DLRM_inference/datasets/reuse_medium/table_500K.txt,500000
dataset prod,/root/nfs/isca23_dlrm/reproduce_isca23_cpu_DLRM_inference/datasets/reuse_medium/table_500K.txt,500000
dataset prod,/root/nfs/isca23_dlrm/reproduce_isca23_cpu_DLRM_inference/datasets/reuse_medium/table_500K.txt,500000
dataset prod,/root/nfs/isca23_dlrm/reproduce_isca23_cpu_DLRM_inference/datasets/reuse_medium/table_500K.txt,500000
dataset prod,/root/nfs/isca23_dlrm/reproduce_isca23_cpu_DLRM_inference/datasets/reuse_medium/table_500K.txt,500000
dataset prod,/root/nfs/isca23_dlrm/reproduce_isca23_cpu_DLRM_inference/datasets/reuse_medium/table_500K.txt,500000
dataset prod,/root/nfs/isca23_dlrm/reproduce_isca23_cpu_DLRM_inference/datasets/reuse_medium/table_500K.txt,500000
dataset prod,/root/nfs/isca23_dlrm/reproduce_isca23_cpu_DLRM_inference/datasets/reuse_medium/table_500K.txt,500000
dataset prod,/root/nfs/isca23_dlrm/reproduce_isca23_cpu_DLRM_inference/datasets/reuse_medium/table_500K.txt,500000
dataset prod,/root/nfs/isca23_dlrm/reproduce_isca23_cpu_DLRM_inference/datasets/reuse_medium/table_500K.txt,500000
dataset prod,/root/nfs/isca23_dlrm/reproduce_isca23_cpu_DLRM_inference/datasets/reuse_medium/table_500K.txt,500000
dataset prod,/root/nfs/isca23_dlrm/reproduce_isca23_cpu_DLRM_inference/datasets/reuse_medium/table_500K.txt,500000
dataset prod,/root/nfs/isca23_dlrm/reproduce_isca23_cpu_DLRM_inference/datasets/reuse_medium/table_500K.txt,500000
dataset prod,/root/nfs/isca23_dlrm/reproduce_isca23_cpu_DLRM_inference/datasets/reuse_medium/table_500K.txt,500000
dataset prod,/root/nfs/isca23_dlrm/reproduce_isca23_cpu_DLRM_inference/datasets/reuse_medium/table_500K.txt,500000
dataset prod,/root/nfs/isca23_dlrm/reproduce_isca23_cpu_DLRM_inference/datasets/reuse_medium/table_500K.txt,500000
dataset prod,/root/nfs/isca23_dlrm/reproduce_isca23_cpu_DLRM_inference/datasets/reuse_medium/table_500K.txt,500000
dataset prod,/root/nfs/isca23_dlrm/reproduce_isca23_cpu_DLRM_inference/datasets/reuse_medium/table_500K.txt,500000
dataset prod,/root/nfs/isca23_dlrm/reproduce_isca23_cpu_DLRM_inference/datasets/reuse_medium/table_500K.txt,500000
dataset prod,/root/nfs/isca23_dlrm/reproduce_isca23_cpu_DLRM_inference/datasets/reuse_medium/table_500K.txt,500000
dataset prod,/root/nfs/isca23_dlrm/reproduce_isca23_cpu_DLRM_inference/datasets/reuse_medium/table_500K.txt,500000
dataset prod,/root/nfs/isca23_dlrm/reproduce_isca23_cpu_DLRM_inference/datasets/reuse_medium/table_500K.txt,500000
dataset prod,/root/nfs/isca23_dlrm/reproduce_isca23_cpu_DLRM_inference/datasets/reuse_medium/table_500K.txt,500000
dataset prod,/root/nfs/isca23_dlrm/reproduce_isca23_cpu_DLRM_inference/datasets/reuse_medium/table_500K.txt,500000
dataset prod,/root/nfs/isca23_dlrm/reproduce_isca23_cpu_DLRM_inference/datasets/reuse_medium/table_500K.txt,500000
dataset prod,/root/nfs/isca23_dlrm/reproduce_isca23_cpu_DLRM_inference/datasets/reuse_medium/table_500K.txt,500000
dataset prod,/root/nfs/isca23_dlrm/reproduce_isca23_cpu_DLRM_inference/datasets/reuse_medium/table_500K.txt,500000
dataset prod,/root/nfs/isca23_dlrm/reproduce_isca23_cpu_DLRM_inference/datasets/reuse_medium/table_500K.txt,500000
dataset prod,/root/nfs/isca23_dlrm/reproduce_isca23_cpu_DLRM_inference/datasets/reuse_medium/table_500K.txt,500000
dataset prod,/root/nfs/isca23_dlrm/reproduce_isca23_cpu_DLRM_inference/datasets/reuse_medium/table_500K.txt,500000
dataset prod,/root/nfs/isca23_dlrm/reproduce_isca23_cpu_DLRM_inference/datasets/reuse_medium/table_500K.txt,500000
dataset prod,/root/nfs/isca23_dlrm/reproduce_isca23_cpu_DLRM_inference/datasets/reuse_medium/table_500K.txt,500000
dataset prod,/root/nfs/isca23_dlrm/reproduce_isca23_cpu_DLRM_inference/datasets/reuse_medium/table_500K.txt,500000
dataset prod,/root/nfs/isca23_dlrm/reproduce_isca23_cpu_DLRM_inference/datasets/reuse_medium/table_500K.txt,500000
Average latency per example: 30.602ms
Total number of iterations: 120
Total number of iterations per second (across all threads): 32.68
Total time: 3.672s
Throughput: 2091.394 fps
 
Using CPU...
start to create emb, minimally need ~3.814697265625 G memory 
may actually use more memory depends on memory allocator like tcmalloc/jemalloc
current mem usage: 0.2743797302246094 G
Create Embedding: 500000
Create Embedding: 500000
Create Embedding: 500000
Create Embedding: 500000
Create Embedding: 500000
Create Embedding: 500000
Create Embedding: 500000
Create Embedding: 500000
Create Embedding: 500000
Create Embedding: 500000
Create Embedding: 500000
Create Embedding: 500000
Create Embedding: 500000
Create Embedding: 500000
Create Embedding: 500000
Create Embedding: 500000
Create Embedding: 500000
Create Embedding: 500000
Create Embedding: 500000
Create Embedding: 500000
Create Embedding: 500000
Create Embedding: 500000
Create Embedding: 500000
Create Embedding: 500000
Create Embedding: 500000
Create Embedding: 500000
Create Embedding: 500000
Create Embedding: 500000
Create Embedding: 500000
Create Embedding: 500000
Create Embedding: 500000
Create Embedding: 500000
create emb done, current mem usage: 4.091777801513672 G
time/loss/accuracy (if enabled):
Initialize for not inference only done, current mem usage: 4.091777801513672 G
Testing for inference only
dataset prod,/root/nfs/isca23_dlrm/reproduce_isca23_cpu_DLRM_inference/datasets/reuse_high/table_500K.txt,500000
dataset prod,/root/nfs/isca23_dlrm/reproduce_isca23_cpu_DLRM_inference/datasets/reuse_high/table_500K.txt,500000
dataset prod,/root/nfs/isca23_dlrm/reproduce_isca23_cpu_DLRM_inference/datasets/reuse_high/table_500K.txt,500000
dataset prod,/root/nfs/isca23_dlrm/reproduce_isca23_cpu_DLRM_inference/datasets/reuse_high/table_500K.txt,500000
dataset prod,/root/nfs/isca23_dlrm/reproduce_isca23_cpu_DLRM_inference/datasets/reuse_high/table_500K.txt,500000
dataset prod,/root/nfs/isca23_dlrm/reproduce_isca23_cpu_DLRM_inference/datasets/reuse_high/table_500K.txt,500000
dataset prod,/root/nfs/isca23_dlrm/reproduce_isca23_cpu_DLRM_inference/datasets/reuse_high/table_500K.txt,500000
dataset prod,/root/nfs/isca23_dlrm/reproduce_isca23_cpu_DLRM_inference/datasets/reuse_high/table_500K.txt,500000
dataset prod,/root/nfs/isca23_dlrm/reproduce_isca23_cpu_DLRM_inference/datasets/reuse_high/table_500K.txt,500000
dataset prod,/root/nfs/isca23_dlrm/reproduce_isca23_cpu_DLRM_inference/datasets/reuse_high/table_500K.txt,500000
dataset prod,/root/nfs/isca23_dlrm/reproduce_isca23_cpu_DLRM_inference/datasets/reuse_high/table_500K.txt,500000
dataset prod,/root/nfs/isca23_dlrm/reproduce_isca23_cpu_DLRM_inference/datasets/reuse_high/table_500K.txt,500000
dataset prod,/root/nfs/isca23_dlrm/reproduce_isca23_cpu_DLRM_inference/datasets/reuse_high/table_500K.txt,500000
dataset prod,/root/nfs/isca23_dlrm/reproduce_isca23_cpu_DLRM_inference/datasets/reuse_high/table_500K.txt,500000
dataset prod,/root/nfs/isca23_dlrm/reproduce_isca23_cpu_DLRM_inference/datasets/reuse_high/table_500K.txt,500000
dataset prod,/root/nfs/isca23_dlrm/reproduce_isca23_cpu_DLRM_inference/datasets/reuse_high/table_500K.txt,500000
dataset prod,/root/nfs/isca23_dlrm/reproduce_isca23_cpu_DLRM_inference/datasets/reuse_high/table_500K.txt,500000
dataset prod,/root/nfs/isca23_dlrm/reproduce_isca23_cpu_DLRM_inference/datasets/reuse_high/table_500K.txt,500000
dataset prod,/root/nfs/isca23_dlrm/reproduce_isca23_cpu_DLRM_inference/datasets/reuse_high/table_500K.txt,500000
dataset prod,/root/nfs/isca23_dlrm/reproduce_isca23_cpu_DLRM_inference/datasets/reuse_high/table_500K.txt,500000
dataset prod,/root/nfs/isca23_dlrm/reproduce_isca23_cpu_DLRM_inference/datasets/reuse_high/table_500K.txt,500000
dataset prod,/root/nfs/isca23_dlrm/reproduce_isca23_cpu_DLRM_inference/datasets/reuse_high/table_500K.txt,500000
dataset prod,/root/nfs/isca23_dlrm/reproduce_isca23_cpu_DLRM_inference/datasets/reuse_high/table_500K.txt,500000
dataset prod,/root/nfs/isca23_dlrm/reproduce_isca23_cpu_DLRM_inference/datasets/reuse_high/table_500K.txt,500000
dataset prod,/root/nfs/isca23_dlrm/reproduce_isca23_cpu_DLRM_inference/datasets/reuse_high/table_500K.txt,500000
dataset prod,/root/nfs/isca23_dlrm/reproduce_isca23_cpu_DLRM_inference/datasets/reuse_high/table_500K.txt,500000
dataset prod,/root/nfs/isca23_dlrm/reproduce_isca23_cpu_DLRM_inference/datasets/reuse_high/table_500K.txt,500000
dataset prod,/root/nfs/isca23_dlrm/reproduce_isca23_cpu_DLRM_inference/datasets/reuse_high/table_500K.txt,500000
dataset prod,/root/nfs/isca23_dlrm/reproduce_isca23_cpu_DLRM_inference/datasets/reuse_high/table_500K.txt,500000
dataset prod,/root/nfs/isca23_dlrm/reproduce_isca23_cpu_DLRM_inference/datasets/reuse_high/table_500K.txt,500000
dataset prod,/root/nfs/isca23_dlrm/reproduce_isca23_cpu_DLRM_inference/datasets/reuse_high/table_500K.txt,500000
dataset prod,/root/nfs/isca23_dlrm/reproduce_isca23_cpu_DLRM_inference/datasets/reuse_high/table_500K.txt,500000
dataset prod,/root/nfs/isca23_dlrm/reproduce_isca23_cpu_DLRM_inference/datasets/reuse_high/table_500K.txt,500000
dataset prod,/root/nfs/isca23_dlrm/reproduce_isca23_cpu_DLRM_inference/datasets/reuse_high/table_500K.txt,500000
dataset prod,/root/nfs/isca23_dlrm/reproduce_isca23_cpu_DLRM_inference/datasets/reuse_high/table_500K.txt,500000
dataset prod,/root/nfs/isca23_dlrm/reproduce_isca23_cpu_DLRM_inference/datasets/reuse_high/table_500K.txt,500000
dataset prod,/root/nfs/isca23_dlrm/reproduce_isca23_cpu_DLRM_inference/datasets/reuse_high/table_500K.txt,500000
dataset prod,/root/nfs/isca23_dlrm/reproduce_isca23_cpu_DLRM_inference/datasets/reuse_high/table_500K.txt,500000
dataset prod,/root/nfs/isca23_dlrm/reproduce_isca23_cpu_DLRM_inference/datasets/reuse_high/table_500K.txt,500000
dataset prod,/root/nfs/isca23_dlrm/reproduce_isca23_cpu_DLRM_inference/datasets/reuse_high/table_500K.txt,500000
dataset prod,/root/nfs/isca23_dlrm/reproduce_isca23_cpu_DLRM_inference/datasets/reuse_high/table_500K.txt,500000
dataset prod,/root/nfs/isca23_dlrm/reproduce_isca23_cpu_DLRM_inference/datasets/reuse_high/table_500K.txt,500000
dataset prod,/root/nfs/isca23_dlrm/reproduce_isca23_cpu_DLRM_inference/datasets/reuse_high/table_500K.txt,500000
dataset prod,/root/nfs/isca23_dlrm/reproduce_isca23_cpu_DLRM_inference/datasets/reuse_high/table_500K.txt,500000
dataset prod,/root/nfs/isca23_dlrm/reproduce_isca23_cpu_DLRM_inference/datasets/reuse_high/table_500K.txt,500000
dataset prod,/root/nfs/isca23_dlrm/reproduce_isca23_cpu_DLRM_inference/datasets/reuse_high/table_500K.txt,500000
dataset prod,/root/nfs/isca23_dlrm/reproduce_isca23_cpu_DLRM_inference/datasets/reuse_high/table_500K.txt,500000
dataset prod,/root/nfs/isca23_dlrm/reproduce_isca23_cpu_DLRM_inference/datasets/reuse_high/table_500K.txt,500000
dataset prod,/root/nfs/isca23_dlrm/reproduce_isca23_cpu_DLRM_inference/datasets/reuse_high/table_500K.txt,500000
dataset prod,/root/nfs/isca23_dlrm/reproduce_isca23_cpu_DLRM_inference/datasets/reuse_high/table_500K.txt,500000
dataset prod,/root/nfs/isca23_dlrm/reproduce_isca23_cpu_DLRM_inference/datasets/reuse_high/table_500K.txt,500000
dataset prod,/root/nfs/isca23_dlrm/reproduce_isca23_cpu_DLRM_inference/datasets/reuse_high/table_500K.txt,500000
dataset prod,/root/nfs/isca23_dlrm/reproduce_isca23_cpu_DLRM_inference/datasets/reuse_high/table_500K.txt,500000
dataset prod,/root/nfs/isca23_dlrm/reproduce_isca23_cpu_DLRM_inference/datasets/reuse_high/table_500K.txt,500000
dataset prod,/root/nfs/isca23_dlrm/reproduce_isca23_cpu_DLRM_inference/datasets/reuse_high/table_500K.txt,500000
dataset prod,/root/nfs/isca23_dlrm/reproduce_isca23_cpu_DLRM_inference/datasets/reuse_high/table_500K.txt,500000
dataset prod,/root/nfs/isca23_dlrm/reproduce_isca23_cpu_DLRM_inference/datasets/reuse_high/table_500K.txt,500000
dataset prod,/root/nfs/isca23_dlrm/reproduce_isca23_cpu_DLRM_inference/datasets/reuse_high/table_500K.txt,500000
dataset prod,/root/nfs/isca23_dlrm/reproduce_isca23_cpu_DLRM_inference/datasets/reuse_high/table_500K.txt,500000
dataset prod,/root/nfs/isca23_dlrm/reproduce_isca23_cpu_DLRM_inference/datasets/reuse_high/table_500K.txt,500000
dataset prod,/root/nfs/isca23_dlrm/reproduce_isca23_cpu_DLRM_inference/datasets/reuse_high/table_500K.txt,500000
dataset prod,/root/nfs/isca23_dlrm/reproduce_isca23_cpu_DLRM_inference/datasets/reuse_high/table_500K.txt,500000
dataset prod,/root/nfs/isca23_dlrm/reproduce_isca23_cpu_DLRM_inference/datasets/reuse_high/table_500K.txt,500000
dataset prod,/root/nfs/isca23_dlrm/reproduce_isca23_cpu_DLRM_inference/datasets/reuse_high/table_500K.txt,500000
dataset prod,/root/nfs/isca23_dlrm/reproduce_isca23_cpu_DLRM_inference/datasets/reuse_high/table_500K.txt,500000
dataset prod,/root/nfs/isca23_dlrm/reproduce_isca23_cpu_DLRM_inference/datasets/reuse_high/table_500K.txt,500000
dataset prod,/root/nfs/isca23_dlrm/reproduce_isca23_cpu_DLRM_inference/datasets/reuse_high/table_500K.txt,500000
dataset prod,/root/nfs/isca23_dlrm/reproduce_isca23_cpu_DLRM_inference/datasets/reuse_high/table_500K.txt,500000
dataset prod,/root/nfs/isca23_dlrm/reproduce_isca23_cpu_DLRM_inference/datasets/reuse_high/table_500K.txt,500000
dataset prod,/root/nfs/isca23_dlrm/reproduce_isca23_cpu_DLRM_inference/datasets/reuse_high/table_500K.txt,500000
dataset prod,/root/nfs/isca23_dlrm/reproduce_isca23_cpu_DLRM_inference/datasets/reuse_high/table_500K.txt,500000
dataset prod,/root/nfs/isca23_dlrm/reproduce_isca23_cpu_DLRM_inference/datasets/reuse_high/table_500K.txt,500000
dataset prod,/root/nfs/isca23_dlrm/reproduce_isca23_cpu_DLRM_inference/datasets/reuse_high/table_500K.txt,500000
dataset prod,/root/nfs/isca23_dlrm/reproduce_isca23_cpu_DLRM_inference/datasets/reuse_high/table_500K.txt,500000
dataset prod,/root/nfs/isca23_dlrm/reproduce_isca23_cpu_DLRM_inference/datasets/reuse_high/table_500K.txt,500000
dataset prod,/root/nfs/isca23_dlrm/reproduce_isca23_cpu_DLRM_inference/datasets/reuse_high/table_500K.txt,500000
dataset prod,/root/nfs/isca23_dlrm/reproduce_isca23_cpu_DLRM_inference/datasets/reuse_high/table_500K.txt,500000
dataset prod,/root/nfs/isca23_dlrm/reproduce_isca23_cpu_DLRM_inference/datasets/reuse_high/table_500K.txt,500000
dataset prod,/root/nfs/isca23_dlrm/reproduce_isca23_cpu_DLRM_inference/datasets/reuse_high/table_500K.txt,500000
dataset prod,/root/nfs/isca23_dlrm/reproduce_isca23_cpu_DLRM_inference/datasets/reuse_high/table_500K.txt,500000
dataset prod,/root/nfs/isca23_dlrm/reproduce_isca23_cpu_DLRM_inference/datasets/reuse_high/table_500K.txt,500000
dataset prod,/root/nfs/isca23_dlrm/reproduce_isca23_cpu_DLRM_inference/datasets/reuse_high/table_500K.txt,500000
dataset prod,/root/nfs/isca23_dlrm/reproduce_isca23_cpu_DLRM_inference/datasets/reuse_high/table_500K.txt,500000
dataset prod,/root/nfs/isca23_dlrm/reproduce_isca23_cpu_DLRM_inference/datasets/reuse_high/table_500K.txt,500000
dataset prod,/root/nfs/isca23_dlrm/reproduce_isca23_cpu_DLRM_inference/datasets/reuse_high/table_500K.txt,500000
dataset prod,/root/nfs/isca23_dlrm/reproduce_isca23_cpu_DLRM_inference/datasets/reuse_high/table_500K.txt,500000
dataset prod,/root/nfs/isca23_dlrm/reproduce_isca23_cpu_DLRM_inference/datasets/reuse_high/table_500K.txt,500000
dataset prod,/root/nfs/isca23_dlrm/reproduce_isca23_cpu_DLRM_inference/datasets/reuse_high/table_500K.txt,500000
dataset prod,/root/nfs/isca23_dlrm/reproduce_isca23_cpu_DLRM_inference/datasets/reuse_high/table_500K.txt,500000
dataset prod,/root/nfs/isca23_dlrm/reproduce_isca23_cpu_DLRM_inference/datasets/reuse_high/table_500K.txt,500000
dataset prod,/root/nfs/isca23_dlrm/reproduce_isca23_cpu_DLRM_inference/datasets/reuse_high/table_500K.txt,500000
dataset prod,/root/nfs/isca23_dlrm/reproduce_isca23_cpu_DLRM_inference/datasets/reuse_high/table_500K.txt,500000
dataset prod,/root/nfs/isca23_dlrm/reproduce_isca23_cpu_DLRM_inference/datasets/reuse_high/table_500K.txt,500000
dataset prod,/root/nfs/isca23_dlrm/reproduce_isca23_cpu_DLRM_inference/datasets/reuse_high/table_500K.txt,500000
dataset prod,/root/nfs/isca23_dlrm/reproduce_isca23_cpu_DLRM_inference/datasets/reuse_high/table_500K.txt,500000
dataset prod,/root/nfs/isca23_dlrm/reproduce_isca23_cpu_DLRM_inference/datasets/reuse_high/table_500K.txt,500000
dataset prod,/root/nfs/isca23_dlrm/reproduce_isca23_cpu_DLRM_inference/datasets/reuse_high/table_500K.txt,500000
dataset prod,/root/nfs/isca23_dlrm/reproduce_isca23_cpu_DLRM_inference/datasets/reuse_high/table_500K.txt,500000
dataset prod,/root/nfs/isca23_dlrm/reproduce_isca23_cpu_DLRM_inference/datasets/reuse_high/table_500K.txt,500000
dataset prod,/root/nfs/isca23_dlrm/reproduce_isca23_cpu_DLRM_inference/datasets/reuse_high/table_500K.txt,500000
dataset prod,/root/nfs/isca23_dlrm/reproduce_isca23_cpu_DLRM_inference/datasets/reuse_high/table_500K.txt,500000
dataset prod,/root/nfs/isca23_dlrm/reproduce_isca23_cpu_DLRM_inference/datasets/reuse_high/table_500K.txt,500000
dataset prod,/root/nfs/isca23_dlrm/reproduce_isca23_cpu_DLRM_inference/datasets/reuse_high/table_500K.txt,500000
dataset prod,/root/nfs/isca23_dlrm/reproduce_isca23_cpu_DLRM_inference/datasets/reuse_high/table_500K.txt,500000
dataset prod,/root/nfs/isca23_dlrm/reproduce_isca23_cpu_DLRM_inference/datasets/reuse_high/table_500K.txt,500000
dataset prod,/root/nfs/isca23_dlrm/reproduce_isca23_cpu_DLRM_inference/datasets/reuse_high/table_500K.txt,500000
dataset prod,/root/nfs/isca23_dlrm/reproduce_isca23_cpu_DLRM_inference/datasets/reuse_high/table_500K.txt,500000
dataset prod,/root/nfs/isca23_dlrm/reproduce_isca23_cpu_DLRM_inference/datasets/reuse_high/table_500K.txt,500000
dataset prod,/root/nfs/isca23_dlrm/reproduce_isca23_cpu_DLRM_inference/datasets/reuse_high/table_500K.txt,500000
dataset prod,/root/nfs/isca23_dlrm/reproduce_isca23_cpu_DLRM_inference/datasets/reuse_high/table_500K.txt,500000
dataset prod,/root/nfs/isca23_dlrm/reproduce_isca23_cpu_DLRM_inference/datasets/reuse_high/table_500K.txt,500000
dataset prod,/root/nfs/isca23_dlrm/reproduce_isca23_cpu_DLRM_inference/datasets/reuse_high/table_500K.txt,500000
dataset prod,/root/nfs/isca23_dlrm/reproduce_isca23_cpu_DLRM_inference/datasets/reuse_high/table_500K.txt,500000
dataset prod,/root/nfs/isca23_dlrm/reproduce_isca23_cpu_DLRM_inference/datasets/reuse_high/table_500K.txt,500000
dataset prod,/root/nfs/isca23_dlrm/reproduce_isca23_cpu_DLRM_inference/datasets/reuse_high/table_500K.txt,500000
dataset prod,/root/nfs/isca23_dlrm/reproduce_isca23_cpu_DLRM_inference/datasets/reuse_high/table_500K.txt,500000
dataset prod,/root/nfs/isca23_dlrm/reproduce_isca23_cpu_DLRM_inference/datasets/reuse_high/table_500K.txt,500000
dataset prod,/root/nfs/isca23_dlrm/reproduce_isca23_cpu_DLRM_inference/datasets/reuse_high/table_500K.txt,500000
dataset prod,/root/nfs/isca23_dlrm/reproduce_isca23_cpu_DLRM_inference/datasets/reuse_high/table_500K.txt,500000
dataset prod,/root/nfs/isca23_dlrm/reproduce_isca23_cpu_DLRM_inference/datasets/reuse_high/table_500K.txt,500000
dataset prod,/root/nfs/isca23_dlrm/reproduce_isca23_cpu_DLRM_inference/datasets/reuse_high/table_500K.txt,500000
Average latency per example: 25.681ms
Total number of iterations: 120
Total number of iterations per second (across all threads): 38.94
Total time: 3.082s
Throughput: 2492.162 fps
