Using CPU...
start to create emb, minimally need ~3.814697265625 G memory 
may actually use more memory depends on memory allocator like tcmalloc/jemalloc
current mem usage: 0.2745208740234375 G
Create Embedding: 500000
Create Embedding: 500000
Create Embedding: 500000
Create Embedding: 500000
Create Embedding: 500000
Create Embedding: 500000
Create Embedding: 500000
Create Embedding: 500000
Create Embedding: 500000
Create Embedding: 500000
Create Embedding: 500000
Create Embedding: 500000
Create Embedding: 500000
Create Embedding: 500000
Create Embedding: 500000
Create Embedding: 500000
Create Embedding: 500000
Create Embedding: 500000
Create Embedding: 500000
Create Embedding: 500000
Create Embedding: 500000
Create Embedding: 500000
Create Embedding: 500000
Create Embedding: 500000
Create Embedding: 500000
Create Embedding: 500000
Create Embedding: 500000
Create Embedding: 500000
Create Embedding: 500000
Create Embedding: 500000
Create Embedding: 500000
Create Embedding: 500000
create emb done, current mem usage: 4.091815948486328 G
time/loss/accuracy (if enabled):
Initialize for not inference only done, current mem usage: 4.091815948486328 G
Testing for inference only
dataset prod,/root/nfs/isca23_dlrm/reproduce_isca23_cpu_DLRM_inference/datasets/reuse_low/table_500K.txt,500000
dataset prod,/root/nfs/isca23_dlrm/reproduce_isca23_cpu_DLRM_inference/datasets/reuse_low/table_500K.txt,500000
dataset prod,/root/nfs/isca23_dlrm/reproduce_isca23_cpu_DLRM_inference/datasets/reuse_low/table_500K.txt,500000
dataset prod,/root/nfs/isca23_dlrm/reproduce_isca23_cpu_DLRM_inference/datasets/reuse_low/table_500K.txt,500000
dataset prod,/root/nfs/isca23_dlrm/reproduce_isca23_cpu_DLRM_inference/datasets/reuse_low/table_500K.txt,500000
dataset prod,/root/nfs/isca23_dlrm/reproduce_isca23_cpu_DLRM_inference/datasets/reuse_low/table_500K.txt,500000
dataset prod,/root/nfs/isca23_dlrm/reproduce_isca23_cpu_DLRM_inference/datasets/reuse_low/table_500K.txt,500000
dataset prod,/root/nfs/isca23_dlrm/reproduce_isca23_cpu_DLRM_inference/datasets/reuse_low/table_500K.txt,500000
dataset prod,/root/nfs/isca23_dlrm/reproduce_isca23_cpu_DLRM_inference/datasets/reuse_low/table_500K.txt,500000
dataset prod,/root/nfs/isca23_dlrm/reproduce_isca23_cpu_DLRM_inference/datasets/reuse_low/table_500K.txt,500000
dataset prod,/root/nfs/isca23_dlrm/reproduce_isca23_cpu_DLRM_inference/datasets/reuse_low/table_500K.txt,500000
dataset prod,/root/nfs/isca23_dlrm/reproduce_isca23_cpu_DLRM_inference/datasets/reuse_low/table_500K.txt,500000
dataset prod,/root/nfs/isca23_dlrm/reproduce_isca23_cpu_DLRM_inference/datasets/reuse_low/table_500K.txt,500000
dataset prod,/root/nfs/isca23_dlrm/reproduce_isca23_cpu_DLRM_inference/datasets/reuse_low/table_500K.txt,500000
dataset prod,/root/nfs/isca23_dlrm/reproduce_isca23_cpu_DLRM_inference/datasets/reuse_low/table_500K.txt,500000
dataset prod,/root/nfs/isca23_dlrm/reproduce_isca23_cpu_DLRM_inference/datasets/reuse_low/table_500K.txt,500000
dataset prod,/root/nfs/isca23_dlrm/reproduce_isca23_cpu_DLRM_inference/datasets/reuse_low/table_500K.txt,500000
dataset prod,/root/nfs/isca23_dlrm/reproduce_isca23_cpu_DLRM_inference/datasets/reuse_low/table_500K.txt,500000
dataset prod,/root/nfs/isca23_dlrm/reproduce_isca23_cpu_DLRM_inference/datasets/reuse_low/table_500K.txt,500000
dataset prod,/root/nfs/isca23_dlrm/reproduce_isca23_cpu_DLRM_inference/datasets/reuse_low/table_500K.txt,500000
dataset prod,/root/nfs/isca23_dlrm/reproduce_isca23_cpu_DLRM_inference/datasets/reuse_low/table_500K.txt,500000
dataset prod,/root/nfs/isca23_dlrm/reproduce_isca23_cpu_DLRM_inference/datasets/reuse_low/table_500K.txt,500000
dataset prod,/root/nfs/isca23_dlrm/reproduce_isca23_cpu_DLRM_inference/datasets/reuse_low/table_500K.txt,500000
dataset prod,/root/nfs/isca23_dlrm/reproduce_isca23_cpu_DLRM_inference/datasets/reuse_low/table_500K.txt,500000
dataset prod,/root/nfs/isca23_dlrm/reproduce_isca23_cpu_DLRM_inference/datasets/reuse_low/table_500K.txt,500000
dataset prod,/root/nfs/isca23_dlrm/reproduce_isca23_cpu_DLRM_inference/datasets/reuse_low/table_500K.txt,500000
dataset prod,/root/nfs/isca23_dlrm/reproduce_isca23_cpu_DLRM_inference/datasets/reuse_low/table_500K.txt,500000
dataset prod,/root/nfs/isca23_dlrm/reproduce_isca23_cpu_DLRM_inference/datasets/reuse_low/table_500K.txt,500000
dataset prod,/root/nfs/isca23_dlrm/reproduce_isca23_cpu_DLRM_inference/datasets/reuse_low/table_500K.txt,500000
dataset prod,/root/nfs/isca23_dlrm/reproduce_isca23_cpu_DLRM_inference/datasets/reuse_low/table_500K.txt,500000
dataset prod,/root/nfs/isca23_dlrm/reproduce_isca23_cpu_DLRM_inference/datasets/reuse_low/table_500K.txt,500000
dataset prod,/root/nfs/isca23_dlrm/reproduce_isca23_cpu_DLRM_inference/datasets/reuse_low/table_500K.txt,500000
dataset prod,/root/nfs/isca23_dlrm/reproduce_isca23_cpu_DLRM_inference/datasets/reuse_low/table_500K.txt,500000
dataset prod,/root/nfs/isca23_dlrm/reproduce_isca23_cpu_DLRM_inference/datasets/reuse_low/table_500K.txt,500000
dataset prod,/root/nfs/isca23_dlrm/reproduce_isca23_cpu_DLRM_inference/datasets/reuse_low/table_500K.txt,500000
dataset prod,/root/nfs/isca23_dlrm/reproduce_isca23_cpu_DLRM_inference/datasets/reuse_low/table_500K.txt,500000
dataset prod,/root/nfs/isca23_dlrm/reproduce_isca23_cpu_DLRM_inference/datasets/reuse_low/table_500K.txt,500000
dataset prod,/root/nfs/isca23_dlrm/reproduce_isca23_cpu_DLRM_inference/datasets/reuse_low/table_500K.txt,500000
dataset prod,/root/nfs/isca23_dlrm/reproduce_isca23_cpu_DLRM_inference/datasets/reuse_low/table_500K.txt,500000
dataset prod,/root/nfs/isca23_dlrm/reproduce_isca23_cpu_DLRM_inference/datasets/reuse_low/table_500K.txt,500000
dataset prod,/root/nfs/isca23_dlrm/reproduce_isca23_cpu_DLRM_inference/datasets/reuse_low/table_500K.txt,500000
dataset prod,/root/nfs/isca23_dlrm/reproduce_isca23_cpu_DLRM_inference/datasets/reuse_low/table_500K.txt,500000
dataset prod,/root/nfs/isca23_dlrm/reproduce_isca23_cpu_DLRM_inference/datasets/reuse_low/table_500K.txt,500000
dataset prod,/root/nfs/isca23_dlrm/reproduce_isca23_cpu_DLRM_inference/datasets/reuse_low/table_500K.txt,500000
dataset prod,/root/nfs/isca23_dlrm/reproduce_isca23_cpu_DLRM_inference/datasets/reuse_low/table_500K.txt,500000
dataset prod,/root/nfs/isca23_dlrm/reproduce_isca23_cpu_DLRM_inference/datasets/reuse_low/table_500K.txt,500000
dataset prod,/root/nfs/isca23_dlrm/reproduce_isca23_cpu_DLRM_inference/datasets/reuse_low/table_500K.txt,500000
dataset prod,/root/nfs/isca23_dlrm/reproduce_isca23_cpu_DLRM_inference/datasets/reuse_low/table_500K.txt,500000
dataset prod,/root/nfs/isca23_dlrm/reproduce_isca23_cpu_DLRM_inference/datasets/reuse_low/table_500K.txt,500000
dataset prod,/root/nfs/isca23_dlrm/reproduce_isca23_cpu_DLRM_inference/datasets/reuse_low/table_500K.txt,500000
dataset prod,/root/nfs/isca23_dlrm/reproduce_isca23_cpu_DLRM_inference/datasets/reuse_low/table_500K.txt,500000
dataset prod,/root/nfs/isca23_dlrm/reproduce_isca23_cpu_DLRM_inference/datasets/reuse_low/table_500K.txt,500000
dataset prod,/root/nfs/isca23_dlrm/reproduce_isca23_cpu_DLRM_inference/datasets/reuse_low/table_500K.txt,500000
dataset prod,/root/nfs/isca23_dlrm/reproduce_isca23_cpu_DLRM_inference/datasets/reuse_low/table_500K.txt,500000
dataset prod,/root/nfs/isca23_dlrm/reproduce_isca23_cpu_DLRM_inference/datasets/reuse_low/table_500K.txt,500000
dataset prod,/root/nfs/isca23_dlrm/reproduce_isca23_cpu_DLRM_inference/datasets/reuse_low/table_500K.txt,500000
dataset prod,/root/nfs/isca23_dlrm/reproduce_isca23_cpu_DLRM_inference/datasets/reuse_low/table_500K.txt,500000
dataset prod,/root/nfs/isca23_dlrm/reproduce_isca23_cpu_DLRM_inference/datasets/reuse_low/table_500K.txt,500000
dataset prod,/root/nfs/isca23_dlrm/reproduce_isca23_cpu_DLRM_inference/datasets/reuse_low/table_500K.txt,500000
dataset prod,/root/nfs/isca23_dlrm/reproduce_isca23_cpu_DLRM_inference/datasets/reuse_low/table_500K.txt,500000
dataset prod,/root/nfs/isca23_dlrm/reproduce_isca23_cpu_DLRM_inference/datasets/reuse_low/table_500K.txt,500000
dataset prod,/root/nfs/isca23_dlrm/reproduce_isca23_cpu_DLRM_inference/datasets/reuse_low/table_500K.txt,500000
dataset prod,/root/nfs/isca23_dlrm/reproduce_isca23_cpu_DLRM_inference/datasets/reuse_low/table_500K.txt,500000
dataset prod,/root/nfs/isca23_dlrm/reproduce_isca23_cpu_DLRM_inference/datasets/reuse_low/table_500K.txt,500000
dataset prod,/root/nfs/isca23_dlrm/reproduce_isca23_cpu_DLRM_inference/datasets/reuse_low/table_500K.txt,500000
dataset prod,/root/nfs/isca23_dlrm/reproduce_isca23_cpu_DLRM_inference/datasets/reuse_low/table_500K.txt,500000
dataset prod,/root/nfs/isca23_dlrm/reproduce_isca23_cpu_DLRM_inference/datasets/reuse_low/table_500K.txt,500000
dataset prod,/root/nfs/isca23_dlrm/reproduce_isca23_cpu_DLRM_inference/datasets/reuse_low/table_500K.txt,500000
dataset prod,/root/nfs/isca23_dlrm/reproduce_isca23_cpu_DLRM_inference/datasets/reuse_low/table_500K.txt,500000
dataset prod,/root/nfs/isca23_dlrm/reproduce_isca23_cpu_DLRM_inference/datasets/reuse_low/table_500K.txt,500000
dataset prod,/root/nfs/isca23_dlrm/reproduce_isca23_cpu_DLRM_inference/datasets/reuse_low/table_500K.txt,500000
dataset prod,/root/nfs/isca23_dlrm/reproduce_isca23_cpu_DLRM_inference/datasets/reuse_low/table_500K.txt,500000
dataset prod,/root/nfs/isca23_dlrm/reproduce_isca23_cpu_DLRM_inference/datasets/reuse_low/table_500K.txt,500000
dataset prod,/root/nfs/isca23_dlrm/reproduce_isca23_cpu_DLRM_inference/datasets/reuse_low/table_500K.txt,500000
dataset prod,/root/nfs/isca23_dlrm/reproduce_isca23_cpu_DLRM_inference/datasets/reuse_low/table_500K.txt,500000
dataset prod,/root/nfs/isca23_dlrm/reproduce_isca23_cpu_DLRM_inference/datasets/reuse_low/table_500K.txt,500000
dataset prod,/root/nfs/isca23_dlrm/reproduce_isca23_cpu_DLRM_inference/datasets/reuse_low/table_500K.txt,500000
dataset prod,/root/nfs/isca23_dlrm/reproduce_isca23_cpu_DLRM_inference/datasets/reuse_low/table_500K.txt,500000
dataset prod,/root/nfs/isca23_dlrm/reproduce_isca23_cpu_DLRM_inference/datasets/reuse_low/table_500K.txt,500000
dataset prod,/root/nfs/isca23_dlrm/reproduce_isca23_cpu_DLRM_inference/datasets/reuse_low/table_500K.txt,500000
dataset prod,/root/nfs/isca23_dlrm/reproduce_isca23_cpu_DLRM_inference/datasets/reuse_low/table_500K.txt,500000
dataset prod,/root/nfs/isca23_dlrm/reproduce_isca23_cpu_DLRM_inference/datasets/reuse_low/table_500K.txt,500000
dataset prod,/root/nfs/isca23_dlrm/reproduce_isca23_cpu_DLRM_inference/datasets/reuse_low/table_500K.txt,500000
dataset prod,/root/nfs/isca23_dlrm/reproduce_isca23_cpu_DLRM_inference/datasets/reuse_low/table_500K.txt,500000
dataset prod,/root/nfs/isca23_dlrm/reproduce_isca23_cpu_DLRM_inference/datasets/reuse_low/table_500K.txt,500000
dataset prod,/root/nfs/isca23_dlrm/reproduce_isca23_cpu_DLRM_inference/datasets/reuse_low/table_500K.txt,500000
dataset prod,/root/nfs/isca23_dlrm/reproduce_isca23_cpu_DLRM_inference/datasets/reuse_low/table_500K.txt,500000
dataset prod,/root/nfs/isca23_dlrm/reproduce_isca23_cpu_DLRM_inference/datasets/reuse_low/table_500K.txt,500000
dataset prod,/root/nfs/isca23_dlrm/reproduce_isca23_cpu_DLRM_inference/datasets/reuse_low/table_500K.txt,500000
dataset prod,/root/nfs/isca23_dlrm/reproduce_isca23_cpu_DLRM_inference/datasets/reuse_low/table_500K.txt,500000
dataset prod,/root/nfs/isca23_dlrm/reproduce_isca23_cpu_DLRM_inference/datasets/reuse_low/table_500K.txt,500000
dataset prod,/root/nfs/isca23_dlrm/reproduce_isca23_cpu_DLRM_inference/datasets/reuse_low/table_500K.txt,500000
dataset prod,/root/nfs/isca23_dlrm/reproduce_isca23_cpu_DLRM_inference/datasets/reuse_low/table_500K.txt,500000
dataset prod,/root/nfs/isca23_dlrm/reproduce_isca23_cpu_DLRM_inference/datasets/reuse_low/table_500K.txt,500000
dataset prod,/root/nfs/isca23_dlrm/reproduce_isca23_cpu_DLRM_inference/datasets/reuse_low/table_500K.txt,500000
dataset prod,/root/nfs/isca23_dlrm/reproduce_isca23_cpu_DLRM_inference/datasets/reuse_low/table_500K.txt,500000
dataset prod,/root/nfs/isca23_dlrm/reproduce_isca23_cpu_DLRM_inference/datasets/reuse_low/table_500K.txt,500000
dataset prod,/root/nfs/isca23_dlrm/reproduce_isca23_cpu_DLRM_inference/datasets/reuse_low/table_500K.txt,500000
dataset prod,/root/nfs/isca23_dlrm/reproduce_isca23_cpu_DLRM_inference/datasets/reuse_low/table_500K.txt,500000
dataset prod,/root/nfs/isca23_dlrm/reproduce_isca23_cpu_DLRM_inference/datasets/reuse_low/table_500K.txt,500000
dataset prod,/root/nfs/isca23_dlrm/reproduce_isca23_cpu_DLRM_inference/datasets/reuse_low/table_500K.txt,500000
dataset prod,/root/nfs/isca23_dlrm/reproduce_isca23_cpu_DLRM_inference/datasets/reuse_low/table_500K.txt,500000
dataset prod,/root/nfs/isca23_dlrm/reproduce_isca23_cpu_DLRM_inference/datasets/reuse_low/table_500K.txt,500000
dataset prod,/root/nfs/isca23_dlrm/reproduce_isca23_cpu_DLRM_inference/datasets/reuse_low/table_500K.txt,500000
dataset prod,/root/nfs/isca23_dlrm/reproduce_isca23_cpu_DLRM_inference/datasets/reuse_low/table_500K.txt,500000
dataset prod,/root/nfs/isca23_dlrm/reproduce_isca23_cpu_DLRM_inference/datasets/reuse_low/table_500K.txt,500000
dataset prod,/root/nfs/isca23_dlrm/reproduce_isca23_cpu_DLRM_inference/datasets/reuse_low/table_500K.txt,500000
dataset prod,/root/nfs/isca23_dlrm/reproduce_isca23_cpu_DLRM_inference/datasets/reuse_low/table_500K.txt,500000
dataset prod,/root/nfs/isca23_dlrm/reproduce_isca23_cpu_DLRM_inference/datasets/reuse_low/table_500K.txt,500000
dataset prod,/root/nfs/isca23_dlrm/reproduce_isca23_cpu_DLRM_inference/datasets/reuse_low/table_500K.txt,500000
dataset prod,/root/nfs/isca23_dlrm/reproduce_isca23_cpu_DLRM_inference/datasets/reuse_low/table_500K.txt,500000
dataset prod,/root/nfs/isca23_dlrm/reproduce_isca23_cpu_DLRM_inference/datasets/reuse_low/table_500K.txt,500000
dataset prod,/root/nfs/isca23_dlrm/reproduce_isca23_cpu_DLRM_inference/datasets/reuse_low/table_500K.txt,500000
dataset prod,/root/nfs/isca23_dlrm/reproduce_isca23_cpu_DLRM_inference/datasets/reuse_low/table_500K.txt,500000
dataset prod,/root/nfs/isca23_dlrm/reproduce_isca23_cpu_DLRM_inference/datasets/reuse_low/table_500K.txt,500000
dataset prod,/root/nfs/isca23_dlrm/reproduce_isca23_cpu_DLRM_inference/datasets/reuse_low/table_500K.txt,500000
dataset prod,/root/nfs/isca23_dlrm/reproduce_isca23_cpu_DLRM_inference/datasets/reuse_low/table_500K.txt,500000
dataset prod,/root/nfs/isca23_dlrm/reproduce_isca23_cpu_DLRM_inference/datasets/reuse_low/table_500K.txt,500000
dataset prod,/root/nfs/isca23_dlrm/reproduce_isca23_cpu_DLRM_inference/datasets/reuse_low/table_500K.txt,500000
dataset prod,/root/nfs/isca23_dlrm/reproduce_isca23_cpu_DLRM_inference/datasets/reuse_low/table_500K.txt,500000
dataset prod,/root/nfs/isca23_dlrm/reproduce_isca23_cpu_DLRM_inference/datasets/reuse_low/table_500K.txt,500000
Average latency per example: 31.774ms
Total number of iterations: 120
Total number of iterations per second (across all threads): 31.47
Total time: 3.813s
Throughput: 2014.251 fps
 
Using CPU...
start to create emb, minimally need ~3.814697265625 G memory 
may actually use more memory depends on memory allocator like tcmalloc/jemalloc
current mem usage: 0.2743339538574219 G
Create Embedding: 500000
Create Embedding: 500000
Create Embedding: 500000
Create Embedding: 500000
Create Embedding: 500000
Create Embedding: 500000
Create Embedding: 500000
Create Embedding: 500000
Create Embedding: 500000
Create Embedding: 500000
Create Embedding: 500000
Create Embedding: 500000
Create Embedding: 500000
Create Embedding: 500000
Create Embedding: 500000
Create Embedding: 500000
Create Embedding: 500000
Create Embedding: 500000
Create Embedding: 500000
Create Embedding: 500000
Create Embedding: 500000
Create Embedding: 500000
Create Embedding: 500000
Create Embedding: 500000
Create Embedding: 500000
Create Embedding: 500000
Create Embedding: 500000
Create Embedding: 500000
Create Embedding: 500000
Create Embedding: 500000
Create Embedding: 500000
Create Embedding: 500000
create emb done, current mem usage: 4.099262237548828 G
time/loss/accuracy (if enabled):
Initialize for not inference only done, current mem usage: 4.099388122558594 G
Testing for inference only
dataset prod,/root/nfs/isca23_dlrm/reproduce_isca23_cpu_DLRM_inference/datasets/reuse_medium/table_500K.txt,500000
dataset prod,/root/nfs/isca23_dlrm/reproduce_isca23_cpu_DLRM_inference/datasets/reuse_medium/table_500K.txt,500000
dataset prod,/root/nfs/isca23_dlrm/reproduce_isca23_cpu_DLRM_inference/datasets/reuse_medium/table_500K.txt,500000
dataset prod,/root/nfs/isca23_dlrm/reproduce_isca23_cpu_DLRM_inference/datasets/reuse_medium/table_500K.txt,500000
dataset prod,/root/nfs/isca23_dlrm/reproduce_isca23_cpu_DLRM_inference/datasets/reuse_medium/table_500K.txt,500000
dataset prod,/root/nfs/isca23_dlrm/reproduce_isca23_cpu_DLRM_inference/datasets/reuse_medium/table_500K.txt,500000
dataset prod,/root/nfs/isca23_dlrm/reproduce_isca23_cpu_DLRM_inference/datasets/reuse_medium/table_500K.txt,500000
dataset prod,/root/nfs/isca23_dlrm/reproduce_isca23_cpu_DLRM_inference/datasets/reuse_medium/table_500K.txt,500000
dataset prod,/root/nfs/isca23_dlrm/reproduce_isca23_cpu_DLRM_inference/datasets/reuse_medium/table_500K.txt,500000
dataset prod,/root/nfs/isca23_dlrm/reproduce_isca23_cpu_DLRM_inference/datasets/reuse_medium/table_500K.txt,500000
dataset prod,/root/nfs/isca23_dlrm/reproduce_isca23_cpu_DLRM_inference/datasets/reuse_medium/table_500K.txt,500000
dataset prod,/root/nfs/isca23_dlrm/reproduce_isca23_cpu_DLRM_inference/datasets/reuse_medium/table_500K.txt,500000
dataset prod,/root/nfs/isca23_dlrm/reproduce_isca23_cpu_DLRM_inference/datasets/reuse_medium/table_500K.txt,500000
dataset prod,/root/nfs/isca23_dlrm/reproduce_isca23_cpu_DLRM_inference/datasets/reuse_medium/table_500K.txt,500000
dataset prod,/root/nfs/isca23_dlrm/reproduce_isca23_cpu_DLRM_inference/datasets/reuse_medium/table_500K.txt,500000
dataset prod,/root/nfs/isca23_dlrm/reproduce_isca23_cpu_DLRM_inference/datasets/reuse_medium/table_500K.txt,500000
dataset prod,/root/nfs/isca23_dlrm/reproduce_isca23_cpu_DLRM_inference/datasets/reuse_medium/table_500K.txt,500000
dataset prod,/root/nfs/isca23_dlrm/reproduce_isca23_cpu_DLRM_inference/datasets/reuse_medium/table_500K.txt,500000
dataset prod,/root/nfs/isca23_dlrm/reproduce_isca23_cpu_DLRM_inference/datasets/reuse_medium/table_500K.txt,500000
dataset prod,/root/nfs/isca23_dlrm/reproduce_isca23_cpu_DLRM_inference/datasets/reuse_medium/table_500K.txt,500000
dataset prod,/root/nfs/isca23_dlrm/reproduce_isca23_cpu_DLRM_inference/datasets/reuse_medium/table_500K.txt,500000
dataset prod,/root/nfs/isca23_dlrm/reproduce_isca23_cpu_DLRM_inference/datasets/reuse_medium/table_500K.txt,500000
dataset prod,/root/nfs/isca23_dlrm/reproduce_isca23_cpu_DLRM_inference/datasets/reuse_medium/table_500K.txt,500000
dataset prod,/root/nfs/isca23_dlrm/reproduce_isca23_cpu_DLRM_inference/datasets/reuse_medium/table_500K.txt,500000
dataset prod,/root/nfs/isca23_dlrm/reproduce_isca23_cpu_DLRM_inference/datasets/reuse_medium/table_500K.txt,500000
dataset prod,/root/nfs/isca23_dlrm/reproduce_isca23_cpu_DLRM_inference/datasets/reuse_medium/table_500K.txt,500000
dataset prod,/root/nfs/isca23_dlrm/reproduce_isca23_cpu_DLRM_inference/datasets/reuse_medium/table_500K.txt,500000
dataset prod,/root/nfs/isca23_dlrm/reproduce_isca23_cpu_DLRM_inference/datasets/reuse_medium/table_500K.txt,500000
dataset prod,/root/nfs/isca23_dlrm/reproduce_isca23_cpu_DLRM_inference/datasets/reuse_medium/table_500K.txt,500000
dataset prod,/root/nfs/isca23_dlrm/reproduce_isca23_cpu_DLRM_inference/datasets/reuse_medium/table_500K.txt,500000
dataset prod,/root/nfs/isca23_dlrm/reproduce_isca23_cpu_DLRM_inference/datasets/reuse_medium/table_500K.txt,500000
dataset prod,/root/nfs/isca23_dlrm/reproduce_isca23_cpu_DLRM_inference/datasets/reuse_medium/table_500K.txt,500000
dataset prod,/root/nfs/isca23_dlrm/reproduce_isca23_cpu_DLRM_inference/datasets/reuse_medium/table_500K.txt,500000
dataset prod,/root/nfs/isca23_dlrm/reproduce_isca23_cpu_DLRM_inference/datasets/reuse_medium/table_500K.txt,500000
dataset prod,/root/nfs/isca23_dlrm/reproduce_isca23_cpu_DLRM_inference/datasets/reuse_medium/table_500K.txt,500000
dataset prod,/root/nfs/isca23_dlrm/reproduce_isca23_cpu_DLRM_inference/datasets/reuse_medium/table_500K.txt,500000
dataset prod,/root/nfs/isca23_dlrm/reproduce_isca23_cpu_DLRM_inference/datasets/reuse_medium/table_500K.txt,500000
dataset prod,/root/nfs/isca23_dlrm/reproduce_isca23_cpu_DLRM_inference/datasets/reuse_medium/table_500K.txt,500000
dataset prod,/root/nfs/isca23_dlrm/reproduce_isca23_cpu_DLRM_inference/datasets/reuse_medium/table_500K.txt,500000
dataset prod,/root/nfs/isca23_dlrm/reproduce_isca23_cpu_DLRM_inference/datasets/reuse_medium/table_500K.txt,500000
dataset prod,/root/nfs/isca23_dlrm/reproduce_isca23_cpu_DLRM_inference/datasets/reuse_medium/table_500K.txt,500000
dataset prod,/root/nfs/isca23_dlrm/reproduce_isca23_cpu_DLRM_inference/datasets/reuse_medium/table_500K.txt,500000
dataset prod,/root/nfs/isca23_dlrm/reproduce_isca23_cpu_DLRM_inference/datasets/reuse_medium/table_500K.txt,500000
dataset prod,/root/nfs/isca23_dlrm/reproduce_isca23_cpu_DLRM_inference/datasets/reuse_medium/table_500K.txt,500000
dataset prod,/root/nfs/isca23_dlrm/reproduce_isca23_cpu_DLRM_inference/datasets/reuse_medium/table_500K.txt,500000
dataset prod,/root/nfs/isca23_dlrm/reproduce_isca23_cpu_DLRM_inference/datasets/reuse_medium/table_500K.txt,500000
dataset prod,/root/nfs/isca23_dlrm/reproduce_isca23_cpu_DLRM_inference/datasets/reuse_medium/table_500K.txt,500000
dataset prod,/root/nfs/isca23_dlrm/reproduce_isca23_cpu_DLRM_inference/datasets/reuse_medium/table_500K.txt,500000
dataset prod,/root/nfs/isca23_dlrm/reproduce_isca23_cpu_DLRM_inference/datasets/reuse_medium/table_500K.txt,500000
dataset prod,/root/nfs/isca23_dlrm/reproduce_isca23_cpu_DLRM_inference/datasets/reuse_medium/table_500K.txt,500000
dataset prod,/root/nfs/isca23_dlrm/reproduce_isca23_cpu_DLRM_inference/datasets/reuse_medium/table_500K.txt,500000
dataset prod,/root/nfs/isca23_dlrm/reproduce_isca23_cpu_DLRM_inference/datasets/reuse_medium/table_500K.txt,500000
dataset prod,/root/nfs/isca23_dlrm/reproduce_isca23_cpu_DLRM_inference/datasets/reuse_medium/table_500K.txt,500000
dataset prod,/root/nfs/isca23_dlrm/reproduce_isca23_cpu_DLRM_inference/datasets/reuse_medium/table_500K.txt,500000
dataset prod,/root/nfs/isca23_dlrm/reproduce_isca23_cpu_DLRM_inference/datasets/reuse_medium/table_500K.txt,500000
dataset prod,/root/nfs/isca23_dlrm/reproduce_isca23_cpu_DLRM_inference/datasets/reuse_medium/table_500K.txt,500000
dataset prod,/root/nfs/isca23_dlrm/reproduce_isca23_cpu_DLRM_inference/datasets/reuse_medium/table_500K.txt,500000
dataset prod,/root/nfs/isca23_dlrm/reproduce_isca23_cpu_DLRM_inference/datasets/reuse_medium/table_500K.txt,500000
dataset prod,/root/nfs/isca23_dlrm/reproduce_isca23_cpu_DLRM_inference/datasets/reuse_medium/table_500K.txt,500000
dataset prod,/root/nfs/isca23_dlrm/reproduce_isca23_cpu_DLRM_inference/datasets/reuse_medium/table_500K.txt,500000
dataset prod,/root/nfs/isca23_dlrm/reproduce_isca23_cpu_DLRM_inference/datasets/reuse_medium/table_500K.txt,500000
dataset prod,/root/nfs/isca23_dlrm/reproduce_isca23_cpu_DLRM_inference/datasets/reuse_medium/table_500K.txt,500000
dataset prod,/root/nfs/isca23_dlrm/reproduce_isca23_cpu_DLRM_inference/datasets/reuse_medium/table_500K.txt,500000
dataset prod,/root/nfs/isca23_dlrm/reproduce_isca23_cpu_DLRM_inference/datasets/reuse_medium/table_500K.txt,500000
dataset prod,/root/nfs/isca23_dlrm/reproduce_isca23_cpu_DLRM_inference/datasets/reuse_medium/table_500K.txt,500000
dataset prod,/root/nfs/isca23_dlrm/reproduce_isca23_cpu_DLRM_inference/datasets/reuse_medium/table_500K.txt,500000
dataset prod,/root/nfs/isca23_dlrm/reproduce_isca23_cpu_DLRM_inference/datasets/reuse_medium/table_500K.txt,500000
dataset prod,/root/nfs/isca23_dlrm/reproduce_isca23_cpu_DLRM_inference/datasets/reuse_medium/table_500K.txt,500000
dataset prod,/root/nfs/isca23_dlrm/reproduce_isca23_cpu_DLRM_inference/datasets/reuse_medium/table_500K.txt,500000
dataset prod,/root/nfs/isca23_dlrm/reproduce_isca23_cpu_DLRM_inference/datasets/reuse_medium/table_500K.txt,500000
dataset prod,/root/nfs/isca23_dlrm/reproduce_isca23_cpu_DLRM_inference/datasets/reuse_medium/table_500K.txt,500000
dataset prod,/root/nfs/isca23_dlrm/reproduce_isca23_cpu_DLRM_inference/datasets/reuse_medium/table_500K.txt,500000
dataset prod,/root/nfs/isca23_dlrm/reproduce_isca23_cpu_DLRM_inference/datasets/reuse_medium/table_500K.txt,500000
dataset prod,/root/nfs/isca23_dlrm/reproduce_isca23_cpu_DLRM_inference/datasets/reuse_medium/table_500K.txt,500000
dataset prod,/root/nfs/isca23_dlrm/reproduce_isca23_cpu_DLRM_inference/datasets/reuse_medium/table_500K.txt,500000
dataset prod,/root/nfs/isca23_dlrm/reproduce_isca23_cpu_DLRM_inference/datasets/reuse_medium/table_500K.txt,500000
dataset prod,/root/nfs/isca23_dlrm/reproduce_isca23_cpu_DLRM_inference/datasets/reuse_medium/table_500K.txt,500000
dataset prod,/root/nfs/isca23_dlrm/reproduce_isca23_cpu_DLRM_inference/datasets/reuse_medium/table_500K.txt,500000
dataset prod,/root/nfs/isca23_dlrm/reproduce_isca23_cpu_DLRM_inference/datasets/reuse_medium/table_500K.txt,500000
dataset prod,/root/nfs/isca23_dlrm/reproduce_isca23_cpu_DLRM_inference/datasets/reuse_medium/table_500K.txt,500000
dataset prod,/root/nfs/isca23_dlrm/reproduce_isca23_cpu_DLRM_inference/datasets/reuse_medium/table_500K.txt,500000
dataset prod,/root/nfs/isca23_dlrm/reproduce_isca23_cpu_DLRM_inference/datasets/reuse_medium/table_500K.txt,500000
dataset prod,/root/nfs/isca23_dlrm/reproduce_isca23_cpu_DLRM_inference/datasets/reuse_medium/table_500K.txt,500000
dataset prod,/root/nfs/isca23_dlrm/reproduce_isca23_cpu_DLRM_inference/datasets/reuse_medium/table_500K.txt,500000
dataset prod,/root/nfs/isca23_dlrm/reproduce_isca23_cpu_DLRM_inference/datasets/reuse_medium/table_500K.txt,500000
dataset prod,/root/nfs/isca23_dlrm/reproduce_isca23_cpu_DLRM_inference/datasets/reuse_medium/table_500K.txt,500000
dataset prod,/root/nfs/isca23_dlrm/reproduce_isca23_cpu_DLRM_inference/datasets/reuse_medium/table_500K.txt,500000
dataset prod,/root/nfs/isca23_dlrm/reproduce_isca23_cpu_DLRM_inference/datasets/reuse_medium/table_500K.txt,500000
dataset prod,/root/nfs/isca23_dlrm/reproduce_isca23_cpu_DLRM_inference/datasets/reuse_medium/table_500K.txt,500000
dataset prod,/root/nfs/isca23_dlrm/reproduce_isca23_cpu_DLRM_inference/datasets/reuse_medium/table_500K.txt,500000
dataset prod,/root/nfs/isca23_dlrm/reproduce_isca23_cpu_DLRM_inference/datasets/reuse_medium/table_500K.txt,500000
dataset prod,/root/nfs/isca23_dlrm/reproduce_isca23_cpu_DLRM_inference/datasets/reuse_medium/table_500K.txt,500000
dataset prod,/root/nfs/isca23_dlrm/reproduce_isca23_cpu_DLRM_inference/datasets/reuse_medium/table_500K.txt,500000
dataset prod,/root/nfs/isca23_dlrm/reproduce_isca23_cpu_DLRM_inference/datasets/reuse_medium/table_500K.txt,500000
dataset prod,/root/nfs/isca23_dlrm/reproduce_isca23_cpu_DLRM_inference/datasets/reuse_medium/table_500K.txt,500000
dataset prod,/root/nfs/isca23_dlrm/reproduce_isca23_cpu_DLRM_inference/datasets/reuse_medium/table_500K.txt,500000
dataset prod,/root/nfs/isca23_dlrm/reproduce_isca23_cpu_DLRM_inference/datasets/reuse_medium/table_500K.txt,500000
dataset prod,/root/nfs/isca23_dlrm/reproduce_isca23_cpu_DLRM_inference/datasets/reuse_medium/table_500K.txt,500000
dataset prod,/root/nfs/isca23_dlrm/reproduce_isca23_cpu_DLRM_inference/datasets/reuse_medium/table_500K.txt,500000
dataset prod,/root/nfs/isca23_dlrm/reproduce_isca23_cpu_DLRM_inference/datasets/reuse_medium/table_500K.txt,500000
dataset prod,/root/nfs/isca23_dlrm/reproduce_isca23_cpu_DLRM_inference/datasets/reuse_medium/table_500K.txt,500000
dataset prod,/root/nfs/isca23_dlrm/reproduce_isca23_cpu_DLRM_inference/datasets/reuse_medium/table_500K.txt,500000
dataset prod,/root/nfs/isca23_dlrm/reproduce_isca23_cpu_DLRM_inference/datasets/reuse_medium/table_500K.txt,500000
dataset prod,/root/nfs/isca23_dlrm/reproduce_isca23_cpu_DLRM_inference/datasets/reuse_medium/table_500K.txt,500000
dataset prod,/root/nfs/isca23_dlrm/reproduce_isca23_cpu_DLRM_inference/datasets/reuse_medium/table_500K.txt,500000
dataset prod,/root/nfs/isca23_dlrm/reproduce_isca23_cpu_DLRM_inference/datasets/reuse_medium/table_500K.txt,500000
dataset prod,/root/nfs/isca23_dlrm/reproduce_isca23_cpu_DLRM_inference/datasets/reuse_medium/table_500K.txt,500000
dataset prod,/root/nfs/isca23_dlrm/reproduce_isca23_cpu_DLRM_inference/datasets/reuse_medium/table_500K.txt,500000
dataset prod,/root/nfs/isca23_dlrm/reproduce_isca23_cpu_DLRM_inference/datasets/reuse_medium/table_500K.txt,500000
dataset prod,/root/nfs/isca23_dlrm/reproduce_isca23_cpu_DLRM_inference/datasets/reuse_medium/table_500K.txt,500000
dataset prod,/root/nfs/isca23_dlrm/reproduce_isca23_cpu_DLRM_inference/datasets/reuse_medium/table_500K.txt,500000
dataset prod,/root/nfs/isca23_dlrm/reproduce_isca23_cpu_DLRM_inference/datasets/reuse_medium/table_500K.txt,500000
dataset prod,/root/nfs/isca23_dlrm/reproduce_isca23_cpu_DLRM_inference/datasets/reuse_medium/table_500K.txt,500000
dataset prod,/root/nfs/isca23_dlrm/reproduce_isca23_cpu_DLRM_inference/datasets/reuse_medium/table_500K.txt,500000
dataset prod,/root/nfs/isca23_dlrm/reproduce_isca23_cpu_DLRM_inference/datasets/reuse_medium/table_500K.txt,500000
dataset prod,/root/nfs/isca23_dlrm/reproduce_isca23_cpu_DLRM_inference/datasets/reuse_medium/table_500K.txt,500000
dataset prod,/root/nfs/isca23_dlrm/reproduce_isca23_cpu_DLRM_inference/datasets/reuse_medium/table_500K.txt,500000
dataset prod,/root/nfs/isca23_dlrm/reproduce_isca23_cpu_DLRM_inference/datasets/reuse_medium/table_500K.txt,500000
dataset prod,/root/nfs/isca23_dlrm/reproduce_isca23_cpu_DLRM_inference/datasets/reuse_medium/table_500K.txt,500000
dataset prod,/root/nfs/isca23_dlrm/reproduce_isca23_cpu_DLRM_inference/datasets/reuse_medium/table_500K.txt,500000
dataset prod,/root/nfs/isca23_dlrm/reproduce_isca23_cpu_DLRM_inference/datasets/reuse_medium/table_500K.txt,500000
Average latency per example: 29.411ms
Total number of iterations: 120
Total number of iterations per second (across all threads): 34.00
Total time: 3.529s
Throughput: 2176.080 fps
 
Using CPU...
start to create emb, minimally need ~3.814697265625 G memory 
may actually use more memory depends on memory allocator like tcmalloc/jemalloc
current mem usage: 0.2742271423339844 G
Create Embedding: 500000
Create Embedding: 500000
Create Embedding: 500000
Create Embedding: 500000
Create Embedding: 500000
Create Embedding: 500000
Create Embedding: 500000
Create Embedding: 500000
Create Embedding: 500000
Create Embedding: 500000
Create Embedding: 500000
Create Embedding: 500000
Create Embedding: 500000
Create Embedding: 500000
Create Embedding: 500000
Create Embedding: 500000
Create Embedding: 500000
Create Embedding: 500000
Create Embedding: 500000
Create Embedding: 500000
Create Embedding: 500000
Create Embedding: 500000
Create Embedding: 500000
Create Embedding: 500000
Create Embedding: 500000
Create Embedding: 500000
Create Embedding: 500000
Create Embedding: 500000
Create Embedding: 500000
Create Embedding: 500000
Create Embedding: 500000
Create Embedding: 500000
create emb done, current mem usage: 4.093513488769531 G
time/loss/accuracy (if enabled):
Initialize for not inference only done, current mem usage: 4.093624114990234 G
Testing for inference only
dataset prod,/root/nfs/isca23_dlrm/reproduce_isca23_cpu_DLRM_inference/datasets/reuse_high/table_500K.txt,500000
dataset prod,/root/nfs/isca23_dlrm/reproduce_isca23_cpu_DLRM_inference/datasets/reuse_high/table_500K.txt,500000
dataset prod,/root/nfs/isca23_dlrm/reproduce_isca23_cpu_DLRM_inference/datasets/reuse_high/table_500K.txt,500000
dataset prod,/root/nfs/isca23_dlrm/reproduce_isca23_cpu_DLRM_inference/datasets/reuse_high/table_500K.txt,500000
dataset prod,/root/nfs/isca23_dlrm/reproduce_isca23_cpu_DLRM_inference/datasets/reuse_high/table_500K.txt,500000
dataset prod,/root/nfs/isca23_dlrm/reproduce_isca23_cpu_DLRM_inference/datasets/reuse_high/table_500K.txt,500000
dataset prod,/root/nfs/isca23_dlrm/reproduce_isca23_cpu_DLRM_inference/datasets/reuse_high/table_500K.txt,500000
dataset prod,/root/nfs/isca23_dlrm/reproduce_isca23_cpu_DLRM_inference/datasets/reuse_high/table_500K.txt,500000
dataset prod,/root/nfs/isca23_dlrm/reproduce_isca23_cpu_DLRM_inference/datasets/reuse_high/table_500K.txt,500000
dataset prod,/root/nfs/isca23_dlrm/reproduce_isca23_cpu_DLRM_inference/datasets/reuse_high/table_500K.txt,500000
dataset prod,/root/nfs/isca23_dlrm/reproduce_isca23_cpu_DLRM_inference/datasets/reuse_high/table_500K.txt,500000
dataset prod,/root/nfs/isca23_dlrm/reproduce_isca23_cpu_DLRM_inference/datasets/reuse_high/table_500K.txt,500000
dataset prod,/root/nfs/isca23_dlrm/reproduce_isca23_cpu_DLRM_inference/datasets/reuse_high/table_500K.txt,500000
dataset prod,/root/nfs/isca23_dlrm/reproduce_isca23_cpu_DLRM_inference/datasets/reuse_high/table_500K.txt,500000
dataset prod,/root/nfs/isca23_dlrm/reproduce_isca23_cpu_DLRM_inference/datasets/reuse_high/table_500K.txt,500000
dataset prod,/root/nfs/isca23_dlrm/reproduce_isca23_cpu_DLRM_inference/datasets/reuse_high/table_500K.txt,500000
dataset prod,/root/nfs/isca23_dlrm/reproduce_isca23_cpu_DLRM_inference/datasets/reuse_high/table_500K.txt,500000
dataset prod,/root/nfs/isca23_dlrm/reproduce_isca23_cpu_DLRM_inference/datasets/reuse_high/table_500K.txt,500000
dataset prod,/root/nfs/isca23_dlrm/reproduce_isca23_cpu_DLRM_inference/datasets/reuse_high/table_500K.txt,500000
dataset prod,/root/nfs/isca23_dlrm/reproduce_isca23_cpu_DLRM_inference/datasets/reuse_high/table_500K.txt,500000
dataset prod,/root/nfs/isca23_dlrm/reproduce_isca23_cpu_DLRM_inference/datasets/reuse_high/table_500K.txt,500000
dataset prod,/root/nfs/isca23_dlrm/reproduce_isca23_cpu_DLRM_inference/datasets/reuse_high/table_500K.txt,500000
dataset prod,/root/nfs/isca23_dlrm/reproduce_isca23_cpu_DLRM_inference/datasets/reuse_high/table_500K.txt,500000
dataset prod,/root/nfs/isca23_dlrm/reproduce_isca23_cpu_DLRM_inference/datasets/reuse_high/table_500K.txt,500000
dataset prod,/root/nfs/isca23_dlrm/reproduce_isca23_cpu_DLRM_inference/datasets/reuse_high/table_500K.txt,500000
dataset prod,/root/nfs/isca23_dlrm/reproduce_isca23_cpu_DLRM_inference/datasets/reuse_high/table_500K.txt,500000
dataset prod,/root/nfs/isca23_dlrm/reproduce_isca23_cpu_DLRM_inference/datasets/reuse_high/table_500K.txt,500000
dataset prod,/root/nfs/isca23_dlrm/reproduce_isca23_cpu_DLRM_inference/datasets/reuse_high/table_500K.txt,500000
dataset prod,/root/nfs/isca23_dlrm/reproduce_isca23_cpu_DLRM_inference/datasets/reuse_high/table_500K.txt,500000
dataset prod,/root/nfs/isca23_dlrm/reproduce_isca23_cpu_DLRM_inference/datasets/reuse_high/table_500K.txt,500000
dataset prod,/root/nfs/isca23_dlrm/reproduce_isca23_cpu_DLRM_inference/datasets/reuse_high/table_500K.txt,500000
dataset prod,/root/nfs/isca23_dlrm/reproduce_isca23_cpu_DLRM_inference/datasets/reuse_high/table_500K.txt,500000
dataset prod,/root/nfs/isca23_dlrm/reproduce_isca23_cpu_DLRM_inference/datasets/reuse_high/table_500K.txt,500000
dataset prod,/root/nfs/isca23_dlrm/reproduce_isca23_cpu_DLRM_inference/datasets/reuse_high/table_500K.txt,500000
dataset prod,/root/nfs/isca23_dlrm/reproduce_isca23_cpu_DLRM_inference/datasets/reuse_high/table_500K.txt,500000
dataset prod,/root/nfs/isca23_dlrm/reproduce_isca23_cpu_DLRM_inference/datasets/reuse_high/table_500K.txt,500000
dataset prod,/root/nfs/isca23_dlrm/reproduce_isca23_cpu_DLRM_inference/datasets/reuse_high/table_500K.txt,500000
dataset prod,/root/nfs/isca23_dlrm/reproduce_isca23_cpu_DLRM_inference/datasets/reuse_high/table_500K.txt,500000
dataset prod,/root/nfs/isca23_dlrm/reproduce_isca23_cpu_DLRM_inference/datasets/reuse_high/table_500K.txt,500000
dataset prod,/root/nfs/isca23_dlrm/reproduce_isca23_cpu_DLRM_inference/datasets/reuse_high/table_500K.txt,500000
dataset prod,/root/nfs/isca23_dlrm/reproduce_isca23_cpu_DLRM_inference/datasets/reuse_high/table_500K.txt,500000
dataset prod,/root/nfs/isca23_dlrm/reproduce_isca23_cpu_DLRM_inference/datasets/reuse_high/table_500K.txt,500000
dataset prod,/root/nfs/isca23_dlrm/reproduce_isca23_cpu_DLRM_inference/datasets/reuse_high/table_500K.txt,500000
dataset prod,/root/nfs/isca23_dlrm/reproduce_isca23_cpu_DLRM_inference/datasets/reuse_high/table_500K.txt,500000
dataset prod,/root/nfs/isca23_dlrm/reproduce_isca23_cpu_DLRM_inference/datasets/reuse_high/table_500K.txt,500000
dataset prod,/root/nfs/isca23_dlrm/reproduce_isca23_cpu_DLRM_inference/datasets/reuse_high/table_500K.txt,500000
dataset prod,/root/nfs/isca23_dlrm/reproduce_isca23_cpu_DLRM_inference/datasets/reuse_high/table_500K.txt,500000
dataset prod,/root/nfs/isca23_dlrm/reproduce_isca23_cpu_DLRM_inference/datasets/reuse_high/table_500K.txt,500000
dataset prod,/root/nfs/isca23_dlrm/reproduce_isca23_cpu_DLRM_inference/datasets/reuse_high/table_500K.txt,500000
dataset prod,/root/nfs/isca23_dlrm/reproduce_isca23_cpu_DLRM_inference/datasets/reuse_high/table_500K.txt,500000
dataset prod,/root/nfs/isca23_dlrm/reproduce_isca23_cpu_DLRM_inference/datasets/reuse_high/table_500K.txt,500000
dataset prod,/root/nfs/isca23_dlrm/reproduce_isca23_cpu_DLRM_inference/datasets/reuse_high/table_500K.txt,500000
dataset prod,/root/nfs/isca23_dlrm/reproduce_isca23_cpu_DLRM_inference/datasets/reuse_high/table_500K.txt,500000
dataset prod,/root/nfs/isca23_dlrm/reproduce_isca23_cpu_DLRM_inference/datasets/reuse_high/table_500K.txt,500000
dataset prod,/root/nfs/isca23_dlrm/reproduce_isca23_cpu_DLRM_inference/datasets/reuse_high/table_500K.txt,500000
dataset prod,/root/nfs/isca23_dlrm/reproduce_isca23_cpu_DLRM_inference/datasets/reuse_high/table_500K.txt,500000
dataset prod,/root/nfs/isca23_dlrm/reproduce_isca23_cpu_DLRM_inference/datasets/reuse_high/table_500K.txt,500000
dataset prod,/root/nfs/isca23_dlrm/reproduce_isca23_cpu_DLRM_inference/datasets/reuse_high/table_500K.txt,500000
dataset prod,/root/nfs/isca23_dlrm/reproduce_isca23_cpu_DLRM_inference/datasets/reuse_high/table_500K.txt,500000
dataset prod,/root/nfs/isca23_dlrm/reproduce_isca23_cpu_DLRM_inference/datasets/reuse_high/table_500K.txt,500000
dataset prod,/root/nfs/isca23_dlrm/reproduce_isca23_cpu_DLRM_inference/datasets/reuse_high/table_500K.txt,500000
dataset prod,/root/nfs/isca23_dlrm/reproduce_isca23_cpu_DLRM_inference/datasets/reuse_high/table_500K.txt,500000
dataset prod,/root/nfs/isca23_dlrm/reproduce_isca23_cpu_DLRM_inference/datasets/reuse_high/table_500K.txt,500000
dataset prod,/root/nfs/isca23_dlrm/reproduce_isca23_cpu_DLRM_inference/datasets/reuse_high/table_500K.txt,500000
dataset prod,/root/nfs/isca23_dlrm/reproduce_isca23_cpu_DLRM_inference/datasets/reuse_high/table_500K.txt,500000
dataset prod,/root/nfs/isca23_dlrm/reproduce_isca23_cpu_DLRM_inference/datasets/reuse_high/table_500K.txt,500000
dataset prod,/root/nfs/isca23_dlrm/reproduce_isca23_cpu_DLRM_inference/datasets/reuse_high/table_500K.txt,500000
dataset prod,/root/nfs/isca23_dlrm/reproduce_isca23_cpu_DLRM_inference/datasets/reuse_high/table_500K.txt,500000
dataset prod,/root/nfs/isca23_dlrm/reproduce_isca23_cpu_DLRM_inference/datasets/reuse_high/table_500K.txt,500000
dataset prod,/root/nfs/isca23_dlrm/reproduce_isca23_cpu_DLRM_inference/datasets/reuse_high/table_500K.txt,500000
dataset prod,/root/nfs/isca23_dlrm/reproduce_isca23_cpu_DLRM_inference/datasets/reuse_high/table_500K.txt,500000
dataset prod,/root/nfs/isca23_dlrm/reproduce_isca23_cpu_DLRM_inference/datasets/reuse_high/table_500K.txt,500000
dataset prod,/root/nfs/isca23_dlrm/reproduce_isca23_cpu_DLRM_inference/datasets/reuse_high/table_500K.txt,500000
dataset prod,/root/nfs/isca23_dlrm/reproduce_isca23_cpu_DLRM_inference/datasets/reuse_high/table_500K.txt,500000
dataset prod,/root/nfs/isca23_dlrm/reproduce_isca23_cpu_DLRM_inference/datasets/reuse_high/table_500K.txt,500000
dataset prod,/root/nfs/isca23_dlrm/reproduce_isca23_cpu_DLRM_inference/datasets/reuse_high/table_500K.txt,500000
dataset prod,/root/nfs/isca23_dlrm/reproduce_isca23_cpu_DLRM_inference/datasets/reuse_high/table_500K.txt,500000
dataset prod,/root/nfs/isca23_dlrm/reproduce_isca23_cpu_DLRM_inference/datasets/reuse_high/table_500K.txt,500000
dataset prod,/root/nfs/isca23_dlrm/reproduce_isca23_cpu_DLRM_inference/datasets/reuse_high/table_500K.txt,500000
dataset prod,/root/nfs/isca23_dlrm/reproduce_isca23_cpu_DLRM_inference/datasets/reuse_high/table_500K.txt,500000
dataset prod,/root/nfs/isca23_dlrm/reproduce_isca23_cpu_DLRM_inference/datasets/reuse_high/table_500K.txt,500000
dataset prod,/root/nfs/isca23_dlrm/reproduce_isca23_cpu_DLRM_inference/datasets/reuse_high/table_500K.txt,500000
dataset prod,/root/nfs/isca23_dlrm/reproduce_isca23_cpu_DLRM_inference/datasets/reuse_high/table_500K.txt,500000
dataset prod,/root/nfs/isca23_dlrm/reproduce_isca23_cpu_DLRM_inference/datasets/reuse_high/table_500K.txt,500000
dataset prod,/root/nfs/isca23_dlrm/reproduce_isca23_cpu_DLRM_inference/datasets/reuse_high/table_500K.txt,500000
dataset prod,/root/nfs/isca23_dlrm/reproduce_isca23_cpu_DLRM_inference/datasets/reuse_high/table_500K.txt,500000
dataset prod,/root/nfs/isca23_dlrm/reproduce_isca23_cpu_DLRM_inference/datasets/reuse_high/table_500K.txt,500000
dataset prod,/root/nfs/isca23_dlrm/reproduce_isca23_cpu_DLRM_inference/datasets/reuse_high/table_500K.txt,500000
dataset prod,/root/nfs/isca23_dlrm/reproduce_isca23_cpu_DLRM_inference/datasets/reuse_high/table_500K.txt,500000
dataset prod,/root/nfs/isca23_dlrm/reproduce_isca23_cpu_DLRM_inference/datasets/reuse_high/table_500K.txt,500000
dataset prod,/root/nfs/isca23_dlrm/reproduce_isca23_cpu_DLRM_inference/datasets/reuse_high/table_500K.txt,500000
dataset prod,/root/nfs/isca23_dlrm/reproduce_isca23_cpu_DLRM_inference/datasets/reuse_high/table_500K.txt,500000
dataset prod,/root/nfs/isca23_dlrm/reproduce_isca23_cpu_DLRM_inference/datasets/reuse_high/table_500K.txt,500000
dataset prod,/root/nfs/isca23_dlrm/reproduce_isca23_cpu_DLRM_inference/datasets/reuse_high/table_500K.txt,500000
dataset prod,/root/nfs/isca23_dlrm/reproduce_isca23_cpu_DLRM_inference/datasets/reuse_high/table_500K.txt,500000
dataset prod,/root/nfs/isca23_dlrm/reproduce_isca23_cpu_DLRM_inference/datasets/reuse_high/table_500K.txt,500000
dataset prod,/root/nfs/isca23_dlrm/reproduce_isca23_cpu_DLRM_inference/datasets/reuse_high/table_500K.txt,500000
dataset prod,/root/nfs/isca23_dlrm/reproduce_isca23_cpu_DLRM_inference/datasets/reuse_high/table_500K.txt,500000
dataset prod,/root/nfs/isca23_dlrm/reproduce_isca23_cpu_DLRM_inference/datasets/reuse_high/table_500K.txt,500000
dataset prod,/root/nfs/isca23_dlrm/reproduce_isca23_cpu_DLRM_inference/datasets/reuse_high/table_500K.txt,500000
dataset prod,/root/nfs/isca23_dlrm/reproduce_isca23_cpu_DLRM_inference/datasets/reuse_high/table_500K.txt,500000
dataset prod,/root/nfs/isca23_dlrm/reproduce_isca23_cpu_DLRM_inference/datasets/reuse_high/table_500K.txt,500000
dataset prod,/root/nfs/isca23_dlrm/reproduce_isca23_cpu_DLRM_inference/datasets/reuse_high/table_500K.txt,500000
dataset prod,/root/nfs/isca23_dlrm/reproduce_isca23_cpu_DLRM_inference/datasets/reuse_high/table_500K.txt,500000
dataset prod,/root/nfs/isca23_dlrm/reproduce_isca23_cpu_DLRM_inference/datasets/reuse_high/table_500K.txt,500000
dataset prod,/root/nfs/isca23_dlrm/reproduce_isca23_cpu_DLRM_inference/datasets/reuse_high/table_500K.txt,500000
dataset prod,/root/nfs/isca23_dlrm/reproduce_isca23_cpu_DLRM_inference/datasets/reuse_high/table_500K.txt,500000
dataset prod,/root/nfs/isca23_dlrm/reproduce_isca23_cpu_DLRM_inference/datasets/reuse_high/table_500K.txt,500000
dataset prod,/root/nfs/isca23_dlrm/reproduce_isca23_cpu_DLRM_inference/datasets/reuse_high/table_500K.txt,500000
dataset prod,/root/nfs/isca23_dlrm/reproduce_isca23_cpu_DLRM_inference/datasets/reuse_high/table_500K.txt,500000
dataset prod,/root/nfs/isca23_dlrm/reproduce_isca23_cpu_DLRM_inference/datasets/reuse_high/table_500K.txt,500000
dataset prod,/root/nfs/isca23_dlrm/reproduce_isca23_cpu_DLRM_inference/datasets/reuse_high/table_500K.txt,500000
dataset prod,/root/nfs/isca23_dlrm/reproduce_isca23_cpu_DLRM_inference/datasets/reuse_high/table_500K.txt,500000
dataset prod,/root/nfs/isca23_dlrm/reproduce_isca23_cpu_DLRM_inference/datasets/reuse_high/table_500K.txt,500000
dataset prod,/root/nfs/isca23_dlrm/reproduce_isca23_cpu_DLRM_inference/datasets/reuse_high/table_500K.txt,500000
dataset prod,/root/nfs/isca23_dlrm/reproduce_isca23_cpu_DLRM_inference/datasets/reuse_high/table_500K.txt,500000
dataset prod,/root/nfs/isca23_dlrm/reproduce_isca23_cpu_DLRM_inference/datasets/reuse_high/table_500K.txt,500000
dataset prod,/root/nfs/isca23_dlrm/reproduce_isca23_cpu_DLRM_inference/datasets/reuse_high/table_500K.txt,500000
dataset prod,/root/nfs/isca23_dlrm/reproduce_isca23_cpu_DLRM_inference/datasets/reuse_high/table_500K.txt,500000
dataset prod,/root/nfs/isca23_dlrm/reproduce_isca23_cpu_DLRM_inference/datasets/reuse_high/table_500K.txt,500000
dataset prod,/root/nfs/isca23_dlrm/reproduce_isca23_cpu_DLRM_inference/datasets/reuse_high/table_500K.txt,500000
Average latency per example: 25.934ms
Total number of iterations: 120
Total number of iterations per second (across all threads): 38.56
Total time: 3.112s
Throughput: 2467.845 fps
