Using CPU...
start to create emb, minimally need ~3.814697265625 G memory 
may actually use more memory depends on memory allocator like tcmalloc/jemalloc
current mem usage: 0.31402587890625 G
Create Embedding: 500000
Create Embedding: 500000
Create Embedding: 500000
Create Embedding: 500000
Create Embedding: 500000
Create Embedding: 500000
Create Embedding: 500000
Create Embedding: 500000
Create Embedding: 500000
Create Embedding: 500000
Create Embedding: 500000
Create Embedding: 500000
Create Embedding: 500000
Create Embedding: 500000
Create Embedding: 500000
Create Embedding: 500000
Create Embedding: 500000
Create Embedding: 500000
Create Embedding: 500000
Create Embedding: 500000
Create Embedding: 500000
Create Embedding: 500000
Create Embedding: 500000
Create Embedding: 500000
Create Embedding: 500000
Create Embedding: 500000
Create Embedding: 500000
Create Embedding: 500000
Create Embedding: 500000
Create Embedding: 500000
Create Embedding: 500000
Create Embedding: 500000
create emb done, current mem usage: 4.133197784423828 G
time/loss/accuracy (if enabled):
Initialize for not inference only done, current mem usage: 4.1333770751953125 G
Testing for inference only
dataset prod,/root/nfs/isca23_dlrm/reproduce_isca23_cpu_DLRM_inference/datasets/reuse_low/table_500K.txt,500000
ATen/Parallel:
	at::get_num_threads() : 1
	at::get_num_interop_threads() : 48
OpenMP 201511 (a.k.a. OpenMP 4.5)
	omp_get_max_threads() : 1
Intel(R) oneAPI Math Kernel Library Version 2023.1-Product Build 20230303 for Intel(R) 64 architecture applications
	mkl_get_max_threads() : 1
Intel(R) MKL-DNN v2.6.0 (Git Hash 52b5f107dd9cf10910aaa19cb47f3abf9b349815)
std::thread::hardware_concurrency() : 128
Environment variables:
	OMP_NUM_THREADS : 1
	MKL_NUM_THREADS : [not set]
ATen parallel backend: OpenMP

dataset prod,/root/nfs/isca23_dlrm/reproduce_isca23_cpu_DLRM_inference/datasets/reuse_low/table_500K.txt,500000
dataset prod,/root/nfs/isca23_dlrm/reproduce_isca23_cpu_DLRM_inference/datasets/reuse_low/table_500K.txt,500000
dataset prod,/root/nfs/isca23_dlrm/reproduce_isca23_cpu_DLRM_inference/datasets/reuse_low/table_500K.txt,500000
dataset prod,/root/nfs/isca23_dlrm/reproduce_isca23_cpu_DLRM_inference/datasets/reuse_low/table_500K.txt,500000
dataset prod,/root/nfs/isca23_dlrm/reproduce_isca23_cpu_DLRM_inference/datasets/reuse_low/table_500K.txt,500000
dataset prod,/root/nfs/isca23_dlrm/reproduce_isca23_cpu_DLRM_inference/datasets/reuse_low/table_500K.txt,500000
dataset prod,/root/nfs/isca23_dlrm/reproduce_isca23_cpu_DLRM_inference/datasets/reuse_low/table_500K.txt,500000
dataset prod,/root/nfs/isca23_dlrm/reproduce_isca23_cpu_DLRM_inference/datasets/reuse_low/table_500K.txt,500000
dataset prod,/root/nfs/isca23_dlrm/reproduce_isca23_cpu_DLRM_inference/datasets/reuse_low/table_500K.txt,500000
dataset prod,/root/nfs/isca23_dlrm/reproduce_isca23_cpu_DLRM_inference/datasets/reuse_low/table_500K.txt,500000
dataset prod,/root/nfs/isca23_dlrm/reproduce_isca23_cpu_DLRM_inference/datasets/reuse_low/table_500K.txt,500000
dataset prod,/root/nfs/isca23_dlrm/reproduce_isca23_cpu_DLRM_inference/datasets/reuse_low/table_500K.txt,500000
dataset prod,/root/nfs/isca23_dlrm/reproduce_isca23_cpu_DLRM_inference/datasets/reuse_low/table_500K.txt,500000
dataset prod,/root/nfs/isca23_dlrm/reproduce_isca23_cpu_DLRM_inference/datasets/reuse_low/table_500K.txt,500000
dataset prod,/root/nfs/isca23_dlrm/reproduce_isca23_cpu_DLRM_inference/datasets/reuse_low/table_500K.txt,500000
dataset prod,/root/nfs/isca23_dlrm/reproduce_isca23_cpu_DLRM_inference/datasets/reuse_low/table_500K.txt,500000
dataset prod,/root/nfs/isca23_dlrm/reproduce_isca23_cpu_DLRM_inference/datasets/reuse_low/table_500K.txt,500000
dataset prod,/root/nfs/isca23_dlrm/reproduce_isca23_cpu_DLRM_inference/datasets/reuse_low/table_500K.txt,500000
dataset prod,/root/nfs/isca23_dlrm/reproduce_isca23_cpu_DLRM_inference/datasets/reuse_low/table_500K.txt,500000
dataset prod,/root/nfs/isca23_dlrm/reproduce_isca23_cpu_DLRM_inference/datasets/reuse_low/table_500K.txt,500000
dataset prod,/root/nfs/isca23_dlrm/reproduce_isca23_cpu_DLRM_inference/datasets/reuse_low/table_500K.txt,500000
dataset prod,/root/nfs/isca23_dlrm/reproduce_isca23_cpu_DLRM_inference/datasets/reuse_low/table_500K.txt,500000
dataset prod,/root/nfs/isca23_dlrm/reproduce_isca23_cpu_DLRM_inference/datasets/reuse_low/table_500K.txt,500000
dataset prod,/root/nfs/isca23_dlrm/reproduce_isca23_cpu_DLRM_inference/datasets/reuse_low/table_500K.txt,500000
dataset prod,/root/nfs/isca23_dlrm/reproduce_isca23_cpu_DLRM_inference/datasets/reuse_low/table_500K.txt,500000
dataset prod,/root/nfs/isca23_dlrm/reproduce_isca23_cpu_DLRM_inference/datasets/reuse_low/table_500K.txt,500000
dataset prod,/root/nfs/isca23_dlrm/reproduce_isca23_cpu_DLRM_inference/datasets/reuse_low/table_500K.txt,500000
dataset prod,/root/nfs/isca23_dlrm/reproduce_isca23_cpu_DLRM_inference/datasets/reuse_low/table_500K.txt,500000
dataset prod,/root/nfs/isca23_dlrm/reproduce_isca23_cpu_DLRM_inference/datasets/reuse_low/table_500K.txt,500000
dataset prod,/root/nfs/isca23_dlrm/reproduce_isca23_cpu_DLRM_inference/datasets/reuse_low/table_500K.txt,500000
dataset prod,/root/nfs/isca23_dlrm/reproduce_isca23_cpu_DLRM_inference/datasets/reuse_low/table_500K.txt,500000
dataset prod,/root/nfs/isca23_dlrm/reproduce_isca23_cpu_DLRM_inference/datasets/reuse_low/table_500K.txt,500000
dataset prod,/root/nfs/isca23_dlrm/reproduce_isca23_cpu_DLRM_inference/datasets/reuse_low/table_500K.txt,500000
dataset prod,/root/nfs/isca23_dlrm/reproduce_isca23_cpu_DLRM_inference/datasets/reuse_low/table_500K.txt,500000
dataset prod,/root/nfs/isca23_dlrm/reproduce_isca23_cpu_DLRM_inference/datasets/reuse_low/table_500K.txt,500000
dataset prod,/root/nfs/isca23_dlrm/reproduce_isca23_cpu_DLRM_inference/datasets/reuse_low/table_500K.txt,500000
dataset prod,/root/nfs/isca23_dlrm/reproduce_isca23_cpu_DLRM_inference/datasets/reuse_low/table_500K.txt,500000
dataset prod,/root/nfs/isca23_dlrm/reproduce_isca23_cpu_DLRM_inference/datasets/reuse_low/table_500K.txt,500000
dataset prod,/root/nfs/isca23_dlrm/reproduce_isca23_cpu_DLRM_inference/datasets/reuse_low/table_500K.txt,500000
dataset prod,/root/nfs/isca23_dlrm/reproduce_isca23_cpu_DLRM_inference/datasets/reuse_low/table_500K.txt,500000
dataset prod,/root/nfs/isca23_dlrm/reproduce_isca23_cpu_DLRM_inference/datasets/reuse_low/table_500K.txt,500000
dataset prod,/root/nfs/isca23_dlrm/reproduce_isca23_cpu_DLRM_inference/datasets/reuse_low/table_500K.txt,500000
dataset prod,/root/nfs/isca23_dlrm/reproduce_isca23_cpu_DLRM_inference/datasets/reuse_low/table_500K.txt,500000
dataset prod,/root/nfs/isca23_dlrm/reproduce_isca23_cpu_DLRM_inference/datasets/reuse_low/table_500K.txt,500000
dataset prod,/root/nfs/isca23_dlrm/reproduce_isca23_cpu_DLRM_inference/datasets/reuse_low/table_500K.txt,500000
dataset prod,/root/nfs/isca23_dlrm/reproduce_isca23_cpu_DLRM_inference/datasets/reuse_low/table_500K.txt,500000
dataset prod,/root/nfs/isca23_dlrm/reproduce_isca23_cpu_DLRM_inference/datasets/reuse_low/table_500K.txt,500000
dataset prod,/root/nfs/isca23_dlrm/reproduce_isca23_cpu_DLRM_inference/datasets/reuse_low/table_500K.txt,500000
dataset prod,/root/nfs/isca23_dlrm/reproduce_isca23_cpu_DLRM_inference/datasets/reuse_low/table_500K.txt,500000
dataset prod,/root/nfs/isca23_dlrm/reproduce_isca23_cpu_DLRM_inference/datasets/reuse_low/table_500K.txt,500000
dataset prod,/root/nfs/isca23_dlrm/reproduce_isca23_cpu_DLRM_inference/datasets/reuse_low/table_500K.txt,500000
dataset prod,/root/nfs/isca23_dlrm/reproduce_isca23_cpu_DLRM_inference/datasets/reuse_low/table_500K.txt,500000
dataset prod,/root/nfs/isca23_dlrm/reproduce_isca23_cpu_DLRM_inference/datasets/reuse_low/table_500K.txt,500000
dataset prod,/root/nfs/isca23_dlrm/reproduce_isca23_cpu_DLRM_inference/datasets/reuse_low/table_500K.txt,500000
dataset prod,/root/nfs/isca23_dlrm/reproduce_isca23_cpu_DLRM_inference/datasets/reuse_low/table_500K.txt,500000
dataset prod,/root/nfs/isca23_dlrm/reproduce_isca23_cpu_DLRM_inference/datasets/reuse_low/table_500K.txt,500000
dataset prod,/root/nfs/isca23_dlrm/reproduce_isca23_cpu_DLRM_inference/datasets/reuse_low/table_500K.txt,500000
dataset prod,/root/nfs/isca23_dlrm/reproduce_isca23_cpu_DLRM_inference/datasets/reuse_low/table_500K.txt,500000
dataset prod,/root/nfs/isca23_dlrm/reproduce_isca23_cpu_DLRM_inference/datasets/reuse_low/table_500K.txt,500000
dataset prod,/root/nfs/isca23_dlrm/reproduce_isca23_cpu_DLRM_inference/datasets/reuse_low/table_500K.txt,500000
dataset prod,/root/nfs/isca23_dlrm/reproduce_isca23_cpu_DLRM_inference/datasets/reuse_low/table_500K.txt,500000
dataset prod,/root/nfs/isca23_dlrm/reproduce_isca23_cpu_DLRM_inference/datasets/reuse_low/table_500K.txt,500000
dataset prod,/root/nfs/isca23_dlrm/reproduce_isca23_cpu_DLRM_inference/datasets/reuse_low/table_500K.txt,500000
dataset prod,/root/nfs/isca23_dlrm/reproduce_isca23_cpu_DLRM_inference/datasets/reuse_low/table_500K.txt,500000
dataset prod,/root/nfs/isca23_dlrm/reproduce_isca23_cpu_DLRM_inference/datasets/reuse_low/table_500K.txt,500000
dataset prod,/root/nfs/isca23_dlrm/reproduce_isca23_cpu_DLRM_inference/datasets/reuse_low/table_500K.txt,500000
dataset prod,/root/nfs/isca23_dlrm/reproduce_isca23_cpu_DLRM_inference/datasets/reuse_low/table_500K.txt,500000
dataset prod,/root/nfs/isca23_dlrm/reproduce_isca23_cpu_DLRM_inference/datasets/reuse_low/table_500K.txt,500000
dataset prod,/root/nfs/isca23_dlrm/reproduce_isca23_cpu_DLRM_inference/datasets/reuse_low/table_500K.txt,500000
dataset prod,/root/nfs/isca23_dlrm/reproduce_isca23_cpu_DLRM_inference/datasets/reuse_low/table_500K.txt,500000
dataset prod,/root/nfs/isca23_dlrm/reproduce_isca23_cpu_DLRM_inference/datasets/reuse_low/table_500K.txt,500000
dataset prod,/root/nfs/isca23_dlrm/reproduce_isca23_cpu_DLRM_inference/datasets/reuse_low/table_500K.txt,500000
dataset prod,/root/nfs/isca23_dlrm/reproduce_isca23_cpu_DLRM_inference/datasets/reuse_low/table_500K.txt,500000
dataset prod,/root/nfs/isca23_dlrm/reproduce_isca23_cpu_DLRM_inference/datasets/reuse_low/table_500K.txt,500000
dataset prod,/root/nfs/isca23_dlrm/reproduce_isca23_cpu_DLRM_inference/datasets/reuse_low/table_500K.txt,500000
dataset prod,/root/nfs/isca23_dlrm/reproduce_isca23_cpu_DLRM_inference/datasets/reuse_low/table_500K.txt,500000
dataset prod,/root/nfs/isca23_dlrm/reproduce_isca23_cpu_DLRM_inference/datasets/reuse_low/table_500K.txt,500000
dataset prod,/root/nfs/isca23_dlrm/reproduce_isca23_cpu_DLRM_inference/datasets/reuse_low/table_500K.txt,500000
dataset prod,/root/nfs/isca23_dlrm/reproduce_isca23_cpu_DLRM_inference/datasets/reuse_low/table_500K.txt,500000
dataset prod,/root/nfs/isca23_dlrm/reproduce_isca23_cpu_DLRM_inference/datasets/reuse_low/table_500K.txt,500000
dataset prod,/root/nfs/isca23_dlrm/reproduce_isca23_cpu_DLRM_inference/datasets/reuse_low/table_500K.txt,500000
dataset prod,/root/nfs/isca23_dlrm/reproduce_isca23_cpu_DLRM_inference/datasets/reuse_low/table_500K.txt,500000
dataset prod,/root/nfs/isca23_dlrm/reproduce_isca23_cpu_DLRM_inference/datasets/reuse_low/table_500K.txt,500000
dataset prod,/root/nfs/isca23_dlrm/reproduce_isca23_cpu_DLRM_inference/datasets/reuse_low/table_500K.txt,500000
dataset prod,/root/nfs/isca23_dlrm/reproduce_isca23_cpu_DLRM_inference/datasets/reuse_low/table_500K.txt,500000
dataset prod,/root/nfs/isca23_dlrm/reproduce_isca23_cpu_DLRM_inference/datasets/reuse_low/table_500K.txt,500000
dataset prod,/root/nfs/isca23_dlrm/reproduce_isca23_cpu_DLRM_inference/datasets/reuse_low/table_500K.txt,500000
dataset prod,/root/nfs/isca23_dlrm/reproduce_isca23_cpu_DLRM_inference/datasets/reuse_low/table_500K.txt,500000
dataset prod,/root/nfs/isca23_dlrm/reproduce_isca23_cpu_DLRM_inference/datasets/reuse_low/table_500K.txt,500000
dataset prod,/root/nfs/isca23_dlrm/reproduce_isca23_cpu_DLRM_inference/datasets/reuse_low/table_500K.txt,500000
dataset prod,/root/nfs/isca23_dlrm/reproduce_isca23_cpu_DLRM_inference/datasets/reuse_low/table_500K.txt,500000
dataset prod,/root/nfs/isca23_dlrm/reproduce_isca23_cpu_DLRM_inference/datasets/reuse_low/table_500K.txt,500000
dataset prod,/root/nfs/isca23_dlrm/reproduce_isca23_cpu_DLRM_inference/datasets/reuse_low/table_500K.txt,500000
dataset prod,/root/nfs/isca23_dlrm/reproduce_isca23_cpu_DLRM_inference/datasets/reuse_low/table_500K.txt,500000
dataset prod,/root/nfs/isca23_dlrm/reproduce_isca23_cpu_DLRM_inference/datasets/reuse_low/table_500K.txt,500000
dataset prod,/root/nfs/isca23_dlrm/reproduce_isca23_cpu_DLRM_inference/datasets/reuse_low/table_500K.txt,500000
dataset prod,/root/nfs/isca23_dlrm/reproduce_isca23_cpu_DLRM_inference/datasets/reuse_low/table_500K.txt,500000
dataset prod,/root/nfs/isca23_dlrm/reproduce_isca23_cpu_DLRM_inference/datasets/reuse_low/table_500K.txt,500000
dataset prod,/root/nfs/isca23_dlrm/reproduce_isca23_cpu_DLRM_inference/datasets/reuse_low/table_500K.txt,500000
dataset prod,/root/nfs/isca23_dlrm/reproduce_isca23_cpu_DLRM_inference/datasets/reuse_low/table_500K.txt,500000
dataset prod,/root/nfs/isca23_dlrm/reproduce_isca23_cpu_DLRM_inference/datasets/reuse_low/table_500K.txt,500000
dataset prod,/root/nfs/isca23_dlrm/reproduce_isca23_cpu_DLRM_inference/datasets/reuse_low/table_500K.txt,500000
dataset prod,/root/nfs/isca23_dlrm/reproduce_isca23_cpu_DLRM_inference/datasets/reuse_low/table_500K.txt,500000
dataset prod,/root/nfs/isca23_dlrm/reproduce_isca23_cpu_DLRM_inference/datasets/reuse_low/table_500K.txt,500000
dataset prod,/root/nfs/isca23_dlrm/reproduce_isca23_cpu_DLRM_inference/datasets/reuse_low/table_500K.txt,500000
dataset prod,/root/nfs/isca23_dlrm/reproduce_isca23_cpu_DLRM_inference/datasets/reuse_low/table_500K.txt,500000
dataset prod,/root/nfs/isca23_dlrm/reproduce_isca23_cpu_DLRM_inference/datasets/reuse_low/table_500K.txt,500000
dataset prod,/root/nfs/isca23_dlrm/reproduce_isca23_cpu_DLRM_inference/datasets/reuse_low/table_500K.txt,500000
dataset prod,/root/nfs/isca23_dlrm/reproduce_isca23_cpu_DLRM_inference/datasets/reuse_low/table_500K.txt,500000
dataset prod,/root/nfs/isca23_dlrm/reproduce_isca23_cpu_DLRM_inference/datasets/reuse_low/table_500K.txt,500000
dataset prod,/root/nfs/isca23_dlrm/reproduce_isca23_cpu_DLRM_inference/datasets/reuse_low/table_500K.txt,500000
dataset prod,/root/nfs/isca23_dlrm/reproduce_isca23_cpu_DLRM_inference/datasets/reuse_low/table_500K.txt,500000
dataset prod,/root/nfs/isca23_dlrm/reproduce_isca23_cpu_DLRM_inference/datasets/reuse_low/table_500K.txt,500000
dataset prod,/root/nfs/isca23_dlrm/reproduce_isca23_cpu_DLRM_inference/datasets/reuse_low/table_500K.txt,500000
dataset prod,/root/nfs/isca23_dlrm/reproduce_isca23_cpu_DLRM_inference/datasets/reuse_low/table_500K.txt,500000
dataset prod,/root/nfs/isca23_dlrm/reproduce_isca23_cpu_DLRM_inference/datasets/reuse_low/table_500K.txt,500000
dataset prod,/root/nfs/isca23_dlrm/reproduce_isca23_cpu_DLRM_inference/datasets/reuse_low/table_500K.txt,500000
dataset prod,/root/nfs/isca23_dlrm/reproduce_isca23_cpu_DLRM_inference/datasets/reuse_low/table_500K.txt,500000
dataset prod,/root/nfs/isca23_dlrm/reproduce_isca23_cpu_DLRM_inference/datasets/reuse_low/table_500K.txt,500000
dataset prod,/root/nfs/isca23_dlrm/reproduce_isca23_cpu_DLRM_inference/datasets/reuse_low/table_500K.txt,500000
Average latency per example: 31.741ms
Total number of iterations: 120
Total number of iterations per second (across all threads): 756.12
Total time: 158.705ms
Throughput: 48391.759 fps
 
Using CPU...
start to create emb, minimally need ~3.814697265625 G memory 
may actually use more memory depends on memory allocator like tcmalloc/jemalloc
current mem usage: 0.31369781494140625 G
Create Embedding: 500000
Create Embedding: 500000
Create Embedding: 500000
Create Embedding: 500000
Create Embedding: 500000
Create Embedding: 500000
Create Embedding: 500000
Create Embedding: 500000
Create Embedding: 500000
Create Embedding: 500000
Create Embedding: 500000
Create Embedding: 500000
Create Embedding: 500000
Create Embedding: 500000
Create Embedding: 500000
Create Embedding: 500000
Create Embedding: 500000
Create Embedding: 500000
Create Embedding: 500000
Create Embedding: 500000
Create Embedding: 500000
Create Embedding: 500000
Create Embedding: 500000
Create Embedding: 500000
Create Embedding: 500000
Create Embedding: 500000
Create Embedding: 500000
Create Embedding: 500000
Create Embedding: 500000
Create Embedding: 500000
Create Embedding: 500000
Create Embedding: 500000
create emb done, current mem usage: 4.133056640625 G
time/loss/accuracy (if enabled):
Initialize for not inference only done, current mem usage: 4.133056640625 G
Testing for inference only
dataset prod,/root/nfs/isca23_dlrm/reproduce_isca23_cpu_DLRM_inference/datasets/reuse_medium/table_500K.txt,500000
ATen/Parallel:
	at::get_num_threads() : 1
	at::get_num_interop_threads() : 48
OpenMP 201511 (a.k.a. OpenMP 4.5)
	omp_get_max_threads() : 1
Intel(R) oneAPI Math Kernel Library Version 2023.1-Product Build 20230303 for Intel(R) 64 architecture applications
	mkl_get_max_threads() : 1
Intel(R) MKL-DNN v2.6.0 (Git Hash 52b5f107dd9cf10910aaa19cb47f3abf9b349815)
std::thread::hardware_concurrency() : 128
Environment variables:
	OMP_NUM_THREADS : 1
	MKL_NUM_THREADS : [not set]
ATen parallel backend: OpenMP

dataset prod,/root/nfs/isca23_dlrm/reproduce_isca23_cpu_DLRM_inference/datasets/reuse_medium/table_500K.txt,500000
dataset prod,/root/nfs/isca23_dlrm/reproduce_isca23_cpu_DLRM_inference/datasets/reuse_medium/table_500K.txt,500000
dataset prod,/root/nfs/isca23_dlrm/reproduce_isca23_cpu_DLRM_inference/datasets/reuse_medium/table_500K.txt,500000
dataset prod,/root/nfs/isca23_dlrm/reproduce_isca23_cpu_DLRM_inference/datasets/reuse_medium/table_500K.txt,500000
dataset prod,/root/nfs/isca23_dlrm/reproduce_isca23_cpu_DLRM_inference/datasets/reuse_medium/table_500K.txt,500000
dataset prod,/root/nfs/isca23_dlrm/reproduce_isca23_cpu_DLRM_inference/datasets/reuse_medium/table_500K.txt,500000
dataset prod,/root/nfs/isca23_dlrm/reproduce_isca23_cpu_DLRM_inference/datasets/reuse_medium/table_500K.txt,500000
dataset prod,/root/nfs/isca23_dlrm/reproduce_isca23_cpu_DLRM_inference/datasets/reuse_medium/table_500K.txt,500000
dataset prod,/root/nfs/isca23_dlrm/reproduce_isca23_cpu_DLRM_inference/datasets/reuse_medium/table_500K.txt,500000
dataset prod,/root/nfs/isca23_dlrm/reproduce_isca23_cpu_DLRM_inference/datasets/reuse_medium/table_500K.txt,500000
dataset prod,/root/nfs/isca23_dlrm/reproduce_isca23_cpu_DLRM_inference/datasets/reuse_medium/table_500K.txt,500000
dataset prod,/root/nfs/isca23_dlrm/reproduce_isca23_cpu_DLRM_inference/datasets/reuse_medium/table_500K.txt,500000
dataset prod,/root/nfs/isca23_dlrm/reproduce_isca23_cpu_DLRM_inference/datasets/reuse_medium/table_500K.txt,500000
dataset prod,/root/nfs/isca23_dlrm/reproduce_isca23_cpu_DLRM_inference/datasets/reuse_medium/table_500K.txt,500000
dataset prod,/root/nfs/isca23_dlrm/reproduce_isca23_cpu_DLRM_inference/datasets/reuse_medium/table_500K.txt,500000
dataset prod,/root/nfs/isca23_dlrm/reproduce_isca23_cpu_DLRM_inference/datasets/reuse_medium/table_500K.txt,500000
dataset prod,/root/nfs/isca23_dlrm/reproduce_isca23_cpu_DLRM_inference/datasets/reuse_medium/table_500K.txt,500000
dataset prod,/root/nfs/isca23_dlrm/reproduce_isca23_cpu_DLRM_inference/datasets/reuse_medium/table_500K.txt,500000
dataset prod,/root/nfs/isca23_dlrm/reproduce_isca23_cpu_DLRM_inference/datasets/reuse_medium/table_500K.txt,500000
dataset prod,/root/nfs/isca23_dlrm/reproduce_isca23_cpu_DLRM_inference/datasets/reuse_medium/table_500K.txt,500000
dataset prod,/root/nfs/isca23_dlrm/reproduce_isca23_cpu_DLRM_inference/datasets/reuse_medium/table_500K.txt,500000
dataset prod,/root/nfs/isca23_dlrm/reproduce_isca23_cpu_DLRM_inference/datasets/reuse_medium/table_500K.txt,500000
dataset prod,/root/nfs/isca23_dlrm/reproduce_isca23_cpu_DLRM_inference/datasets/reuse_medium/table_500K.txt,500000
dataset prod,/root/nfs/isca23_dlrm/reproduce_isca23_cpu_DLRM_inference/datasets/reuse_medium/table_500K.txt,500000
dataset prod,/root/nfs/isca23_dlrm/reproduce_isca23_cpu_DLRM_inference/datasets/reuse_medium/table_500K.txt,500000
dataset prod,/root/nfs/isca23_dlrm/reproduce_isca23_cpu_DLRM_inference/datasets/reuse_medium/table_500K.txt,500000
dataset prod,/root/nfs/isca23_dlrm/reproduce_isca23_cpu_DLRM_inference/datasets/reuse_medium/table_500K.txt,500000
dataset prod,/root/nfs/isca23_dlrm/reproduce_isca23_cpu_DLRM_inference/datasets/reuse_medium/table_500K.txt,500000
dataset prod,/root/nfs/isca23_dlrm/reproduce_isca23_cpu_DLRM_inference/datasets/reuse_medium/table_500K.txt,500000
dataset prod,/root/nfs/isca23_dlrm/reproduce_isca23_cpu_DLRM_inference/datasets/reuse_medium/table_500K.txt,500000
dataset prod,/root/nfs/isca23_dlrm/reproduce_isca23_cpu_DLRM_inference/datasets/reuse_medium/table_500K.txt,500000
dataset prod,/root/nfs/isca23_dlrm/reproduce_isca23_cpu_DLRM_inference/datasets/reuse_medium/table_500K.txt,500000
dataset prod,/root/nfs/isca23_dlrm/reproduce_isca23_cpu_DLRM_inference/datasets/reuse_medium/table_500K.txt,500000
dataset prod,/root/nfs/isca23_dlrm/reproduce_isca23_cpu_DLRM_inference/datasets/reuse_medium/table_500K.txt,500000
dataset prod,/root/nfs/isca23_dlrm/reproduce_isca23_cpu_DLRM_inference/datasets/reuse_medium/table_500K.txt,500000
dataset prod,/root/nfs/isca23_dlrm/reproduce_isca23_cpu_DLRM_inference/datasets/reuse_medium/table_500K.txt,500000
dataset prod,/root/nfs/isca23_dlrm/reproduce_isca23_cpu_DLRM_inference/datasets/reuse_medium/table_500K.txt,500000
dataset prod,/root/nfs/isca23_dlrm/reproduce_isca23_cpu_DLRM_inference/datasets/reuse_medium/table_500K.txt,500000
dataset prod,/root/nfs/isca23_dlrm/reproduce_isca23_cpu_DLRM_inference/datasets/reuse_medium/table_500K.txt,500000
dataset prod,/root/nfs/isca23_dlrm/reproduce_isca23_cpu_DLRM_inference/datasets/reuse_medium/table_500K.txt,500000
dataset prod,/root/nfs/isca23_dlrm/reproduce_isca23_cpu_DLRM_inference/datasets/reuse_medium/table_500K.txt,500000
dataset prod,/root/nfs/isca23_dlrm/reproduce_isca23_cpu_DLRM_inference/datasets/reuse_medium/table_500K.txt,500000
dataset prod,/root/nfs/isca23_dlrm/reproduce_isca23_cpu_DLRM_inference/datasets/reuse_medium/table_500K.txt,500000
dataset prod,/root/nfs/isca23_dlrm/reproduce_isca23_cpu_DLRM_inference/datasets/reuse_medium/table_500K.txt,500000
dataset prod,/root/nfs/isca23_dlrm/reproduce_isca23_cpu_DLRM_inference/datasets/reuse_medium/table_500K.txt,500000
dataset prod,/root/nfs/isca23_dlrm/reproduce_isca23_cpu_DLRM_inference/datasets/reuse_medium/table_500K.txt,500000
dataset prod,/root/nfs/isca23_dlrm/reproduce_isca23_cpu_DLRM_inference/datasets/reuse_medium/table_500K.txt,500000
dataset prod,/root/nfs/isca23_dlrm/reproduce_isca23_cpu_DLRM_inference/datasets/reuse_medium/table_500K.txt,500000
dataset prod,/root/nfs/isca23_dlrm/reproduce_isca23_cpu_DLRM_inference/datasets/reuse_medium/table_500K.txt,500000
dataset prod,/root/nfs/isca23_dlrm/reproduce_isca23_cpu_DLRM_inference/datasets/reuse_medium/table_500K.txt,500000
dataset prod,/root/nfs/isca23_dlrm/reproduce_isca23_cpu_DLRM_inference/datasets/reuse_medium/table_500K.txt,500000
dataset prod,/root/nfs/isca23_dlrm/reproduce_isca23_cpu_DLRM_inference/datasets/reuse_medium/table_500K.txt,500000
dataset prod,/root/nfs/isca23_dlrm/reproduce_isca23_cpu_DLRM_inference/datasets/reuse_medium/table_500K.txt,500000
dataset prod,/root/nfs/isca23_dlrm/reproduce_isca23_cpu_DLRM_inference/datasets/reuse_medium/table_500K.txt,500000
dataset prod,/root/nfs/isca23_dlrm/reproduce_isca23_cpu_DLRM_inference/datasets/reuse_medium/table_500K.txt,500000
dataset prod,/root/nfs/isca23_dlrm/reproduce_isca23_cpu_DLRM_inference/datasets/reuse_medium/table_500K.txt,500000
dataset prod,/root/nfs/isca23_dlrm/reproduce_isca23_cpu_DLRM_inference/datasets/reuse_medium/table_500K.txt,500000
dataset prod,/root/nfs/isca23_dlrm/reproduce_isca23_cpu_DLRM_inference/datasets/reuse_medium/table_500K.txt,500000
dataset prod,/root/nfs/isca23_dlrm/reproduce_isca23_cpu_DLRM_inference/datasets/reuse_medium/table_500K.txt,500000
dataset prod,/root/nfs/isca23_dlrm/reproduce_isca23_cpu_DLRM_inference/datasets/reuse_medium/table_500K.txt,500000
dataset prod,/root/nfs/isca23_dlrm/reproduce_isca23_cpu_DLRM_inference/datasets/reuse_medium/table_500K.txt,500000
dataset prod,/root/nfs/isca23_dlrm/reproduce_isca23_cpu_DLRM_inference/datasets/reuse_medium/table_500K.txt,500000
dataset prod,/root/nfs/isca23_dlrm/reproduce_isca23_cpu_DLRM_inference/datasets/reuse_medium/table_500K.txt,500000
dataset prod,/root/nfs/isca23_dlrm/reproduce_isca23_cpu_DLRM_inference/datasets/reuse_medium/table_500K.txt,500000
dataset prod,/root/nfs/isca23_dlrm/reproduce_isca23_cpu_DLRM_inference/datasets/reuse_medium/table_500K.txt,500000
dataset prod,/root/nfs/isca23_dlrm/reproduce_isca23_cpu_DLRM_inference/datasets/reuse_medium/table_500K.txt,500000
dataset prod,/root/nfs/isca23_dlrm/reproduce_isca23_cpu_DLRM_inference/datasets/reuse_medium/table_500K.txt,500000
dataset prod,/root/nfs/isca23_dlrm/reproduce_isca23_cpu_DLRM_inference/datasets/reuse_medium/table_500K.txt,500000
dataset prod,/root/nfs/isca23_dlrm/reproduce_isca23_cpu_DLRM_inference/datasets/reuse_medium/table_500K.txt,500000
dataset prod,/root/nfs/isca23_dlrm/reproduce_isca23_cpu_DLRM_inference/datasets/reuse_medium/table_500K.txt,500000
dataset prod,/root/nfs/isca23_dlrm/reproduce_isca23_cpu_DLRM_inference/datasets/reuse_medium/table_500K.txt,500000
dataset prod,/root/nfs/isca23_dlrm/reproduce_isca23_cpu_DLRM_inference/datasets/reuse_medium/table_500K.txt,500000
dataset prod,/root/nfs/isca23_dlrm/reproduce_isca23_cpu_DLRM_inference/datasets/reuse_medium/table_500K.txt,500000
dataset prod,/root/nfs/isca23_dlrm/reproduce_isca23_cpu_DLRM_inference/datasets/reuse_medium/table_500K.txt,500000
dataset prod,/root/nfs/isca23_dlrm/reproduce_isca23_cpu_DLRM_inference/datasets/reuse_medium/table_500K.txt,500000
dataset prod,/root/nfs/isca23_dlrm/reproduce_isca23_cpu_DLRM_inference/datasets/reuse_medium/table_500K.txt,500000
dataset prod,/root/nfs/isca23_dlrm/reproduce_isca23_cpu_DLRM_inference/datasets/reuse_medium/table_500K.txt,500000
dataset prod,/root/nfs/isca23_dlrm/reproduce_isca23_cpu_DLRM_inference/datasets/reuse_medium/table_500K.txt,500000
dataset prod,/root/nfs/isca23_dlrm/reproduce_isca23_cpu_DLRM_inference/datasets/reuse_medium/table_500K.txt,500000
dataset prod,/root/nfs/isca23_dlrm/reproduce_isca23_cpu_DLRM_inference/datasets/reuse_medium/table_500K.txt,500000
dataset prod,/root/nfs/isca23_dlrm/reproduce_isca23_cpu_DLRM_inference/datasets/reuse_medium/table_500K.txt,500000
dataset prod,/root/nfs/isca23_dlrm/reproduce_isca23_cpu_DLRM_inference/datasets/reuse_medium/table_500K.txt,500000
dataset prod,/root/nfs/isca23_dlrm/reproduce_isca23_cpu_DLRM_inference/datasets/reuse_medium/table_500K.txt,500000
dataset prod,/root/nfs/isca23_dlrm/reproduce_isca23_cpu_DLRM_inference/datasets/reuse_medium/table_500K.txt,500000
dataset prod,/root/nfs/isca23_dlrm/reproduce_isca23_cpu_DLRM_inference/datasets/reuse_medium/table_500K.txt,500000
dataset prod,/root/nfs/isca23_dlrm/reproduce_isca23_cpu_DLRM_inference/datasets/reuse_medium/table_500K.txt,500000
dataset prod,/root/nfs/isca23_dlrm/reproduce_isca23_cpu_DLRM_inference/datasets/reuse_medium/table_500K.txt,500000
dataset prod,/root/nfs/isca23_dlrm/reproduce_isca23_cpu_DLRM_inference/datasets/reuse_medium/table_500K.txt,500000
dataset prod,/root/nfs/isca23_dlrm/reproduce_isca23_cpu_DLRM_inference/datasets/reuse_medium/table_500K.txt,500000
dataset prod,/root/nfs/isca23_dlrm/reproduce_isca23_cpu_DLRM_inference/datasets/reuse_medium/table_500K.txt,500000
dataset prod,/root/nfs/isca23_dlrm/reproduce_isca23_cpu_DLRM_inference/datasets/reuse_medium/table_500K.txt,500000
dataset prod,/root/nfs/isca23_dlrm/reproduce_isca23_cpu_DLRM_inference/datasets/reuse_medium/table_500K.txt,500000
dataset prod,/root/nfs/isca23_dlrm/reproduce_isca23_cpu_DLRM_inference/datasets/reuse_medium/table_500K.txt,500000
dataset prod,/root/nfs/isca23_dlrm/reproduce_isca23_cpu_DLRM_inference/datasets/reuse_medium/table_500K.txt,500000
dataset prod,/root/nfs/isca23_dlrm/reproduce_isca23_cpu_DLRM_inference/datasets/reuse_medium/table_500K.txt,500000
dataset prod,/root/nfs/isca23_dlrm/reproduce_isca23_cpu_DLRM_inference/datasets/reuse_medium/table_500K.txt,500000
dataset prod,/root/nfs/isca23_dlrm/reproduce_isca23_cpu_DLRM_inference/datasets/reuse_medium/table_500K.txt,500000
dataset prod,/root/nfs/isca23_dlrm/reproduce_isca23_cpu_DLRM_inference/datasets/reuse_medium/table_500K.txt,500000
dataset prod,/root/nfs/isca23_dlrm/reproduce_isca23_cpu_DLRM_inference/datasets/reuse_medium/table_500K.txt,500000
dataset prod,/root/nfs/isca23_dlrm/reproduce_isca23_cpu_DLRM_inference/datasets/reuse_medium/table_500K.txt,500000
dataset prod,/root/nfs/isca23_dlrm/reproduce_isca23_cpu_DLRM_inference/datasets/reuse_medium/table_500K.txt,500000
dataset prod,/root/nfs/isca23_dlrm/reproduce_isca23_cpu_DLRM_inference/datasets/reuse_medium/table_500K.txt,500000
dataset prod,/root/nfs/isca23_dlrm/reproduce_isca23_cpu_DLRM_inference/datasets/reuse_medium/table_500K.txt,500000
dataset prod,/root/nfs/isca23_dlrm/reproduce_isca23_cpu_DLRM_inference/datasets/reuse_medium/table_500K.txt,500000
dataset prod,/root/nfs/isca23_dlrm/reproduce_isca23_cpu_DLRM_inference/datasets/reuse_medium/table_500K.txt,500000
dataset prod,/root/nfs/isca23_dlrm/reproduce_isca23_cpu_DLRM_inference/datasets/reuse_medium/table_500K.txt,500000
dataset prod,/root/nfs/isca23_dlrm/reproduce_isca23_cpu_DLRM_inference/datasets/reuse_medium/table_500K.txt,500000
dataset prod,/root/nfs/isca23_dlrm/reproduce_isca23_cpu_DLRM_inference/datasets/reuse_medium/table_500K.txt,500000
dataset prod,/root/nfs/isca23_dlrm/reproduce_isca23_cpu_DLRM_inference/datasets/reuse_medium/table_500K.txt,500000
dataset prod,/root/nfs/isca23_dlrm/reproduce_isca23_cpu_DLRM_inference/datasets/reuse_medium/table_500K.txt,500000
dataset prod,/root/nfs/isca23_dlrm/reproduce_isca23_cpu_DLRM_inference/datasets/reuse_medium/table_500K.txt,500000
dataset prod,/root/nfs/isca23_dlrm/reproduce_isca23_cpu_DLRM_inference/datasets/reuse_medium/table_500K.txt,500000
dataset prod,/root/nfs/isca23_dlrm/reproduce_isca23_cpu_DLRM_inference/datasets/reuse_medium/table_500K.txt,500000
dataset prod,/root/nfs/isca23_dlrm/reproduce_isca23_cpu_DLRM_inference/datasets/reuse_medium/table_500K.txt,500000
dataset prod,/root/nfs/isca23_dlrm/reproduce_isca23_cpu_DLRM_inference/datasets/reuse_medium/table_500K.txt,500000
dataset prod,/root/nfs/isca23_dlrm/reproduce_isca23_cpu_DLRM_inference/datasets/reuse_medium/table_500K.txt,500000
dataset prod,/root/nfs/isca23_dlrm/reproduce_isca23_cpu_DLRM_inference/datasets/reuse_medium/table_500K.txt,500000
dataset prod,/root/nfs/isca23_dlrm/reproduce_isca23_cpu_DLRM_inference/datasets/reuse_medium/table_500K.txt,500000
dataset prod,/root/nfs/isca23_dlrm/reproduce_isca23_cpu_DLRM_inference/datasets/reuse_medium/table_500K.txt,500000
dataset prod,/root/nfs/isca23_dlrm/reproduce_isca23_cpu_DLRM_inference/datasets/reuse_medium/table_500K.txt,500000
Average latency per example: 21.741ms
Total number of iterations: 120
Total number of iterations per second (across all threads): 1103.93
Total time: 108.703ms
Throughput: 70651.247 fps
 
Using CPU...
start to create emb, minimally need ~3.814697265625 G memory 
may actually use more memory depends on memory allocator like tcmalloc/jemalloc
current mem usage: 0.3137855529785156 G
Create Embedding: 500000
Create Embedding: 500000
Create Embedding: 500000
Create Embedding: 500000
Create Embedding: 500000
Create Embedding: 500000
Create Embedding: 500000
Create Embedding: 500000
Create Embedding: 500000
Create Embedding: 500000
Create Embedding: 500000
Create Embedding: 500000
Create Embedding: 500000
Create Embedding: 500000
Create Embedding: 500000
Create Embedding: 500000
Create Embedding: 500000
Create Embedding: 500000
Create Embedding: 500000
Create Embedding: 500000
Create Embedding: 500000
Create Embedding: 500000
Create Embedding: 500000
Create Embedding: 500000
Create Embedding: 500000
Create Embedding: 500000
Create Embedding: 500000
Create Embedding: 500000
Create Embedding: 500000
Create Embedding: 500000
Create Embedding: 500000
Create Embedding: 500000
create emb done, current mem usage: 4.132942199707031 G
time/loss/accuracy (if enabled):
Initialize for not inference only done, current mem usage: 4.133144378662109 G
Testing for inference only
dataset prod,/root/nfs/isca23_dlrm/reproduce_isca23_cpu_DLRM_inference/datasets/reuse_high/table_500K.txt,500000
ATen/Parallel:
	at::get_num_threads() : 1
	at::get_num_interop_threads() : 48
OpenMP 201511 (a.k.a. OpenMP 4.5)
	omp_get_max_threads() : 1
Intel(R) oneAPI Math Kernel Library Version 2023.1-Product Build 20230303 for Intel(R) 64 architecture applications
	mkl_get_max_threads() : 1
Intel(R) MKL-DNN v2.6.0 (Git Hash 52b5f107dd9cf10910aaa19cb47f3abf9b349815)
std::thread::hardware_concurrency() : 128
Environment variables:
	OMP_NUM_THREADS : 1
	MKL_NUM_THREADS : [not set]
ATen parallel backend: OpenMP

dataset prod,/root/nfs/isca23_dlrm/reproduce_isca23_cpu_DLRM_inference/datasets/reuse_high/table_500K.txt,500000
dataset prod,/root/nfs/isca23_dlrm/reproduce_isca23_cpu_DLRM_inference/datasets/reuse_high/table_500K.txt,500000
dataset prod,/root/nfs/isca23_dlrm/reproduce_isca23_cpu_DLRM_inference/datasets/reuse_high/table_500K.txt,500000
dataset prod,/root/nfs/isca23_dlrm/reproduce_isca23_cpu_DLRM_inference/datasets/reuse_high/table_500K.txt,500000
dataset prod,/root/nfs/isca23_dlrm/reproduce_isca23_cpu_DLRM_inference/datasets/reuse_high/table_500K.txt,500000
dataset prod,/root/nfs/isca23_dlrm/reproduce_isca23_cpu_DLRM_inference/datasets/reuse_high/table_500K.txt,500000
dataset prod,/root/nfs/isca23_dlrm/reproduce_isca23_cpu_DLRM_inference/datasets/reuse_high/table_500K.txt,500000
dataset prod,/root/nfs/isca23_dlrm/reproduce_isca23_cpu_DLRM_inference/datasets/reuse_high/table_500K.txt,500000
dataset prod,/root/nfs/isca23_dlrm/reproduce_isca23_cpu_DLRM_inference/datasets/reuse_high/table_500K.txt,500000
dataset prod,/root/nfs/isca23_dlrm/reproduce_isca23_cpu_DLRM_inference/datasets/reuse_high/table_500K.txt,500000
dataset prod,/root/nfs/isca23_dlrm/reproduce_isca23_cpu_DLRM_inference/datasets/reuse_high/table_500K.txt,500000
dataset prod,/root/nfs/isca23_dlrm/reproduce_isca23_cpu_DLRM_inference/datasets/reuse_high/table_500K.txt,500000
dataset prod,/root/nfs/isca23_dlrm/reproduce_isca23_cpu_DLRM_inference/datasets/reuse_high/table_500K.txt,500000
dataset prod,/root/nfs/isca23_dlrm/reproduce_isca23_cpu_DLRM_inference/datasets/reuse_high/table_500K.txt,500000
dataset prod,/root/nfs/isca23_dlrm/reproduce_isca23_cpu_DLRM_inference/datasets/reuse_high/table_500K.txt,500000
dataset prod,/root/nfs/isca23_dlrm/reproduce_isca23_cpu_DLRM_inference/datasets/reuse_high/table_500K.txt,500000
dataset prod,/root/nfs/isca23_dlrm/reproduce_isca23_cpu_DLRM_inference/datasets/reuse_high/table_500K.txt,500000
dataset prod,/root/nfs/isca23_dlrm/reproduce_isca23_cpu_DLRM_inference/datasets/reuse_high/table_500K.txt,500000
dataset prod,/root/nfs/isca23_dlrm/reproduce_isca23_cpu_DLRM_inference/datasets/reuse_high/table_500K.txt,500000
dataset prod,/root/nfs/isca23_dlrm/reproduce_isca23_cpu_DLRM_inference/datasets/reuse_high/table_500K.txt,500000
dataset prod,/root/nfs/isca23_dlrm/reproduce_isca23_cpu_DLRM_inference/datasets/reuse_high/table_500K.txt,500000
dataset prod,/root/nfs/isca23_dlrm/reproduce_isca23_cpu_DLRM_inference/datasets/reuse_high/table_500K.txt,500000
dataset prod,/root/nfs/isca23_dlrm/reproduce_isca23_cpu_DLRM_inference/datasets/reuse_high/table_500K.txt,500000
dataset prod,/root/nfs/isca23_dlrm/reproduce_isca23_cpu_DLRM_inference/datasets/reuse_high/table_500K.txt,500000
dataset prod,/root/nfs/isca23_dlrm/reproduce_isca23_cpu_DLRM_inference/datasets/reuse_high/table_500K.txt,500000
dataset prod,/root/nfs/isca23_dlrm/reproduce_isca23_cpu_DLRM_inference/datasets/reuse_high/table_500K.txt,500000
dataset prod,/root/nfs/isca23_dlrm/reproduce_isca23_cpu_DLRM_inference/datasets/reuse_high/table_500K.txt,500000
dataset prod,/root/nfs/isca23_dlrm/reproduce_isca23_cpu_DLRM_inference/datasets/reuse_high/table_500K.txt,500000
dataset prod,/root/nfs/isca23_dlrm/reproduce_isca23_cpu_DLRM_inference/datasets/reuse_high/table_500K.txt,500000
dataset prod,/root/nfs/isca23_dlrm/reproduce_isca23_cpu_DLRM_inference/datasets/reuse_high/table_500K.txt,500000
dataset prod,/root/nfs/isca23_dlrm/reproduce_isca23_cpu_DLRM_inference/datasets/reuse_high/table_500K.txt,500000
dataset prod,/root/nfs/isca23_dlrm/reproduce_isca23_cpu_DLRM_inference/datasets/reuse_high/table_500K.txt,500000
dataset prod,/root/nfs/isca23_dlrm/reproduce_isca23_cpu_DLRM_inference/datasets/reuse_high/table_500K.txt,500000
dataset prod,/root/nfs/isca23_dlrm/reproduce_isca23_cpu_DLRM_inference/datasets/reuse_high/table_500K.txt,500000
dataset prod,/root/nfs/isca23_dlrm/reproduce_isca23_cpu_DLRM_inference/datasets/reuse_high/table_500K.txt,500000
dataset prod,/root/nfs/isca23_dlrm/reproduce_isca23_cpu_DLRM_inference/datasets/reuse_high/table_500K.txt,500000
dataset prod,/root/nfs/isca23_dlrm/reproduce_isca23_cpu_DLRM_inference/datasets/reuse_high/table_500K.txt,500000
dataset prod,/root/nfs/isca23_dlrm/reproduce_isca23_cpu_DLRM_inference/datasets/reuse_high/table_500K.txt,500000
dataset prod,/root/nfs/isca23_dlrm/reproduce_isca23_cpu_DLRM_inference/datasets/reuse_high/table_500K.txt,500000
dataset prod,/root/nfs/isca23_dlrm/reproduce_isca23_cpu_DLRM_inference/datasets/reuse_high/table_500K.txt,500000
dataset prod,/root/nfs/isca23_dlrm/reproduce_isca23_cpu_DLRM_inference/datasets/reuse_high/table_500K.txt,500000
dataset prod,/root/nfs/isca23_dlrm/reproduce_isca23_cpu_DLRM_inference/datasets/reuse_high/table_500K.txt,500000
dataset prod,/root/nfs/isca23_dlrm/reproduce_isca23_cpu_DLRM_inference/datasets/reuse_high/table_500K.txt,500000
dataset prod,/root/nfs/isca23_dlrm/reproduce_isca23_cpu_DLRM_inference/datasets/reuse_high/table_500K.txt,500000
dataset prod,/root/nfs/isca23_dlrm/reproduce_isca23_cpu_DLRM_inference/datasets/reuse_high/table_500K.txt,500000
dataset prod,/root/nfs/isca23_dlrm/reproduce_isca23_cpu_DLRM_inference/datasets/reuse_high/table_500K.txt,500000
dataset prod,/root/nfs/isca23_dlrm/reproduce_isca23_cpu_DLRM_inference/datasets/reuse_high/table_500K.txt,500000
dataset prod,/root/nfs/isca23_dlrm/reproduce_isca23_cpu_DLRM_inference/datasets/reuse_high/table_500K.txt,500000
dataset prod,/root/nfs/isca23_dlrm/reproduce_isca23_cpu_DLRM_inference/datasets/reuse_high/table_500K.txt,500000
dataset prod,/root/nfs/isca23_dlrm/reproduce_isca23_cpu_DLRM_inference/datasets/reuse_high/table_500K.txt,500000
dataset prod,/root/nfs/isca23_dlrm/reproduce_isca23_cpu_DLRM_inference/datasets/reuse_high/table_500K.txt,500000
dataset prod,/root/nfs/isca23_dlrm/reproduce_isca23_cpu_DLRM_inference/datasets/reuse_high/table_500K.txt,500000
dataset prod,/root/nfs/isca23_dlrm/reproduce_isca23_cpu_DLRM_inference/datasets/reuse_high/table_500K.txt,500000
dataset prod,/root/nfs/isca23_dlrm/reproduce_isca23_cpu_DLRM_inference/datasets/reuse_high/table_500K.txt,500000
dataset prod,/root/nfs/isca23_dlrm/reproduce_isca23_cpu_DLRM_inference/datasets/reuse_high/table_500K.txt,500000
dataset prod,/root/nfs/isca23_dlrm/reproduce_isca23_cpu_DLRM_inference/datasets/reuse_high/table_500K.txt,500000
dataset prod,/root/nfs/isca23_dlrm/reproduce_isca23_cpu_DLRM_inference/datasets/reuse_high/table_500K.txt,500000
dataset prod,/root/nfs/isca23_dlrm/reproduce_isca23_cpu_DLRM_inference/datasets/reuse_high/table_500K.txt,500000
dataset prod,/root/nfs/isca23_dlrm/reproduce_isca23_cpu_DLRM_inference/datasets/reuse_high/table_500K.txt,500000
dataset prod,/root/nfs/isca23_dlrm/reproduce_isca23_cpu_DLRM_inference/datasets/reuse_high/table_500K.txt,500000
dataset prod,/root/nfs/isca23_dlrm/reproduce_isca23_cpu_DLRM_inference/datasets/reuse_high/table_500K.txt,500000
dataset prod,/root/nfs/isca23_dlrm/reproduce_isca23_cpu_DLRM_inference/datasets/reuse_high/table_500K.txt,500000
dataset prod,/root/nfs/isca23_dlrm/reproduce_isca23_cpu_DLRM_inference/datasets/reuse_high/table_500K.txt,500000
dataset prod,/root/nfs/isca23_dlrm/reproduce_isca23_cpu_DLRM_inference/datasets/reuse_high/table_500K.txt,500000
dataset prod,/root/nfs/isca23_dlrm/reproduce_isca23_cpu_DLRM_inference/datasets/reuse_high/table_500K.txt,500000
dataset prod,/root/nfs/isca23_dlrm/reproduce_isca23_cpu_DLRM_inference/datasets/reuse_high/table_500K.txt,500000
dataset prod,/root/nfs/isca23_dlrm/reproduce_isca23_cpu_DLRM_inference/datasets/reuse_high/table_500K.txt,500000
dataset prod,/root/nfs/isca23_dlrm/reproduce_isca23_cpu_DLRM_inference/datasets/reuse_high/table_500K.txt,500000
dataset prod,/root/nfs/isca23_dlrm/reproduce_isca23_cpu_DLRM_inference/datasets/reuse_high/table_500K.txt,500000
dataset prod,/root/nfs/isca23_dlrm/reproduce_isca23_cpu_DLRM_inference/datasets/reuse_high/table_500K.txt,500000
dataset prod,/root/nfs/isca23_dlrm/reproduce_isca23_cpu_DLRM_inference/datasets/reuse_high/table_500K.txt,500000
dataset prod,/root/nfs/isca23_dlrm/reproduce_isca23_cpu_DLRM_inference/datasets/reuse_high/table_500K.txt,500000
dataset prod,/root/nfs/isca23_dlrm/reproduce_isca23_cpu_DLRM_inference/datasets/reuse_high/table_500K.txt,500000
dataset prod,/root/nfs/isca23_dlrm/reproduce_isca23_cpu_DLRM_inference/datasets/reuse_high/table_500K.txt,500000
dataset prod,/root/nfs/isca23_dlrm/reproduce_isca23_cpu_DLRM_inference/datasets/reuse_high/table_500K.txt,500000
dataset prod,/root/nfs/isca23_dlrm/reproduce_isca23_cpu_DLRM_inference/datasets/reuse_high/table_500K.txt,500000
dataset prod,/root/nfs/isca23_dlrm/reproduce_isca23_cpu_DLRM_inference/datasets/reuse_high/table_500K.txt,500000
dataset prod,/root/nfs/isca23_dlrm/reproduce_isca23_cpu_DLRM_inference/datasets/reuse_high/table_500K.txt,500000
dataset prod,/root/nfs/isca23_dlrm/reproduce_isca23_cpu_DLRM_inference/datasets/reuse_high/table_500K.txt,500000
dataset prod,/root/nfs/isca23_dlrm/reproduce_isca23_cpu_DLRM_inference/datasets/reuse_high/table_500K.txt,500000
dataset prod,/root/nfs/isca23_dlrm/reproduce_isca23_cpu_DLRM_inference/datasets/reuse_high/table_500K.txt,500000
dataset prod,/root/nfs/isca23_dlrm/reproduce_isca23_cpu_DLRM_inference/datasets/reuse_high/table_500K.txt,500000
dataset prod,/root/nfs/isca23_dlrm/reproduce_isca23_cpu_DLRM_inference/datasets/reuse_high/table_500K.txt,500000
dataset prod,/root/nfs/isca23_dlrm/reproduce_isca23_cpu_DLRM_inference/datasets/reuse_high/table_500K.txt,500000
dataset prod,/root/nfs/isca23_dlrm/reproduce_isca23_cpu_DLRM_inference/datasets/reuse_high/table_500K.txt,500000
dataset prod,/root/nfs/isca23_dlrm/reproduce_isca23_cpu_DLRM_inference/datasets/reuse_high/table_500K.txt,500000
dataset prod,/root/nfs/isca23_dlrm/reproduce_isca23_cpu_DLRM_inference/datasets/reuse_high/table_500K.txt,500000
dataset prod,/root/nfs/isca23_dlrm/reproduce_isca23_cpu_DLRM_inference/datasets/reuse_high/table_500K.txt,500000
dataset prod,/root/nfs/isca23_dlrm/reproduce_isca23_cpu_DLRM_inference/datasets/reuse_high/table_500K.txt,500000
dataset prod,/root/nfs/isca23_dlrm/reproduce_isca23_cpu_DLRM_inference/datasets/reuse_high/table_500K.txt,500000
dataset prod,/root/nfs/isca23_dlrm/reproduce_isca23_cpu_DLRM_inference/datasets/reuse_high/table_500K.txt,500000
dataset prod,/root/nfs/isca23_dlrm/reproduce_isca23_cpu_DLRM_inference/datasets/reuse_high/table_500K.txt,500000
dataset prod,/root/nfs/isca23_dlrm/reproduce_isca23_cpu_DLRM_inference/datasets/reuse_high/table_500K.txt,500000
dataset prod,/root/nfs/isca23_dlrm/reproduce_isca23_cpu_DLRM_inference/datasets/reuse_high/table_500K.txt,500000
dataset prod,/root/nfs/isca23_dlrm/reproduce_isca23_cpu_DLRM_inference/datasets/reuse_high/table_500K.txt,500000
dataset prod,/root/nfs/isca23_dlrm/reproduce_isca23_cpu_DLRM_inference/datasets/reuse_high/table_500K.txt,500000
dataset prod,/root/nfs/isca23_dlrm/reproduce_isca23_cpu_DLRM_inference/datasets/reuse_high/table_500K.txt,500000
dataset prod,/root/nfs/isca23_dlrm/reproduce_isca23_cpu_DLRM_inference/datasets/reuse_high/table_500K.txt,500000
dataset prod,/root/nfs/isca23_dlrm/reproduce_isca23_cpu_DLRM_inference/datasets/reuse_high/table_500K.txt,500000
dataset prod,/root/nfs/isca23_dlrm/reproduce_isca23_cpu_DLRM_inference/datasets/reuse_high/table_500K.txt,500000
dataset prod,/root/nfs/isca23_dlrm/reproduce_isca23_cpu_DLRM_inference/datasets/reuse_high/table_500K.txt,500000
dataset prod,/root/nfs/isca23_dlrm/reproduce_isca23_cpu_DLRM_inference/datasets/reuse_high/table_500K.txt,500000
dataset prod,/root/nfs/isca23_dlrm/reproduce_isca23_cpu_DLRM_inference/datasets/reuse_high/table_500K.txt,500000
dataset prod,/root/nfs/isca23_dlrm/reproduce_isca23_cpu_DLRM_inference/datasets/reuse_high/table_500K.txt,500000
dataset prod,/root/nfs/isca23_dlrm/reproduce_isca23_cpu_DLRM_inference/datasets/reuse_high/table_500K.txt,500000
dataset prod,/root/nfs/isca23_dlrm/reproduce_isca23_cpu_DLRM_inference/datasets/reuse_high/table_500K.txt,500000
dataset prod,/root/nfs/isca23_dlrm/reproduce_isca23_cpu_DLRM_inference/datasets/reuse_high/table_500K.txt,500000
dataset prod,/root/nfs/isca23_dlrm/reproduce_isca23_cpu_DLRM_inference/datasets/reuse_high/table_500K.txt,500000
dataset prod,/root/nfs/isca23_dlrm/reproduce_isca23_cpu_DLRM_inference/datasets/reuse_high/table_500K.txt,500000
dataset prod,/root/nfs/isca23_dlrm/reproduce_isca23_cpu_DLRM_inference/datasets/reuse_high/table_500K.txt,500000
dataset prod,/root/nfs/isca23_dlrm/reproduce_isca23_cpu_DLRM_inference/datasets/reuse_high/table_500K.txt,500000
dataset prod,/root/nfs/isca23_dlrm/reproduce_isca23_cpu_DLRM_inference/datasets/reuse_high/table_500K.txt,500000
dataset prod,/root/nfs/isca23_dlrm/reproduce_isca23_cpu_DLRM_inference/datasets/reuse_high/table_500K.txt,500000
dataset prod,/root/nfs/isca23_dlrm/reproduce_isca23_cpu_DLRM_inference/datasets/reuse_high/table_500K.txt,500000
dataset prod,/root/nfs/isca23_dlrm/reproduce_isca23_cpu_DLRM_inference/datasets/reuse_high/table_500K.txt,500000
dataset prod,/root/nfs/isca23_dlrm/reproduce_isca23_cpu_DLRM_inference/datasets/reuse_high/table_500K.txt,500000
dataset prod,/root/nfs/isca23_dlrm/reproduce_isca23_cpu_DLRM_inference/datasets/reuse_high/table_500K.txt,500000
dataset prod,/root/nfs/isca23_dlrm/reproduce_isca23_cpu_DLRM_inference/datasets/reuse_high/table_500K.txt,500000
dataset prod,/root/nfs/isca23_dlrm/reproduce_isca23_cpu_DLRM_inference/datasets/reuse_high/table_500K.txt,500000
dataset prod,/root/nfs/isca23_dlrm/reproduce_isca23_cpu_DLRM_inference/datasets/reuse_high/table_500K.txt,500000
Average latency per example: 21.194ms
Total number of iterations: 120
Total number of iterations per second (across all threads): 1132.39
Total time: 105.970ms
Throughput: 72473.204 fps
